[2023-12-13T07:34:35.812+0000] {processor.py:157} INFO - Started process (PID=18790) to work on /opt/airflow/dags/dag_w_postgres_operator.py
[2023-12-13T07:34:35.813+0000] {processor.py:829} INFO - Processing file /opt/airflow/dags/dag_w_postgres_operator.py for tasks to queue
[2023-12-13T07:34:35.813+0000] {logging_mixin.py:154} INFO - [2023-12-13T07:34:35.813+0000] {dagbag.py:536} INFO - Filling up the DagBag from /opt/airflow/dags/dag_w_postgres_operator.py
[2023-12-13T07:34:35.821+0000] {processor.py:839} INFO - DAG(s) dict_keys(['dag_with_postgres_operator']) retrieved from /opt/airflow/dags/dag_w_postgres_operator.py
[2023-12-13T07:34:35.984+0000] {logging_mixin.py:154} INFO - [2023-12-13T07:34:35.983+0000] {manager.py:499} INFO - Created Permission View: %s
[2023-12-13T07:34:36.011+0000] {logging_mixin.py:154} INFO - [2023-12-13T07:34:36.011+0000] {manager.py:499} INFO - Created Permission View: %s
[2023-12-13T07:34:36.022+0000] {logging_mixin.py:154} INFO - [2023-12-13T07:34:36.021+0000] {manager.py:499} INFO - Created Permission View: %s
[2023-12-13T07:34:36.022+0000] {logging_mixin.py:154} INFO - [2023-12-13T07:34:36.022+0000] {dag.py:2941} INFO - Sync 1 DAGs
[2023-12-13T07:34:36.034+0000] {logging_mixin.py:154} INFO - [2023-12-13T07:34:36.034+0000] {dag.py:2963} INFO - Creating ORM DAG for dag_with_postgres_operator
[2023-12-13T07:34:36.044+0000] {logging_mixin.py:154} INFO - [2023-12-13T07:34:36.044+0000] {dag.py:3722} INFO - Setting next_dagrun for dag_with_postgres_operator to 2023-12-01T00:00:00+00:00, run_after=2023-12-02T00:00:00+00:00
[2023-12-13T07:34:36.059+0000] {processor.py:179} INFO - Processing /opt/airflow/dags/dag_w_postgres_operator.py took 0.250 seconds
[2023-12-13T07:35:06.258+0000] {processor.py:157} INFO - Started process (PID=18827) to work on /opt/airflow/dags/dag_w_postgres_operator.py
[2023-12-13T07:35:06.260+0000] {processor.py:829} INFO - Processing file /opt/airflow/dags/dag_w_postgres_operator.py for tasks to queue
[2023-12-13T07:35:06.261+0000] {logging_mixin.py:154} INFO - [2023-12-13T07:35:06.260+0000] {dagbag.py:536} INFO - Filling up the DagBag from /opt/airflow/dags/dag_w_postgres_operator.py
[2023-12-13T07:35:06.271+0000] {processor.py:839} INFO - DAG(s) dict_keys(['dag_with_postgres_operator']) retrieved from /opt/airflow/dags/dag_w_postgres_operator.py
[2023-12-13T07:35:06.294+0000] {logging_mixin.py:154} INFO - [2023-12-13T07:35:06.294+0000] {dag.py:2941} INFO - Sync 1 DAGs
[2023-12-13T07:35:06.317+0000] {logging_mixin.py:154} INFO - [2023-12-13T07:35:06.317+0000] {dag.py:3722} INFO - Setting next_dagrun for dag_with_postgres_operator to 2023-12-01T00:00:00+00:00, run_after=2023-12-02T00:00:00+00:00
[2023-12-13T07:35:06.336+0000] {processor.py:179} INFO - Processing /opt/airflow/dags/dag_w_postgres_operator.py took 0.083 seconds
[2023-12-13T07:35:10.539+0000] {processor.py:157} INFO - Started process (PID=18855) to work on /opt/airflow/dags/dag_w_postgres_operator.py
[2023-12-13T07:35:10.539+0000] {processor.py:829} INFO - Processing file /opt/airflow/dags/dag_w_postgres_operator.py for tasks to queue
[2023-12-13T07:35:10.540+0000] {logging_mixin.py:154} INFO - [2023-12-13T07:35:10.540+0000] {dagbag.py:536} INFO - Filling up the DagBag from /opt/airflow/dags/dag_w_postgres_operator.py
[2023-12-13T07:35:10.549+0000] {processor.py:839} INFO - DAG(s) dict_keys(['dag_with_postgres_operator_v1']) retrieved from /opt/airflow/dags/dag_w_postgres_operator.py
[2023-12-13T07:35:10.649+0000] {logging_mixin.py:154} INFO - [2023-12-13T07:35:10.649+0000] {manager.py:499} INFO - Created Permission View: %s
[2023-12-13T07:35:10.659+0000] {logging_mixin.py:154} INFO - [2023-12-13T07:35:10.659+0000] {manager.py:499} INFO - Created Permission View: %s
[2023-12-13T07:35:10.665+0000] {logging_mixin.py:154} INFO - [2023-12-13T07:35:10.665+0000] {manager.py:499} INFO - Created Permission View: %s
[2023-12-13T07:35:10.665+0000] {logging_mixin.py:154} INFO - [2023-12-13T07:35:10.665+0000] {dag.py:2941} INFO - Sync 1 DAGs
[2023-12-13T07:35:10.677+0000] {logging_mixin.py:154} INFO - [2023-12-13T07:35:10.676+0000] {dag.py:2963} INFO - Creating ORM DAG for dag_with_postgres_operator_v1
[2023-12-13T07:35:11.228+0000] {logging_mixin.py:154} INFO - [2023-12-13T07:35:11.227+0000] {dag.py:3722} INFO - Setting next_dagrun for dag_with_postgres_operator_v1 to 2022-12-01T00:00:00+00:00, run_after=2022-12-02T00:00:00+00:00
[2023-12-13T07:35:11.245+0000] {processor.py:179} INFO - Processing /opt/airflow/dags/dag_w_postgres_operator.py took 0.709 seconds
[2023-12-13T07:35:41.825+0000] {processor.py:157} INFO - Started process (PID=18904) to work on /opt/airflow/dags/dag_w_postgres_operator.py
[2023-12-13T07:35:41.826+0000] {processor.py:829} INFO - Processing file /opt/airflow/dags/dag_w_postgres_operator.py for tasks to queue
[2023-12-13T07:35:41.827+0000] {logging_mixin.py:154} INFO - [2023-12-13T07:35:41.827+0000] {dagbag.py:536} INFO - Filling up the DagBag from /opt/airflow/dags/dag_w_postgres_operator.py
[2023-12-13T07:35:41.838+0000] {processor.py:839} INFO - DAG(s) dict_keys(['dag_with_postgres_operator_v1']) retrieved from /opt/airflow/dags/dag_w_postgres_operator.py
[2023-12-13T07:35:41.864+0000] {logging_mixin.py:154} INFO - [2023-12-13T07:35:41.864+0000] {dag.py:2941} INFO - Sync 1 DAGs
[2023-12-13T07:35:41.897+0000] {logging_mixin.py:154} INFO - [2023-12-13T07:35:41.897+0000] {dag.py:3722} INFO - Setting next_dagrun for dag_with_postgres_operator_v1 to 2022-12-01T00:00:00+00:00, run_after=2022-12-02T00:00:00+00:00
[2023-12-13T07:35:41.919+0000] {processor.py:179} INFO - Processing /opt/airflow/dags/dag_w_postgres_operator.py took 0.097 seconds
[2023-12-13T07:36:12.268+0000] {processor.py:157} INFO - Started process (PID=18944) to work on /opt/airflow/dags/dag_w_postgres_operator.py
[2023-12-13T07:36:12.270+0000] {processor.py:829} INFO - Processing file /opt/airflow/dags/dag_w_postgres_operator.py for tasks to queue
[2023-12-13T07:36:12.272+0000] {logging_mixin.py:154} INFO - [2023-12-13T07:36:12.271+0000] {dagbag.py:536} INFO - Filling up the DagBag from /opt/airflow/dags/dag_w_postgres_operator.py
[2023-12-13T07:36:12.291+0000] {processor.py:839} INFO - DAG(s) dict_keys(['dag_with_postgres_operator_v1']) retrieved from /opt/airflow/dags/dag_w_postgres_operator.py
[2023-12-13T07:36:12.341+0000] {logging_mixin.py:154} INFO - [2023-12-13T07:36:12.341+0000] {dag.py:2941} INFO - Sync 1 DAGs
[2023-12-13T07:36:12.377+0000] {logging_mixin.py:154} INFO - [2023-12-13T07:36:12.376+0000] {dag.py:3722} INFO - Setting next_dagrun for dag_with_postgres_operator_v1 to 2022-12-01T00:00:00+00:00, run_after=2022-12-02T00:00:00+00:00
[2023-12-13T07:36:12.398+0000] {processor.py:179} INFO - Processing /opt/airflow/dags/dag_w_postgres_operator.py took 0.135 seconds
[2023-12-13T07:36:42.874+0000] {processor.py:157} INFO - Started process (PID=18980) to work on /opt/airflow/dags/dag_w_postgres_operator.py
[2023-12-13T07:36:42.876+0000] {processor.py:829} INFO - Processing file /opt/airflow/dags/dag_w_postgres_operator.py for tasks to queue
[2023-12-13T07:36:42.877+0000] {logging_mixin.py:154} INFO - [2023-12-13T07:36:42.877+0000] {dagbag.py:536} INFO - Filling up the DagBag from /opt/airflow/dags/dag_w_postgres_operator.py
[2023-12-13T07:36:42.891+0000] {processor.py:839} INFO - DAG(s) dict_keys(['dag_with_postgres_operator_v1']) retrieved from /opt/airflow/dags/dag_w_postgres_operator.py
[2023-12-13T07:36:42.914+0000] {logging_mixin.py:154} INFO - [2023-12-13T07:36:42.914+0000] {dag.py:2941} INFO - Sync 1 DAGs
[2023-12-13T07:36:42.936+0000] {logging_mixin.py:154} INFO - [2023-12-13T07:36:42.935+0000] {dag.py:3722} INFO - Setting next_dagrun for dag_with_postgres_operator_v1 to 2022-12-01T00:00:00+00:00, run_after=2022-12-02T00:00:00+00:00
[2023-12-13T07:36:42.951+0000] {processor.py:179} INFO - Processing /opt/airflow/dags/dag_w_postgres_operator.py took 0.082 seconds
[2023-12-13T07:37:13.355+0000] {processor.py:157} INFO - Started process (PID=19049) to work on /opt/airflow/dags/dag_w_postgres_operator.py
[2023-12-13T07:37:13.355+0000] {processor.py:829} INFO - Processing file /opt/airflow/dags/dag_w_postgres_operator.py for tasks to queue
[2023-12-13T07:37:13.356+0000] {logging_mixin.py:154} INFO - [2023-12-13T07:37:13.356+0000] {dagbag.py:536} INFO - Filling up the DagBag from /opt/airflow/dags/dag_w_postgres_operator.py
[2023-12-13T07:37:13.368+0000] {processor.py:839} INFO - DAG(s) dict_keys(['dag_with_postgres_operator_v1']) retrieved from /opt/airflow/dags/dag_w_postgres_operator.py
[2023-12-13T07:37:13.390+0000] {logging_mixin.py:154} INFO - [2023-12-13T07:37:13.389+0000] {dag.py:2941} INFO - Sync 1 DAGs
[2023-12-13T07:37:13.426+0000] {processor.py:179} INFO - Processing /opt/airflow/dags/dag_w_postgres_operator.py took 0.075 seconds
[2023-12-13T07:37:43.985+0000] {processor.py:157} INFO - Started process (PID=19086) to work on /opt/airflow/dags/dag_w_postgres_operator.py
[2023-12-13T07:37:43.986+0000] {processor.py:829} INFO - Processing file /opt/airflow/dags/dag_w_postgres_operator.py for tasks to queue
[2023-12-13T07:37:43.987+0000] {logging_mixin.py:154} INFO - [2023-12-13T07:37:43.987+0000] {dagbag.py:536} INFO - Filling up the DagBag from /opt/airflow/dags/dag_w_postgres_operator.py
[2023-12-13T07:37:43.996+0000] {processor.py:839} INFO - DAG(s) dict_keys(['dag_with_postgres_operator_v1']) retrieved from /opt/airflow/dags/dag_w_postgres_operator.py
[2023-12-13T07:37:44.018+0000] {logging_mixin.py:154} INFO - [2023-12-13T07:37:44.018+0000] {dag.py:2941} INFO - Sync 1 DAGs
[2023-12-13T07:37:44.056+0000] {processor.py:179} INFO - Processing /opt/airflow/dags/dag_w_postgres_operator.py took 0.074 seconds
[2023-12-13T07:38:14.537+0000] {processor.py:157} INFO - Started process (PID=19123) to work on /opt/airflow/dags/dag_w_postgres_operator.py
[2023-12-13T07:38:14.538+0000] {processor.py:829} INFO - Processing file /opt/airflow/dags/dag_w_postgres_operator.py for tasks to queue
[2023-12-13T07:38:14.539+0000] {logging_mixin.py:154} INFO - [2023-12-13T07:38:14.538+0000] {dagbag.py:536} INFO - Filling up the DagBag from /opt/airflow/dags/dag_w_postgres_operator.py
[2023-12-13T07:38:14.552+0000] {processor.py:839} INFO - DAG(s) dict_keys(['dag_with_postgres_operator_v1']) retrieved from /opt/airflow/dags/dag_w_postgres_operator.py
[2023-12-13T07:38:14.586+0000] {logging_mixin.py:154} INFO - [2023-12-13T07:38:14.586+0000] {dag.py:2941} INFO - Sync 1 DAGs
[2023-12-13T07:38:14.795+0000] {processor.py:179} INFO - Processing /opt/airflow/dags/dag_w_postgres_operator.py took 0.262 seconds
[2023-12-13T07:38:45.459+0000] {processor.py:157} INFO - Started process (PID=19160) to work on /opt/airflow/dags/dag_w_postgres_operator.py
[2023-12-13T07:38:45.460+0000] {processor.py:829} INFO - Processing file /opt/airflow/dags/dag_w_postgres_operator.py for tasks to queue
[2023-12-13T07:38:45.461+0000] {logging_mixin.py:154} INFO - [2023-12-13T07:38:45.460+0000] {dagbag.py:536} INFO - Filling up the DagBag from /opt/airflow/dags/dag_w_postgres_operator.py
[2023-12-13T07:38:45.474+0000] {processor.py:839} INFO - DAG(s) dict_keys(['dag_with_postgres_operator_v1']) retrieved from /opt/airflow/dags/dag_w_postgres_operator.py
[2023-12-13T07:38:45.506+0000] {logging_mixin.py:154} INFO - [2023-12-13T07:38:45.506+0000] {dag.py:2941} INFO - Sync 1 DAGs
[2023-12-13T07:38:45.565+0000] {processor.py:179} INFO - Processing /opt/airflow/dags/dag_w_postgres_operator.py took 0.109 seconds
[2023-12-13T07:39:16.081+0000] {processor.py:157} INFO - Started process (PID=19229) to work on /opt/airflow/dags/dag_w_postgres_operator.py
[2023-12-13T07:39:16.082+0000] {processor.py:829} INFO - Processing file /opt/airflow/dags/dag_w_postgres_operator.py for tasks to queue
[2023-12-13T07:39:16.084+0000] {logging_mixin.py:154} INFO - [2023-12-13T07:39:16.083+0000] {dagbag.py:536} INFO - Filling up the DagBag from /opt/airflow/dags/dag_w_postgres_operator.py
[2023-12-13T07:39:16.099+0000] {processor.py:839} INFO - DAG(s) dict_keys(['dag_with_postgres_operator_v1']) retrieved from /opt/airflow/dags/dag_w_postgres_operator.py
[2023-12-13T07:39:16.123+0000] {logging_mixin.py:154} INFO - [2023-12-13T07:39:16.123+0000] {dag.py:2941} INFO - Sync 1 DAGs
[2023-12-13T07:39:16.174+0000] {processor.py:179} INFO - Processing /opt/airflow/dags/dag_w_postgres_operator.py took 0.099 seconds
[2023-12-13T07:39:46.493+0000] {processor.py:157} INFO - Started process (PID=19267) to work on /opt/airflow/dags/dag_w_postgres_operator.py
[2023-12-13T07:39:46.495+0000] {processor.py:829} INFO - Processing file /opt/airflow/dags/dag_w_postgres_operator.py for tasks to queue
[2023-12-13T07:39:46.498+0000] {logging_mixin.py:154} INFO - [2023-12-13T07:39:46.497+0000] {dagbag.py:536} INFO - Filling up the DagBag from /opt/airflow/dags/dag_w_postgres_operator.py
[2023-12-13T07:39:46.526+0000] {processor.py:839} INFO - DAG(s) dict_keys(['dag_with_postgres_operator_v1']) retrieved from /opt/airflow/dags/dag_w_postgres_operator.py
[2023-12-13T07:39:46.556+0000] {logging_mixin.py:154} INFO - [2023-12-13T07:39:46.555+0000] {dag.py:2941} INFO - Sync 1 DAGs
[2023-12-13T07:39:46.594+0000] {processor.py:179} INFO - Processing /opt/airflow/dags/dag_w_postgres_operator.py took 0.103 seconds
[2023-12-13T07:40:17.031+0000] {processor.py:157} INFO - Started process (PID=19304) to work on /opt/airflow/dags/dag_w_postgres_operator.py
[2023-12-13T07:40:17.031+0000] {processor.py:829} INFO - Processing file /opt/airflow/dags/dag_w_postgres_operator.py for tasks to queue
[2023-12-13T07:40:17.032+0000] {logging_mixin.py:154} INFO - [2023-12-13T07:40:17.032+0000] {dagbag.py:536} INFO - Filling up the DagBag from /opt/airflow/dags/dag_w_postgres_operator.py
[2023-12-13T07:40:17.043+0000] {processor.py:839} INFO - DAG(s) dict_keys(['dag_with_postgres_operator_v1']) retrieved from /opt/airflow/dags/dag_w_postgres_operator.py
[2023-12-13T07:40:17.069+0000] {logging_mixin.py:154} INFO - [2023-12-13T07:40:17.069+0000] {dag.py:2941} INFO - Sync 1 DAGs
[2023-12-13T07:40:17.107+0000] {processor.py:179} INFO - Processing /opt/airflow/dags/dag_w_postgres_operator.py took 0.079 seconds
[2023-12-13T07:41:28.755+0000] {processor.py:157} INFO - Started process (PID=214) to work on /opt/airflow/dags/dag_w_postgres_operator.py
[2023-12-13T07:41:28.756+0000] {processor.py:829} INFO - Processing file /opt/airflow/dags/dag_w_postgres_operator.py for tasks to queue
[2023-12-13T07:41:28.757+0000] {logging_mixin.py:154} INFO - [2023-12-13T07:41:28.757+0000] {dagbag.py:536} INFO - Filling up the DagBag from /opt/airflow/dags/dag_w_postgres_operator.py
[2023-12-13T07:41:28.770+0000] {processor.py:839} INFO - DAG(s) dict_keys(['dag_with_postgres_operator_v1']) retrieved from /opt/airflow/dags/dag_w_postgres_operator.py
[2023-12-13T07:41:28.814+0000] {logging_mixin.py:154} INFO - [2023-12-13T07:41:28.814+0000] {dag.py:2941} INFO - Sync 1 DAGs
[2023-12-13T07:41:28.936+0000] {processor.py:179} INFO - Processing /opt/airflow/dags/dag_w_postgres_operator.py took 0.184 seconds
[2023-12-13T07:41:59.024+0000] {processor.py:157} INFO - Started process (PID=284) to work on /opt/airflow/dags/dag_w_postgres_operator.py
[2023-12-13T07:41:59.025+0000] {processor.py:829} INFO - Processing file /opt/airflow/dags/dag_w_postgres_operator.py for tasks to queue
[2023-12-13T07:41:59.026+0000] {logging_mixin.py:154} INFO - [2023-12-13T07:41:59.026+0000] {dagbag.py:536} INFO - Filling up the DagBag from /opt/airflow/dags/dag_w_postgres_operator.py
[2023-12-13T07:41:59.039+0000] {processor.py:839} INFO - DAG(s) dict_keys(['dag_with_postgres_operator_v1']) retrieved from /opt/airflow/dags/dag_w_postgres_operator.py
[2023-12-13T07:41:59.073+0000] {logging_mixin.py:154} INFO - [2023-12-13T07:41:59.073+0000] {dag.py:2941} INFO - Sync 1 DAGs
[2023-12-13T07:41:59.128+0000] {processor.py:179} INFO - Processing /opt/airflow/dags/dag_w_postgres_operator.py took 0.107 seconds
[2023-12-13T07:42:29.576+0000] {processor.py:157} INFO - Started process (PID=321) to work on /opt/airflow/dags/dag_w_postgres_operator.py
[2023-12-13T07:42:29.579+0000] {processor.py:829} INFO - Processing file /opt/airflow/dags/dag_w_postgres_operator.py for tasks to queue
[2023-12-13T07:42:29.580+0000] {logging_mixin.py:154} INFO - [2023-12-13T07:42:29.580+0000] {dagbag.py:536} INFO - Filling up the DagBag from /opt/airflow/dags/dag_w_postgres_operator.py
[2023-12-13T07:42:29.595+0000] {processor.py:839} INFO - DAG(s) dict_keys(['dag_with_postgres_operator_v1']) retrieved from /opt/airflow/dags/dag_w_postgres_operator.py
[2023-12-13T07:42:29.618+0000] {logging_mixin.py:154} INFO - [2023-12-13T07:42:29.618+0000] {dag.py:2941} INFO - Sync 1 DAGs
[2023-12-13T07:42:29.656+0000] {processor.py:179} INFO - Processing /opt/airflow/dags/dag_w_postgres_operator.py took 0.084 seconds
[2023-12-13T07:43:00.046+0000] {processor.py:157} INFO - Started process (PID=362) to work on /opt/airflow/dags/dag_w_postgres_operator.py
[2023-12-13T07:43:00.047+0000] {processor.py:829} INFO - Processing file /opt/airflow/dags/dag_w_postgres_operator.py for tasks to queue
[2023-12-13T07:43:00.049+0000] {logging_mixin.py:154} INFO - [2023-12-13T07:43:00.048+0000] {dagbag.py:536} INFO - Filling up the DagBag from /opt/airflow/dags/dag_w_postgres_operator.py
[2023-12-13T07:43:00.064+0000] {processor.py:839} INFO - DAG(s) dict_keys(['dag_with_postgres_operator_v1']) retrieved from /opt/airflow/dags/dag_w_postgres_operator.py
[2023-12-13T07:43:00.088+0000] {logging_mixin.py:154} INFO - [2023-12-13T07:43:00.088+0000] {dag.py:2941} INFO - Sync 1 DAGs
[2023-12-13T07:43:00.109+0000] {logging_mixin.py:154} INFO - [2023-12-13T07:43:00.109+0000] {dag.py:3722} INFO - Setting next_dagrun for dag_with_postgres_operator_v1 to 2022-12-17T00:00:00+00:00, run_after=2022-12-18T00:00:00+00:00
[2023-12-13T07:43:00.126+0000] {processor.py:179} INFO - Processing /opt/airflow/dags/dag_w_postgres_operator.py took 0.083 seconds
[2023-12-13T07:43:30.499+0000] {processor.py:157} INFO - Started process (PID=425) to work on /opt/airflow/dags/dag_w_postgres_operator.py
[2023-12-13T07:43:30.500+0000] {processor.py:829} INFO - Processing file /opt/airflow/dags/dag_w_postgres_operator.py for tasks to queue
[2023-12-13T07:43:30.501+0000] {logging_mixin.py:154} INFO - [2023-12-13T07:43:30.501+0000] {dagbag.py:536} INFO - Filling up the DagBag from /opt/airflow/dags/dag_w_postgres_operator.py
[2023-12-13T07:43:30.509+0000] {processor.py:839} INFO - DAG(s) dict_keys(['dag_with_postgres_operator_v1']) retrieved from /opt/airflow/dags/dag_w_postgres_operator.py
[2023-12-13T07:43:30.530+0000] {logging_mixin.py:154} INFO - [2023-12-13T07:43:30.530+0000] {dag.py:2941} INFO - Sync 1 DAGs
[2023-12-13T07:43:30.551+0000] {logging_mixin.py:154} INFO - [2023-12-13T07:43:30.551+0000] {dag.py:3722} INFO - Setting next_dagrun for dag_with_postgres_operator_v1 to 2022-12-30T00:00:00+00:00, run_after=2022-12-31T00:00:00+00:00
[2023-12-13T07:43:30.567+0000] {processor.py:179} INFO - Processing /opt/airflow/dags/dag_w_postgres_operator.py took 0.071 seconds
[2023-12-13T07:44:00.997+0000] {processor.py:157} INFO - Started process (PID=556) to work on /opt/airflow/dags/dag_w_postgres_operator.py
[2023-12-13T07:44:00.998+0000] {processor.py:829} INFO - Processing file /opt/airflow/dags/dag_w_postgres_operator.py for tasks to queue
[2023-12-13T07:44:00.998+0000] {logging_mixin.py:154} INFO - [2023-12-13T07:44:00.998+0000] {dagbag.py:536} INFO - Filling up the DagBag from /opt/airflow/dags/dag_w_postgres_operator.py
[2023-12-13T07:44:01.007+0000] {processor.py:839} INFO - DAG(s) dict_keys(['dag_with_postgres_operator_v1']) retrieved from /opt/airflow/dags/dag_w_postgres_operator.py
[2023-12-13T07:44:01.032+0000] {logging_mixin.py:154} INFO - [2023-12-13T07:44:01.032+0000] {dag.py:2941} INFO - Sync 1 DAGs
[2023-12-13T07:44:01.056+0000] {logging_mixin.py:154} INFO - [2023-12-13T07:44:01.056+0000] {dag.py:3722} INFO - Setting next_dagrun for dag_with_postgres_operator_v1 to 2023-01-31T00:00:00+00:00, run_after=2023-02-01T00:00:00+00:00
[2023-12-13T07:44:01.074+0000] {processor.py:179} INFO - Processing /opt/airflow/dags/dag_w_postgres_operator.py took 0.079 seconds
[2023-12-13T07:44:31.464+0000] {processor.py:157} INFO - Started process (PID=727) to work on /opt/airflow/dags/dag_w_postgres_operator.py
[2023-12-13T07:44:31.465+0000] {processor.py:829} INFO - Processing file /opt/airflow/dags/dag_w_postgres_operator.py for tasks to queue
[2023-12-13T07:44:31.467+0000] {logging_mixin.py:154} INFO - [2023-12-13T07:44:31.466+0000] {dagbag.py:536} INFO - Filling up the DagBag from /opt/airflow/dags/dag_w_postgres_operator.py
[2023-12-13T07:44:31.478+0000] {processor.py:839} INFO - DAG(s) dict_keys(['dag_with_postgres_operator_v1']) retrieved from /opt/airflow/dags/dag_w_postgres_operator.py
[2023-12-13T07:44:31.501+0000] {logging_mixin.py:154} INFO - [2023-12-13T07:44:31.501+0000] {dag.py:2941} INFO - Sync 1 DAGs
[2023-12-13T07:44:31.536+0000] {logging_mixin.py:154} INFO - [2023-12-13T07:44:31.536+0000] {dag.py:3722} INFO - Setting next_dagrun for dag_with_postgres_operator_v1 to 2023-04-09T00:00:00+00:00, run_after=2023-04-10T00:00:00+00:00
[2023-12-13T07:44:31.562+0000] {processor.py:179} INFO - Processing /opt/airflow/dags/dag_w_postgres_operator.py took 0.105 seconds
[2023-12-13T07:45:01.910+0000] {processor.py:157} INFO - Started process (PID=919) to work on /opt/airflow/dags/dag_w_postgres_operator.py
[2023-12-13T07:45:01.911+0000] {processor.py:829} INFO - Processing file /opt/airflow/dags/dag_w_postgres_operator.py for tasks to queue
[2023-12-13T07:45:01.912+0000] {logging_mixin.py:154} INFO - [2023-12-13T07:45:01.911+0000] {dagbag.py:536} INFO - Filling up the DagBag from /opt/airflow/dags/dag_w_postgres_operator.py
[2023-12-13T07:45:01.924+0000] {processor.py:839} INFO - DAG(s) dict_keys(['dag_with_postgres_operator_v1']) retrieved from /opt/airflow/dags/dag_w_postgres_operator.py
[2023-12-13T07:45:01.951+0000] {logging_mixin.py:154} INFO - [2023-12-13T07:45:01.950+0000] {dag.py:2941} INFO - Sync 1 DAGs
[2023-12-13T07:45:01.978+0000] {logging_mixin.py:154} INFO - [2023-12-13T07:45:01.977+0000] {dag.py:3722} INFO - Setting next_dagrun for dag_with_postgres_operator_v1 to 2023-06-27T00:00:00+00:00, run_after=2023-06-28T00:00:00+00:00
[2023-12-13T07:45:01.998+0000] {processor.py:179} INFO - Processing /opt/airflow/dags/dag_w_postgres_operator.py took 0.092 seconds
[2023-12-13T07:45:32.319+0000] {processor.py:157} INFO - Started process (PID=1107) to work on /opt/airflow/dags/dag_w_postgres_operator.py
[2023-12-13T07:45:32.320+0000] {processor.py:829} INFO - Processing file /opt/airflow/dags/dag_w_postgres_operator.py for tasks to queue
[2023-12-13T07:45:32.321+0000] {logging_mixin.py:154} INFO - [2023-12-13T07:45:32.320+0000] {dagbag.py:536} INFO - Filling up the DagBag from /opt/airflow/dags/dag_w_postgres_operator.py
[2023-12-13T07:45:32.332+0000] {processor.py:839} INFO - DAG(s) dict_keys(['dag_with_postgres_operator_v1']) retrieved from /opt/airflow/dags/dag_w_postgres_operator.py
[2023-12-13T07:45:32.361+0000] {logging_mixin.py:154} INFO - [2023-12-13T07:45:32.361+0000] {dag.py:2941} INFO - Sync 1 DAGs
[2023-12-13T07:45:32.386+0000] {logging_mixin.py:154} INFO - [2023-12-13T07:45:32.386+0000] {dag.py:3722} INFO - Setting next_dagrun for dag_with_postgres_operator_v1 to 2023-09-08T00:00:00+00:00, run_after=2023-09-09T00:00:00+00:00
[2023-12-13T07:45:32.405+0000] {processor.py:179} INFO - Processing /opt/airflow/dags/dag_w_postgres_operator.py took 0.090 seconds
[2023-12-13T07:46:02.720+0000] {processor.py:157} INFO - Started process (PID=1207) to work on /opt/airflow/dags/dag_w_postgres_operator.py
[2023-12-13T07:46:02.722+0000] {processor.py:829} INFO - Processing file /opt/airflow/dags/dag_w_postgres_operator.py for tasks to queue
[2023-12-13T07:46:02.723+0000] {logging_mixin.py:154} INFO - [2023-12-13T07:46:02.723+0000] {dagbag.py:536} INFO - Filling up the DagBag from /opt/airflow/dags/dag_w_postgres_operator.py
[2023-12-13T07:46:02.743+0000] {processor.py:839} INFO - DAG(s) dict_keys(['dag_with_postgres_operator_v1']) retrieved from /opt/airflow/dags/dag_w_postgres_operator.py
[2023-12-13T07:46:02.788+0000] {logging_mixin.py:154} INFO - [2023-12-13T07:46:02.788+0000] {dag.py:2941} INFO - Sync 1 DAGs
[2023-12-13T07:46:02.833+0000] {logging_mixin.py:154} INFO - [2023-12-13T07:46:02.833+0000] {dag.py:3722} INFO - Setting next_dagrun for dag_with_postgres_operator_v1 to 2023-10-13T00:00:00+00:00, run_after=2023-10-14T00:00:00+00:00
[2023-12-13T07:46:02.866+0000] {processor.py:179} INFO - Processing /opt/airflow/dags/dag_w_postgres_operator.py took 0.151 seconds
[2023-12-13T07:46:33.320+0000] {processor.py:157} INFO - Started process (PID=1373) to work on /opt/airflow/dags/dag_w_postgres_operator.py
[2023-12-13T07:46:33.321+0000] {processor.py:829} INFO - Processing file /opt/airflow/dags/dag_w_postgres_operator.py for tasks to queue
[2023-12-13T07:46:33.323+0000] {logging_mixin.py:154} INFO - [2023-12-13T07:46:33.322+0000] {dagbag.py:536} INFO - Filling up the DagBag from /opt/airflow/dags/dag_w_postgres_operator.py
[2023-12-13T07:46:33.335+0000] {processor.py:839} INFO - DAG(s) dict_keys(['dag_with_postgres_operator_v1']) retrieved from /opt/airflow/dags/dag_w_postgres_operator.py
[2023-12-13T07:46:33.361+0000] {logging_mixin.py:154} INFO - [2023-12-13T07:46:33.360+0000] {dag.py:2941} INFO - Sync 1 DAGs
[2023-12-13T07:46:33.382+0000] {logging_mixin.py:154} INFO - [2023-12-13T07:46:33.382+0000] {dag.py:3722} INFO - Setting next_dagrun for dag_with_postgres_operator_v1 to 2023-12-13T00:00:00+00:00, run_after=2023-12-14T00:00:00+00:00
[2023-12-13T07:46:33.400+0000] {processor.py:179} INFO - Processing /opt/airflow/dags/dag_w_postgres_operator.py took 0.084 seconds
