[2023-12-13T07:46:26.631+0000] {taskinstance.py:1159} INFO - Dependencies all met for dep_context=non-requeueable deps ti=<TaskInstance: dag_with_postgres_operator_v1.create_postgres_table scheduled__2023-12-09T00:00:00+00:00 [queued]>
[2023-12-13T07:46:26.646+0000] {taskinstance.py:1159} INFO - Dependencies all met for dep_context=requeueable deps ti=<TaskInstance: dag_with_postgres_operator_v1.create_postgres_table scheduled__2023-12-09T00:00:00+00:00 [queued]>
[2023-12-13T07:46:26.646+0000] {taskinstance.py:1361} INFO - Starting attempt 1 of 6
[2023-12-13T07:46:26.672+0000] {taskinstance.py:1382} INFO - Executing <Task(PostgresOperator): create_postgres_table> on 2023-12-09 00:00:00+00:00
[2023-12-13T07:46:26.682+0000] {standard_task_runner.py:57} INFO - Started process 1368 to run task
[2023-12-13T07:46:26.690+0000] {standard_task_runner.py:84} INFO - Running: ['***', 'tasks', 'run', 'dag_with_postgres_operator_v1', 'create_postgres_table', 'scheduled__2023-12-09T00:00:00+00:00', '--job-id', '520', '--raw', '--subdir', 'DAGS_FOLDER/dag_w_postgres_operator.py', '--cfg-path', '/tmp/tmp9u5h7tvm']
[2023-12-13T07:46:26.693+0000] {standard_task_runner.py:85} INFO - Job 520: Subtask create_postgres_table
[2023-12-13T07:46:26.792+0000] {task_command.py:416} INFO - Running <TaskInstance: dag_with_postgres_operator_v1.create_postgres_table scheduled__2023-12-09T00:00:00+00:00 [running]> on host 6bd2d0daa4c2
[2023-12-13T07:46:26.943+0000] {taskinstance.py:1662} INFO - Exporting env vars: AIRFLOW_CTX_DAG_OWNER='vuhta' AIRFLOW_CTX_DAG_ID='dag_with_postgres_operator_v1' AIRFLOW_CTX_TASK_ID='create_postgres_table' AIRFLOW_CTX_EXECUTION_DATE='2023-12-09T00:00:00+00:00' AIRFLOW_CTX_TRY_NUMBER='1' AIRFLOW_CTX_DAG_RUN_ID='scheduled__2023-12-09T00:00:00+00:00'
[2023-12-13T07:46:26.943+0000] {sql.py:274} INFO - Executing: 
            create table if not exists dag_runs (
                dt date,
                dag_id character varying,
                primary key (dt, dag_id)
            )
        
[2023-12-13T07:46:26.956+0000] {base.py:73} INFO - Using connection ID 'postgres_localhost' for task execution.
[2023-12-13T07:46:26.967+0000] {base.py:73} INFO - Using connection ID 'postgres_localhost' for task execution.
[2023-12-13T07:46:26.972+0000] {sql.py:418} INFO - Running statement: 
            create table if not exists dag_runs (
                dt date,
                dag_id character varying,
                primary key (dt, dag_id)
            )
        , parameters: None
[2023-12-13T07:46:26.986+0000] {taskinstance.py:1400} INFO - Marking task as SUCCESS. dag_id=dag_with_postgres_operator_v1, task_id=create_postgres_table, execution_date=20231209T000000, start_date=20231213T074626, end_date=20231213T074626
[2023-12-13T07:46:27.021+0000] {local_task_job_runner.py:228} INFO - Task exited with return code 0
[2023-12-13T07:46:27.040+0000] {taskinstance.py:2778} INFO - 0 downstream tasks scheduled from follow-on schedule check
