[2023-12-13T07:44:47.064+0000] {taskinstance.py:1159} INFO - Dependencies all met for dep_context=non-requeueable deps ti=<TaskInstance: dag_with_postgres_operator_v1.create_postgres_table scheduled__2023-05-12T00:00:00+00:00 [queued]>
[2023-12-13T07:44:47.076+0000] {taskinstance.py:1159} INFO - Dependencies all met for dep_context=requeueable deps ti=<TaskInstance: dag_with_postgres_operator_v1.create_postgres_table scheduled__2023-05-12T00:00:00+00:00 [queued]>
[2023-12-13T07:44:47.076+0000] {taskinstance.py:1361} INFO - Starting attempt 1 of 6
[2023-12-13T07:44:47.147+0000] {taskinstance.py:1382} INFO - Executing <Task(PostgresOperator): create_postgres_table> on 2023-05-12 00:00:00+00:00
[2023-12-13T07:44:47.154+0000] {standard_task_runner.py:57} INFO - Started process 835 to run task
[2023-12-13T07:44:47.158+0000] {standard_task_runner.py:84} INFO - Running: ['***', 'tasks', 'run', 'dag_with_postgres_operator_v1', 'create_postgres_table', 'scheduled__2023-05-12T00:00:00+00:00', '--job-id', '309', '--raw', '--subdir', 'DAGS_FOLDER/dag_w_postgres_operator.py', '--cfg-path', '/tmp/tmpv10i0u3e']
[2023-12-13T07:44:47.161+0000] {standard_task_runner.py:85} INFO - Job 309: Subtask create_postgres_table
[2023-12-13T07:44:47.226+0000] {task_command.py:416} INFO - Running <TaskInstance: dag_with_postgres_operator_v1.create_postgres_table scheduled__2023-05-12T00:00:00+00:00 [running]> on host 6bd2d0daa4c2
[2023-12-13T07:44:47.352+0000] {taskinstance.py:1662} INFO - Exporting env vars: AIRFLOW_CTX_DAG_OWNER='vuhta' AIRFLOW_CTX_DAG_ID='dag_with_postgres_operator_v1' AIRFLOW_CTX_TASK_ID='create_postgres_table' AIRFLOW_CTX_EXECUTION_DATE='2023-05-12T00:00:00+00:00' AIRFLOW_CTX_TRY_NUMBER='1' AIRFLOW_CTX_DAG_RUN_ID='scheduled__2023-05-12T00:00:00+00:00'
[2023-12-13T07:44:47.353+0000] {sql.py:274} INFO - Executing: 
            create table if not exists dag_runs (
                dt date,
                dag_id character varying,
                primary key (dt, dag_id)
            )
        
[2023-12-13T07:44:47.365+0000] {base.py:73} INFO - Using connection ID 'postgres_localhost' for task execution.
[2023-12-13T07:44:47.374+0000] {base.py:73} INFO - Using connection ID 'postgres_localhost' for task execution.
[2023-12-13T07:44:47.379+0000] {sql.py:418} INFO - Running statement: 
            create table if not exists dag_runs (
                dt date,
                dag_id character varying,
                primary key (dt, dag_id)
            )
        , parameters: None
[2023-12-13T07:44:47.391+0000] {taskinstance.py:1400} INFO - Marking task as SUCCESS. dag_id=dag_with_postgres_operator_v1, task_id=create_postgres_table, execution_date=20230512T000000, start_date=20231213T074447, end_date=20231213T074447
[2023-12-13T07:44:47.450+0000] {local_task_job_runner.py:228} INFO - Task exited with return code 0
[2023-12-13T07:44:47.474+0000] {taskinstance.py:2778} INFO - 0 downstream tasks scheduled from follow-on schedule check
