[2023-12-12T04:39:27.367+0000] {processor.py:157} INFO - Started process (PID=189) to work on /home/airflow/.local/lib/python3.8/site-packages/airflow/example_dags/example_python_operator.py
[2023-12-12T04:39:27.368+0000] {processor.py:829} INFO - Processing file /home/airflow/.local/lib/python3.8/site-packages/airflow/example_dags/example_python_operator.py for tasks to queue
[2023-12-12T04:39:27.369+0000] {logging_mixin.py:154} INFO - [2023-12-12T04:39:27.369+0000] {dagbag.py:536} INFO - Filling up the DagBag from /home/airflow/.local/lib/python3.8/site-packages/airflow/example_dags/example_python_operator.py
[2023-12-12T04:39:27.381+0000] {processor.py:839} INFO - DAG(s) dict_keys(['example_python_operator']) retrieved from /home/airflow/.local/lib/python3.8/site-packages/airflow/example_dags/example_python_operator.py
[2023-12-12T04:39:27.392+0000] {logging_mixin.py:154} INFO - [2023-12-12T04:39:27.391+0000] {dag.py:2941} INFO - Sync 1 DAGs
[2023-12-12T04:39:27.404+0000] {logging_mixin.py:154} INFO - [2023-12-12T04:39:27.404+0000] {dag.py:3722} INFO - Setting next_dagrun for example_python_operator to None, run_after=None
[2023-12-12T04:39:27.425+0000] {processor.py:179} INFO - Processing /home/airflow/.local/lib/python3.8/site-packages/airflow/example_dags/example_python_operator.py took 0.061 seconds
[2023-12-12T04:39:57.680+0000] {processor.py:157} INFO - Started process (PID=425) to work on /home/airflow/.local/lib/python3.8/site-packages/airflow/example_dags/example_python_operator.py
[2023-12-12T04:39:57.681+0000] {processor.py:829} INFO - Processing file /home/airflow/.local/lib/python3.8/site-packages/airflow/example_dags/example_python_operator.py for tasks to queue
[2023-12-12T04:39:57.681+0000] {logging_mixin.py:154} INFO - [2023-12-12T04:39:57.681+0000] {dagbag.py:536} INFO - Filling up the DagBag from /home/airflow/.local/lib/python3.8/site-packages/airflow/example_dags/example_python_operator.py
[2023-12-12T04:39:57.690+0000] {processor.py:839} INFO - DAG(s) dict_keys(['example_python_operator']) retrieved from /home/airflow/.local/lib/python3.8/site-packages/airflow/example_dags/example_python_operator.py
[2023-12-12T04:39:57.700+0000] {logging_mixin.py:154} INFO - [2023-12-12T04:39:57.700+0000] {dag.py:2941} INFO - Sync 1 DAGs
[2023-12-12T04:39:57.712+0000] {logging_mixin.py:154} INFO - [2023-12-12T04:39:57.712+0000] {dag.py:3722} INFO - Setting next_dagrun for example_python_operator to None, run_after=None
[2023-12-12T04:39:57.730+0000] {processor.py:179} INFO - Processing /home/airflow/.local/lib/python3.8/site-packages/airflow/example_dags/example_python_operator.py took 0.052 seconds
[2023-12-12T04:40:28.252+0000] {processor.py:157} INFO - Started process (PID=663) to work on /home/airflow/.local/lib/python3.8/site-packages/airflow/example_dags/example_python_operator.py
[2023-12-12T04:40:28.253+0000] {processor.py:829} INFO - Processing file /home/airflow/.local/lib/python3.8/site-packages/airflow/example_dags/example_python_operator.py for tasks to queue
[2023-12-12T04:40:28.253+0000] {logging_mixin.py:154} INFO - [2023-12-12T04:40:28.253+0000] {dagbag.py:536} INFO - Filling up the DagBag from /home/airflow/.local/lib/python3.8/site-packages/airflow/example_dags/example_python_operator.py
[2023-12-12T04:40:28.264+0000] {processor.py:839} INFO - DAG(s) dict_keys(['example_python_operator']) retrieved from /home/airflow/.local/lib/python3.8/site-packages/airflow/example_dags/example_python_operator.py
[2023-12-12T04:40:28.481+0000] {logging_mixin.py:154} INFO - [2023-12-12T04:40:28.481+0000] {dag.py:2941} INFO - Sync 1 DAGs
[2023-12-12T04:40:28.496+0000] {logging_mixin.py:154} INFO - [2023-12-12T04:40:28.496+0000] {dag.py:3722} INFO - Setting next_dagrun for example_python_operator to None, run_after=None
[2023-12-12T04:40:28.519+0000] {processor.py:179} INFO - Processing /home/airflow/.local/lib/python3.8/site-packages/airflow/example_dags/example_python_operator.py took 0.270 seconds
[2023-12-12T04:40:58.662+0000] {processor.py:157} INFO - Started process (PID=903) to work on /home/airflow/.local/lib/python3.8/site-packages/airflow/example_dags/example_python_operator.py
[2023-12-12T04:40:58.663+0000] {processor.py:829} INFO - Processing file /home/airflow/.local/lib/python3.8/site-packages/airflow/example_dags/example_python_operator.py for tasks to queue
[2023-12-12T04:40:58.663+0000] {logging_mixin.py:154} INFO - [2023-12-12T04:40:58.663+0000] {dagbag.py:536} INFO - Filling up the DagBag from /home/airflow/.local/lib/python3.8/site-packages/airflow/example_dags/example_python_operator.py
[2023-12-12T04:40:58.672+0000] {processor.py:839} INFO - DAG(s) dict_keys(['example_python_operator']) retrieved from /home/airflow/.local/lib/python3.8/site-packages/airflow/example_dags/example_python_operator.py
[2023-12-12T04:40:58.692+0000] {logging_mixin.py:154} INFO - [2023-12-12T04:40:58.692+0000] {dag.py:2941} INFO - Sync 1 DAGs
[2023-12-12T04:40:58.703+0000] {logging_mixin.py:154} INFO - [2023-12-12T04:40:58.703+0000] {dag.py:3722} INFO - Setting next_dagrun for example_python_operator to None, run_after=None
[2023-12-12T04:40:58.721+0000] {processor.py:179} INFO - Processing /home/airflow/.local/lib/python3.8/site-packages/airflow/example_dags/example_python_operator.py took 0.061 seconds
