[2023-12-12T04:39:28.798+0000] {processor.py:157} INFO - Started process (PID=327) to work on /home/airflow/.local/lib/python3.8/site-packages/airflow/example_dags/example_complex.py
[2023-12-12T04:39:28.798+0000] {processor.py:829} INFO - Processing file /home/airflow/.local/lib/python3.8/site-packages/airflow/example_dags/example_complex.py for tasks to queue
[2023-12-12T04:39:28.799+0000] {logging_mixin.py:154} INFO - [2023-12-12T04:39:28.799+0000] {dagbag.py:536} INFO - Filling up the DagBag from /home/airflow/.local/lib/python3.8/site-packages/airflow/example_dags/example_complex.py
[2023-12-12T04:39:28.809+0000] {processor.py:839} INFO - DAG(s) dict_keys(['example_complex']) retrieved from /home/airflow/.local/lib/python3.8/site-packages/airflow/example_dags/example_complex.py
[2023-12-12T04:39:28.819+0000] {logging_mixin.py:154} INFO - [2023-12-12T04:39:28.819+0000] {dag.py:2941} INFO - Sync 1 DAGs
[2023-12-12T04:39:28.832+0000] {logging_mixin.py:154} INFO - [2023-12-12T04:39:28.832+0000] {dag.py:3722} INFO - Setting next_dagrun for example_complex to None, run_after=None
[2023-12-12T04:39:28.853+0000] {processor.py:179} INFO - Processing /home/airflow/.local/lib/python3.8/site-packages/airflow/example_dags/example_complex.py took 0.058 seconds
[2023-12-12T04:39:59.917+0000] {processor.py:157} INFO - Started process (PID=565) to work on /home/airflow/.local/lib/python3.8/site-packages/airflow/example_dags/example_complex.py
[2023-12-12T04:39:59.918+0000] {processor.py:829} INFO - Processing file /home/airflow/.local/lib/python3.8/site-packages/airflow/example_dags/example_complex.py for tasks to queue
[2023-12-12T04:39:59.919+0000] {logging_mixin.py:154} INFO - [2023-12-12T04:39:59.919+0000] {dagbag.py:536} INFO - Filling up the DagBag from /home/airflow/.local/lib/python3.8/site-packages/airflow/example_dags/example_complex.py
[2023-12-12T04:39:59.935+0000] {processor.py:839} INFO - DAG(s) dict_keys(['example_complex']) retrieved from /home/airflow/.local/lib/python3.8/site-packages/airflow/example_dags/example_complex.py
[2023-12-12T04:39:59.951+0000] {logging_mixin.py:154} INFO - [2023-12-12T04:39:59.951+0000] {dag.py:2941} INFO - Sync 1 DAGs
[2023-12-12T04:39:59.970+0000] {logging_mixin.py:154} INFO - [2023-12-12T04:39:59.970+0000] {dag.py:3722} INFO - Setting next_dagrun for example_complex to None, run_after=None
[2023-12-12T04:39:59.998+0000] {processor.py:179} INFO - Processing /home/airflow/.local/lib/python3.8/site-packages/airflow/example_dags/example_complex.py took 0.085 seconds
[2023-12-12T04:40:30.028+0000] {processor.py:157} INFO - Started process (PID=803) to work on /home/airflow/.local/lib/python3.8/site-packages/airflow/example_dags/example_complex.py
[2023-12-12T04:40:30.029+0000] {processor.py:829} INFO - Processing file /home/airflow/.local/lib/python3.8/site-packages/airflow/example_dags/example_complex.py for tasks to queue
[2023-12-12T04:40:30.029+0000] {logging_mixin.py:154} INFO - [2023-12-12T04:40:30.029+0000] {dagbag.py:536} INFO - Filling up the DagBag from /home/airflow/.local/lib/python3.8/site-packages/airflow/example_dags/example_complex.py
[2023-12-12T04:40:30.039+0000] {processor.py:839} INFO - DAG(s) dict_keys(['example_complex']) retrieved from /home/airflow/.local/lib/python3.8/site-packages/airflow/example_dags/example_complex.py
[2023-12-12T04:40:30.068+0000] {logging_mixin.py:154} INFO - [2023-12-12T04:40:30.068+0000] {dag.py:2941} INFO - Sync 1 DAGs
[2023-12-12T04:40:30.079+0000] {logging_mixin.py:154} INFO - [2023-12-12T04:40:30.079+0000] {dag.py:3722} INFO - Setting next_dagrun for example_complex to None, run_after=None
[2023-12-12T04:40:30.098+0000] {processor.py:179} INFO - Processing /home/airflow/.local/lib/python3.8/site-packages/airflow/example_dags/example_complex.py took 0.072 seconds
[2023-12-12T04:41:00.996+0000] {processor.py:157} INFO - Started process (PID=1041) to work on /home/airflow/.local/lib/python3.8/site-packages/airflow/example_dags/example_complex.py
[2023-12-12T04:41:00.997+0000] {processor.py:829} INFO - Processing file /home/airflow/.local/lib/python3.8/site-packages/airflow/example_dags/example_complex.py for tasks to queue
[2023-12-12T04:41:00.998+0000] {logging_mixin.py:154} INFO - [2023-12-12T04:41:00.997+0000] {dagbag.py:536} INFO - Filling up the DagBag from /home/airflow/.local/lib/python3.8/site-packages/airflow/example_dags/example_complex.py
[2023-12-12T04:41:01.007+0000] {processor.py:839} INFO - DAG(s) dict_keys(['example_complex']) retrieved from /home/airflow/.local/lib/python3.8/site-packages/airflow/example_dags/example_complex.py
[2023-12-12T04:41:01.034+0000] {logging_mixin.py:154} INFO - [2023-12-12T04:41:01.034+0000] {dag.py:2941} INFO - Sync 1 DAGs
[2023-12-12T04:41:01.044+0000] {logging_mixin.py:154} INFO - [2023-12-12T04:41:01.044+0000] {dag.py:3722} INFO - Setting next_dagrun for example_complex to None, run_after=None
[2023-12-12T04:41:01.061+0000] {processor.py:179} INFO - Processing /home/airflow/.local/lib/python3.8/site-packages/airflow/example_dags/example_complex.py took 0.067 seconds
