[2023-12-12T04:39:28.015+0000] {processor.py:157} INFO - Started process (PID=257) to work on /home/airflow/.local/lib/python3.8/site-packages/airflow/example_dags/example_params_trigger_ui.py
[2023-12-12T04:39:28.016+0000] {processor.py:829} INFO - Processing file /home/airflow/.local/lib/python3.8/site-packages/airflow/example_dags/example_params_trigger_ui.py for tasks to queue
[2023-12-12T04:39:28.016+0000] {logging_mixin.py:154} INFO - [2023-12-12T04:39:28.016+0000] {dagbag.py:536} INFO - Filling up the DagBag from /home/airflow/.local/lib/python3.8/site-packages/airflow/example_dags/example_params_trigger_ui.py
[2023-12-12T04:39:28.042+0000] {processor.py:839} INFO - DAG(s) dict_keys(['example_params_trigger_ui']) retrieved from /home/airflow/.local/lib/python3.8/site-packages/airflow/example_dags/example_params_trigger_ui.py
[2023-12-12T04:39:28.055+0000] {logging_mixin.py:154} INFO - [2023-12-12T04:39:28.055+0000] {dag.py:2941} INFO - Sync 1 DAGs
[2023-12-12T04:39:28.069+0000] {logging_mixin.py:154} INFO - [2023-12-12T04:39:28.069+0000] {dag.py:3722} INFO - Setting next_dagrun for example_params_trigger_ui to None, run_after=None
[2023-12-12T04:39:28.091+0000] {processor.py:179} INFO - Processing /home/airflow/.local/lib/python3.8/site-packages/airflow/example_dags/example_params_trigger_ui.py took 0.079 seconds
[2023-12-12T04:39:58.213+0000] {processor.py:157} INFO - Started process (PID=495) to work on /home/airflow/.local/lib/python3.8/site-packages/airflow/example_dags/example_params_trigger_ui.py
[2023-12-12T04:39:58.213+0000] {processor.py:829} INFO - Processing file /home/airflow/.local/lib/python3.8/site-packages/airflow/example_dags/example_params_trigger_ui.py for tasks to queue
[2023-12-12T04:39:58.214+0000] {logging_mixin.py:154} INFO - [2023-12-12T04:39:58.214+0000] {dagbag.py:536} INFO - Filling up the DagBag from /home/airflow/.local/lib/python3.8/site-packages/airflow/example_dags/example_params_trigger_ui.py
[2023-12-12T04:39:58.229+0000] {processor.py:839} INFO - DAG(s) dict_keys(['example_params_trigger_ui']) retrieved from /home/airflow/.local/lib/python3.8/site-packages/airflow/example_dags/example_params_trigger_ui.py
[2023-12-12T04:39:58.239+0000] {logging_mixin.py:154} INFO - [2023-12-12T04:39:58.239+0000] {dag.py:2941} INFO - Sync 1 DAGs
[2023-12-12T04:39:58.252+0000] {logging_mixin.py:154} INFO - [2023-12-12T04:39:58.252+0000] {dag.py:3722} INFO - Setting next_dagrun for example_params_trigger_ui to None, run_after=None
[2023-12-12T04:39:58.269+0000] {processor.py:179} INFO - Processing /home/airflow/.local/lib/python3.8/site-packages/airflow/example_dags/example_params_trigger_ui.py took 0.058 seconds
[2023-12-12T04:40:29.109+0000] {processor.py:157} INFO - Started process (PID=733) to work on /home/airflow/.local/lib/python3.8/site-packages/airflow/example_dags/example_params_trigger_ui.py
[2023-12-12T04:40:29.110+0000] {processor.py:829} INFO - Processing file /home/airflow/.local/lib/python3.8/site-packages/airflow/example_dags/example_params_trigger_ui.py for tasks to queue
[2023-12-12T04:40:29.111+0000] {logging_mixin.py:154} INFO - [2023-12-12T04:40:29.110+0000] {dagbag.py:536} INFO - Filling up the DagBag from /home/airflow/.local/lib/python3.8/site-packages/airflow/example_dags/example_params_trigger_ui.py
[2023-12-12T04:40:29.129+0000] {processor.py:839} INFO - DAG(s) dict_keys(['example_params_trigger_ui']) retrieved from /home/airflow/.local/lib/python3.8/site-packages/airflow/example_dags/example_params_trigger_ui.py
[2023-12-12T04:40:29.193+0000] {logging_mixin.py:154} INFO - [2023-12-12T04:40:29.193+0000] {dag.py:2941} INFO - Sync 1 DAGs
[2023-12-12T04:40:29.207+0000] {logging_mixin.py:154} INFO - [2023-12-12T04:40:29.207+0000] {dag.py:3722} INFO - Setting next_dagrun for example_params_trigger_ui to None, run_after=None
[2023-12-12T04:40:29.228+0000] {processor.py:179} INFO - Processing /home/airflow/.local/lib/python3.8/site-packages/airflow/example_dags/example_params_trigger_ui.py took 0.121 seconds
[2023-12-12T04:40:59.294+0000] {processor.py:157} INFO - Started process (PID=973) to work on /home/airflow/.local/lib/python3.8/site-packages/airflow/example_dags/example_params_trigger_ui.py
[2023-12-12T04:40:59.295+0000] {processor.py:829} INFO - Processing file /home/airflow/.local/lib/python3.8/site-packages/airflow/example_dags/example_params_trigger_ui.py for tasks to queue
[2023-12-12T04:40:59.296+0000] {logging_mixin.py:154} INFO - [2023-12-12T04:40:59.295+0000] {dagbag.py:536} INFO - Filling up the DagBag from /home/airflow/.local/lib/python3.8/site-packages/airflow/example_dags/example_params_trigger_ui.py
[2023-12-12T04:40:59.312+0000] {processor.py:839} INFO - DAG(s) dict_keys(['example_params_trigger_ui']) retrieved from /home/airflow/.local/lib/python3.8/site-packages/airflow/example_dags/example_params_trigger_ui.py
[2023-12-12T04:40:59.365+0000] {logging_mixin.py:154} INFO - [2023-12-12T04:40:59.365+0000] {dag.py:2941} INFO - Sync 1 DAGs
[2023-12-12T04:40:59.376+0000] {logging_mixin.py:154} INFO - [2023-12-12T04:40:59.376+0000] {dag.py:3722} INFO - Setting next_dagrun for example_params_trigger_ui to None, run_after=None
[2023-12-12T04:40:59.393+0000] {processor.py:179} INFO - Processing /home/airflow/.local/lib/python3.8/site-packages/airflow/example_dags/example_params_trigger_ui.py took 0.101 seconds
