[2023-12-12T04:39:28.951+0000] {processor.py:157} INFO - Started process (PID=344) to work on /home/airflow/.local/lib/python3.8/site-packages/airflow/example_dags/example_setup_teardown.py
[2023-12-12T04:39:28.952+0000] {processor.py:829} INFO - Processing file /home/airflow/.local/lib/python3.8/site-packages/airflow/example_dags/example_setup_teardown.py for tasks to queue
[2023-12-12T04:39:28.952+0000] {logging_mixin.py:154} INFO - [2023-12-12T04:39:28.952+0000] {dagbag.py:536} INFO - Filling up the DagBag from /home/airflow/.local/lib/python3.8/site-packages/airflow/example_dags/example_setup_teardown.py
[2023-12-12T04:39:28.958+0000] {processor.py:839} INFO - DAG(s) dict_keys(['example_setup_teardown']) retrieved from /home/airflow/.local/lib/python3.8/site-packages/airflow/example_dags/example_setup_teardown.py
[2023-12-12T04:39:28.968+0000] {logging_mixin.py:154} INFO - [2023-12-12T04:39:28.968+0000] {dag.py:2941} INFO - Sync 1 DAGs
[2023-12-12T04:39:28.994+0000] {logging_mixin.py:154} INFO - [2023-12-12T04:39:28.994+0000] {dag.py:3722} INFO - Setting next_dagrun for example_setup_teardown to 2023-12-11T04:39:28.994208+00:00, run_after=2023-12-12T04:39:28.994208+00:00
[2023-12-12T04:39:29.015+0000] {processor.py:179} INFO - Processing /home/airflow/.local/lib/python3.8/site-packages/airflow/example_dags/example_setup_teardown.py took 0.066 seconds
[2023-12-12T04:40:00.089+0000] {processor.py:157} INFO - Started process (PID=580) to work on /home/airflow/.local/lib/python3.8/site-packages/airflow/example_dags/example_setup_teardown.py
[2023-12-12T04:40:00.090+0000] {processor.py:829} INFO - Processing file /home/airflow/.local/lib/python3.8/site-packages/airflow/example_dags/example_setup_teardown.py for tasks to queue
[2023-12-12T04:40:00.091+0000] {logging_mixin.py:154} INFO - [2023-12-12T04:40:00.091+0000] {dagbag.py:536} INFO - Filling up the DagBag from /home/airflow/.local/lib/python3.8/site-packages/airflow/example_dags/example_setup_teardown.py
[2023-12-12T04:40:00.100+0000] {processor.py:839} INFO - DAG(s) dict_keys(['example_setup_teardown']) retrieved from /home/airflow/.local/lib/python3.8/site-packages/airflow/example_dags/example_setup_teardown.py
[2023-12-12T04:40:00.114+0000] {logging_mixin.py:154} INFO - [2023-12-12T04:40:00.114+0000] {dag.py:2941} INFO - Sync 1 DAGs
[2023-12-12T04:40:00.148+0000] {logging_mixin.py:154} INFO - [2023-12-12T04:40:00.148+0000] {dag.py:3722} INFO - Setting next_dagrun for example_setup_teardown to 2023-12-11T04:40:00.148223+00:00, run_after=2023-12-12T04:40:00.148223+00:00
[2023-12-12T04:40:00.171+0000] {processor.py:179} INFO - Processing /home/airflow/.local/lib/python3.8/site-packages/airflow/example_dags/example_setup_teardown.py took 0.085 seconds
[2023-12-12T04:40:30.249+0000] {processor.py:157} INFO - Started process (PID=818) to work on /home/airflow/.local/lib/python3.8/site-packages/airflow/example_dags/example_setup_teardown.py
[2023-12-12T04:40:30.250+0000] {processor.py:829} INFO - Processing file /home/airflow/.local/lib/python3.8/site-packages/airflow/example_dags/example_setup_teardown.py for tasks to queue
[2023-12-12T04:40:30.250+0000] {logging_mixin.py:154} INFO - [2023-12-12T04:40:30.250+0000] {dagbag.py:536} INFO - Filling up the DagBag from /home/airflow/.local/lib/python3.8/site-packages/airflow/example_dags/example_setup_teardown.py
[2023-12-12T04:40:30.256+0000] {processor.py:839} INFO - DAG(s) dict_keys(['example_setup_teardown']) retrieved from /home/airflow/.local/lib/python3.8/site-packages/airflow/example_dags/example_setup_teardown.py
[2023-12-12T04:40:30.273+0000] {logging_mixin.py:154} INFO - [2023-12-12T04:40:30.273+0000] {dag.py:2941} INFO - Sync 1 DAGs
[2023-12-12T04:40:30.294+0000] {logging_mixin.py:154} INFO - [2023-12-12T04:40:30.294+0000] {dag.py:3722} INFO - Setting next_dagrun for example_setup_teardown to 2023-12-11T04:40:30.294516+00:00, run_after=2023-12-12T04:40:30.294516+00:00
[2023-12-12T04:40:30.311+0000] {processor.py:179} INFO - Processing /home/airflow/.local/lib/python3.8/site-packages/airflow/example_dags/example_setup_teardown.py took 0.065 seconds
[2023-12-12T04:41:01.164+0000] {processor.py:157} INFO - Started process (PID=1056) to work on /home/airflow/.local/lib/python3.8/site-packages/airflow/example_dags/example_setup_teardown.py
[2023-12-12T04:41:01.164+0000] {processor.py:829} INFO - Processing file /home/airflow/.local/lib/python3.8/site-packages/airflow/example_dags/example_setup_teardown.py for tasks to queue
[2023-12-12T04:41:01.165+0000] {logging_mixin.py:154} INFO - [2023-12-12T04:41:01.165+0000] {dagbag.py:536} INFO - Filling up the DagBag from /home/airflow/.local/lib/python3.8/site-packages/airflow/example_dags/example_setup_teardown.py
[2023-12-12T04:41:01.171+0000] {processor.py:839} INFO - DAG(s) dict_keys(['example_setup_teardown']) retrieved from /home/airflow/.local/lib/python3.8/site-packages/airflow/example_dags/example_setup_teardown.py
[2023-12-12T04:41:01.187+0000] {logging_mixin.py:154} INFO - [2023-12-12T04:41:01.187+0000] {dag.py:2941} INFO - Sync 1 DAGs
[2023-12-12T04:41:01.207+0000] {logging_mixin.py:154} INFO - [2023-12-12T04:41:01.207+0000] {dag.py:3722} INFO - Setting next_dagrun for example_setup_teardown to 2023-12-11T04:41:01.206871+00:00, run_after=2023-12-12T04:41:01.206871+00:00
[2023-12-12T04:41:01.222+0000] {processor.py:179} INFO - Processing /home/airflow/.local/lib/python3.8/site-packages/airflow/example_dags/example_setup_teardown.py took 0.061 seconds
