[2023-12-12T04:39:27.690+0000] {processor.py:157} INFO - Started process (PID=222) to work on /home/airflow/.local/lib/python3.8/site-packages/airflow/example_dags/example_sla_dag.py
[2023-12-12T04:39:27.691+0000] {processor.py:829} INFO - Processing file /home/airflow/.local/lib/python3.8/site-packages/airflow/example_dags/example_sla_dag.py for tasks to queue
[2023-12-12T04:39:27.692+0000] {logging_mixin.py:154} INFO - [2023-12-12T04:39:27.692+0000] {dagbag.py:536} INFO - Filling up the DagBag from /home/airflow/.local/lib/python3.8/site-packages/airflow/example_dags/example_sla_dag.py
[2023-12-12T04:39:27.703+0000] {processor.py:839} INFO - DAG(s) dict_keys(['example_sla_dag']) retrieved from /home/airflow/.local/lib/python3.8/site-packages/airflow/example_dags/example_sla_dag.py
[2023-12-12T04:39:27.714+0000] {logging_mixin.py:154} INFO - [2023-12-12T04:39:27.714+0000] {dag.py:2941} INFO - Sync 1 DAGs
[2023-12-12T04:39:27.752+0000] {logging_mixin.py:154} INFO - [2023-12-12T04:39:27.752+0000] {dag.py:3722} INFO - Setting next_dagrun for example_sla_dag to 2023-12-12T04:36:00+00:00, run_after=2023-12-12T04:38:00+00:00
[2023-12-12T04:39:27.774+0000] {processor.py:179} INFO - Processing /home/airflow/.local/lib/python3.8/site-packages/airflow/example_dags/example_sla_dag.py took 0.087 seconds
[2023-12-12T04:39:57.951+0000] {processor.py:157} INFO - Started process (PID=460) to work on /home/airflow/.local/lib/python3.8/site-packages/airflow/example_dags/example_sla_dag.py
[2023-12-12T04:39:57.952+0000] {processor.py:829} INFO - Processing file /home/airflow/.local/lib/python3.8/site-packages/airflow/example_dags/example_sla_dag.py for tasks to queue
[2023-12-12T04:39:57.953+0000] {logging_mixin.py:154} INFO - [2023-12-12T04:39:57.952+0000] {dagbag.py:536} INFO - Filling up the DagBag from /home/airflow/.local/lib/python3.8/site-packages/airflow/example_dags/example_sla_dag.py
[2023-12-12T04:39:57.959+0000] {processor.py:839} INFO - DAG(s) dict_keys(['example_sla_dag']) retrieved from /home/airflow/.local/lib/python3.8/site-packages/airflow/example_dags/example_sla_dag.py
[2023-12-12T04:39:57.970+0000] {logging_mixin.py:154} INFO - [2023-12-12T04:39:57.969+0000] {dag.py:2941} INFO - Sync 1 DAGs
[2023-12-12T04:39:57.996+0000] {logging_mixin.py:154} INFO - [2023-12-12T04:39:57.996+0000] {dag.py:3722} INFO - Setting next_dagrun for example_sla_dag to 2023-12-12T04:36:00+00:00, run_after=2023-12-12T04:38:00+00:00
[2023-12-12T04:39:58.012+0000] {processor.py:179} INFO - Processing /home/airflow/.local/lib/python3.8/site-packages/airflow/example_dags/example_sla_dag.py took 0.064 seconds
[2023-12-12T04:40:28.751+0000] {processor.py:157} INFO - Started process (PID=698) to work on /home/airflow/.local/lib/python3.8/site-packages/airflow/example_dags/example_sla_dag.py
[2023-12-12T04:40:28.752+0000] {processor.py:829} INFO - Processing file /home/airflow/.local/lib/python3.8/site-packages/airflow/example_dags/example_sla_dag.py for tasks to queue
[2023-12-12T04:40:28.753+0000] {logging_mixin.py:154} INFO - [2023-12-12T04:40:28.753+0000] {dagbag.py:536} INFO - Filling up the DagBag from /home/airflow/.local/lib/python3.8/site-packages/airflow/example_dags/example_sla_dag.py
[2023-12-12T04:40:28.765+0000] {processor.py:839} INFO - DAG(s) dict_keys(['example_sla_dag']) retrieved from /home/airflow/.local/lib/python3.8/site-packages/airflow/example_dags/example_sla_dag.py
[2023-12-12T04:40:28.794+0000] {logging_mixin.py:154} INFO - [2023-12-12T04:40:28.793+0000] {dag.py:2941} INFO - Sync 1 DAGs
[2023-12-12T04:40:28.825+0000] {logging_mixin.py:154} INFO - [2023-12-12T04:40:28.825+0000] {dag.py:3722} INFO - Setting next_dagrun for example_sla_dag to 2023-12-12T04:38:00+00:00, run_after=2023-12-12T04:40:00+00:00
[2023-12-12T04:40:28.847+0000] {processor.py:179} INFO - Processing /home/airflow/.local/lib/python3.8/site-packages/airflow/example_dags/example_sla_dag.py took 0.100 seconds
[2023-12-12T04:40:58.944+0000] {processor.py:157} INFO - Started process (PID=936) to work on /home/airflow/.local/lib/python3.8/site-packages/airflow/example_dags/example_sla_dag.py
[2023-12-12T04:40:58.944+0000] {processor.py:829} INFO - Processing file /home/airflow/.local/lib/python3.8/site-packages/airflow/example_dags/example_sla_dag.py for tasks to queue
[2023-12-12T04:40:58.945+0000] {logging_mixin.py:154} INFO - [2023-12-12T04:40:58.945+0000] {dagbag.py:536} INFO - Filling up the DagBag from /home/airflow/.local/lib/python3.8/site-packages/airflow/example_dags/example_sla_dag.py
[2023-12-12T04:40:58.952+0000] {processor.py:839} INFO - DAG(s) dict_keys(['example_sla_dag']) retrieved from /home/airflow/.local/lib/python3.8/site-packages/airflow/example_dags/example_sla_dag.py
[2023-12-12T04:40:58.971+0000] {logging_mixin.py:154} INFO - [2023-12-12T04:40:58.970+0000] {dag.py:2941} INFO - Sync 1 DAGs
[2023-12-12T04:40:58.994+0000] {logging_mixin.py:154} INFO - [2023-12-12T04:40:58.993+0000] {dag.py:3722} INFO - Setting next_dagrun for example_sla_dag to 2023-12-12T04:38:00+00:00, run_after=2023-12-12T04:40:00+00:00
[2023-12-12T04:40:59.010+0000] {processor.py:179} INFO - Processing /home/airflow/.local/lib/python3.8/site-packages/airflow/example_dags/example_sla_dag.py took 0.068 seconds
