[2023-12-12T04:39:27.850+0000] {processor.py:157} INFO - Started process (PID=237) to work on /home/airflow/.local/lib/python3.8/site-packages/airflow/example_dags/example_time_delta_sensor_async.py
[2023-12-12T04:39:27.850+0000] {processor.py:829} INFO - Processing file /home/airflow/.local/lib/python3.8/site-packages/airflow/example_dags/example_time_delta_sensor_async.py for tasks to queue
[2023-12-12T04:39:27.851+0000] {logging_mixin.py:154} INFO - [2023-12-12T04:39:27.851+0000] {dagbag.py:536} INFO - Filling up the DagBag from /home/airflow/.local/lib/python3.8/site-packages/airflow/example_dags/example_time_delta_sensor_async.py
[2023-12-12T04:39:27.861+0000] {processor.py:839} INFO - DAG(s) dict_keys(['example_time_delta_sensor_async']) retrieved from /home/airflow/.local/lib/python3.8/site-packages/airflow/example_dags/example_time_delta_sensor_async.py
[2023-12-12T04:39:27.872+0000] {logging_mixin.py:154} INFO - [2023-12-12T04:39:27.872+0000] {dag.py:2941} INFO - Sync 1 DAGs
[2023-12-12T04:39:27.893+0000] {logging_mixin.py:154} INFO - [2023-12-12T04:39:27.892+0000] {dag.py:3722} INFO - Setting next_dagrun for example_time_delta_sensor_async to None, run_after=None
[2023-12-12T04:39:27.915+0000] {processor.py:179} INFO - Processing /home/airflow/.local/lib/python3.8/site-packages/airflow/example_dags/example_time_delta_sensor_async.py took 0.067 seconds
[2023-12-12T04:39:58.067+0000] {processor.py:157} INFO - Started process (PID=475) to work on /home/airflow/.local/lib/python3.8/site-packages/airflow/example_dags/example_time_delta_sensor_async.py
[2023-12-12T04:39:58.068+0000] {processor.py:829} INFO - Processing file /home/airflow/.local/lib/python3.8/site-packages/airflow/example_dags/example_time_delta_sensor_async.py for tasks to queue
[2023-12-12T04:39:58.068+0000] {logging_mixin.py:154} INFO - [2023-12-12T04:39:58.068+0000] {dagbag.py:536} INFO - Filling up the DagBag from /home/airflow/.local/lib/python3.8/site-packages/airflow/example_dags/example_time_delta_sensor_async.py
[2023-12-12T04:39:58.072+0000] {processor.py:839} INFO - DAG(s) dict_keys(['example_time_delta_sensor_async']) retrieved from /home/airflow/.local/lib/python3.8/site-packages/airflow/example_dags/example_time_delta_sensor_async.py
[2023-12-12T04:39:58.082+0000] {logging_mixin.py:154} INFO - [2023-12-12T04:39:58.081+0000] {dag.py:2941} INFO - Sync 1 DAGs
[2023-12-12T04:39:58.094+0000] {logging_mixin.py:154} INFO - [2023-12-12T04:39:58.094+0000] {dag.py:3722} INFO - Setting next_dagrun for example_time_delta_sensor_async to None, run_after=None
[2023-12-12T04:39:58.123+0000] {processor.py:179} INFO - Processing /home/airflow/.local/lib/python3.8/site-packages/airflow/example_dags/example_time_delta_sensor_async.py took 0.058 seconds
[2023-12-12T04:40:28.920+0000] {processor.py:157} INFO - Started process (PID=713) to work on /home/airflow/.local/lib/python3.8/site-packages/airflow/example_dags/example_time_delta_sensor_async.py
[2023-12-12T04:40:28.920+0000] {processor.py:829} INFO - Processing file /home/airflow/.local/lib/python3.8/site-packages/airflow/example_dags/example_time_delta_sensor_async.py for tasks to queue
[2023-12-12T04:40:28.921+0000] {logging_mixin.py:154} INFO - [2023-12-12T04:40:28.921+0000] {dagbag.py:536} INFO - Filling up the DagBag from /home/airflow/.local/lib/python3.8/site-packages/airflow/example_dags/example_time_delta_sensor_async.py
[2023-12-12T04:40:28.925+0000] {processor.py:839} INFO - DAG(s) dict_keys(['example_time_delta_sensor_async']) retrieved from /home/airflow/.local/lib/python3.8/site-packages/airflow/example_dags/example_time_delta_sensor_async.py
[2023-12-12T04:40:28.946+0000] {logging_mixin.py:154} INFO - [2023-12-12T04:40:28.946+0000] {dag.py:2941} INFO - Sync 1 DAGs
[2023-12-12T04:40:28.960+0000] {logging_mixin.py:154} INFO - [2023-12-12T04:40:28.960+0000] {dag.py:3722} INFO - Setting next_dagrun for example_time_delta_sensor_async to None, run_after=None
[2023-12-12T04:40:28.982+0000] {processor.py:179} INFO - Processing /home/airflow/.local/lib/python3.8/site-packages/airflow/example_dags/example_time_delta_sensor_async.py took 0.065 seconds
[2023-12-12T04:40:59.081+0000] {processor.py:157} INFO - Started process (PID=951) to work on /home/airflow/.local/lib/python3.8/site-packages/airflow/example_dags/example_time_delta_sensor_async.py
[2023-12-12T04:40:59.082+0000] {processor.py:829} INFO - Processing file /home/airflow/.local/lib/python3.8/site-packages/airflow/example_dags/example_time_delta_sensor_async.py for tasks to queue
[2023-12-12T04:40:59.083+0000] {logging_mixin.py:154} INFO - [2023-12-12T04:40:59.082+0000] {dagbag.py:536} INFO - Filling up the DagBag from /home/airflow/.local/lib/python3.8/site-packages/airflow/example_dags/example_time_delta_sensor_async.py
[2023-12-12T04:40:59.086+0000] {processor.py:839} INFO - DAG(s) dict_keys(['example_time_delta_sensor_async']) retrieved from /home/airflow/.local/lib/python3.8/site-packages/airflow/example_dags/example_time_delta_sensor_async.py
[2023-12-12T04:40:59.103+0000] {logging_mixin.py:154} INFO - [2023-12-12T04:40:59.103+0000] {dag.py:2941} INFO - Sync 1 DAGs
[2023-12-12T04:40:59.116+0000] {logging_mixin.py:154} INFO - [2023-12-12T04:40:59.116+0000] {dag.py:3722} INFO - Setting next_dagrun for example_time_delta_sensor_async to None, run_after=None
[2023-12-12T04:40:59.136+0000] {processor.py:179} INFO - Processing /home/airflow/.local/lib/python3.8/site-packages/airflow/example_dags/example_time_delta_sensor_async.py took 0.057 seconds
