[2023-12-12T04:39:27.799+0000] {processor.py:157} INFO - Started process (PID=232) to work on /home/airflow/.local/lib/python3.8/site-packages/airflow/example_dags/example_branch_operator.py
[2023-12-12T04:39:27.800+0000] {processor.py:829} INFO - Processing file /home/airflow/.local/lib/python3.8/site-packages/airflow/example_dags/example_branch_operator.py for tasks to queue
[2023-12-12T04:39:27.800+0000] {logging_mixin.py:154} INFO - [2023-12-12T04:39:27.800+0000] {dagbag.py:536} INFO - Filling up the DagBag from /home/airflow/.local/lib/python3.8/site-packages/airflow/example_dags/example_branch_operator.py
[2023-12-12T04:39:27.812+0000] {processor.py:839} INFO - DAG(s) dict_keys(['example_branch_operator']) retrieved from /home/airflow/.local/lib/python3.8/site-packages/airflow/example_dags/example_branch_operator.py
[2023-12-12T04:39:27.823+0000] {logging_mixin.py:154} INFO - [2023-12-12T04:39:27.823+0000] {dag.py:2941} INFO - Sync 1 DAGs
[2023-12-12T04:39:27.852+0000] {logging_mixin.py:154} INFO - [2023-12-12T04:39:27.852+0000] {dag.py:3722} INFO - Setting next_dagrun for example_branch_operator to 2023-12-11T00:00:00+00:00, run_after=2023-12-12T00:00:00+00:00
[2023-12-12T04:39:27.870+0000] {processor.py:179} INFO - Processing /home/airflow/.local/lib/python3.8/site-packages/airflow/example_dags/example_branch_operator.py took 0.075 seconds
[2023-12-12T04:39:58.033+0000] {processor.py:157} INFO - Started process (PID=470) to work on /home/airflow/.local/lib/python3.8/site-packages/airflow/example_dags/example_branch_operator.py
[2023-12-12T04:39:58.034+0000] {processor.py:829} INFO - Processing file /home/airflow/.local/lib/python3.8/site-packages/airflow/example_dags/example_branch_operator.py for tasks to queue
[2023-12-12T04:39:58.034+0000] {logging_mixin.py:154} INFO - [2023-12-12T04:39:58.034+0000] {dagbag.py:536} INFO - Filling up the DagBag from /home/airflow/.local/lib/python3.8/site-packages/airflow/example_dags/example_branch_operator.py
[2023-12-12T04:39:58.042+0000] {processor.py:839} INFO - DAG(s) dict_keys(['example_branch_operator']) retrieved from /home/airflow/.local/lib/python3.8/site-packages/airflow/example_dags/example_branch_operator.py
[2023-12-12T04:39:58.052+0000] {logging_mixin.py:154} INFO - [2023-12-12T04:39:58.052+0000] {dag.py:2941} INFO - Sync 1 DAGs
[2023-12-12T04:39:58.079+0000] {logging_mixin.py:154} INFO - [2023-12-12T04:39:58.078+0000] {dag.py:3722} INFO - Setting next_dagrun for example_branch_operator to 2023-12-11T00:00:00+00:00, run_after=2023-12-12T00:00:00+00:00
[2023-12-12T04:39:58.095+0000] {processor.py:179} INFO - Processing /home/airflow/.local/lib/python3.8/site-packages/airflow/example_dags/example_branch_operator.py took 0.064 seconds
[2023-12-12T04:40:28.870+0000] {processor.py:157} INFO - Started process (PID=708) to work on /home/airflow/.local/lib/python3.8/site-packages/airflow/example_dags/example_branch_operator.py
[2023-12-12T04:40:28.870+0000] {processor.py:829} INFO - Processing file /home/airflow/.local/lib/python3.8/site-packages/airflow/example_dags/example_branch_operator.py for tasks to queue
[2023-12-12T04:40:28.871+0000] {logging_mixin.py:154} INFO - [2023-12-12T04:40:28.871+0000] {dagbag.py:536} INFO - Filling up the DagBag from /home/airflow/.local/lib/python3.8/site-packages/airflow/example_dags/example_branch_operator.py
[2023-12-12T04:40:28.879+0000] {processor.py:839} INFO - DAG(s) dict_keys(['example_branch_operator']) retrieved from /home/airflow/.local/lib/python3.8/site-packages/airflow/example_dags/example_branch_operator.py
[2023-12-12T04:40:28.898+0000] {logging_mixin.py:154} INFO - [2023-12-12T04:40:28.898+0000] {dag.py:2941} INFO - Sync 1 DAGs
[2023-12-12T04:40:28.921+0000] {logging_mixin.py:154} INFO - [2023-12-12T04:40:28.921+0000] {dag.py:3722} INFO - Setting next_dagrun for example_branch_operator to 2023-12-11T00:00:00+00:00, run_after=2023-12-12T00:00:00+00:00
[2023-12-12T04:40:28.944+0000] {processor.py:179} INFO - Processing /home/airflow/.local/lib/python3.8/site-packages/airflow/example_dags/example_branch_operator.py took 0.077 seconds
[2023-12-12T04:40:59.031+0000] {processor.py:157} INFO - Started process (PID=946) to work on /home/airflow/.local/lib/python3.8/site-packages/airflow/example_dags/example_branch_operator.py
[2023-12-12T04:40:59.032+0000] {processor.py:829} INFO - Processing file /home/airflow/.local/lib/python3.8/site-packages/airflow/example_dags/example_branch_operator.py for tasks to queue
[2023-12-12T04:40:59.032+0000] {logging_mixin.py:154} INFO - [2023-12-12T04:40:59.032+0000] {dagbag.py:536} INFO - Filling up the DagBag from /home/airflow/.local/lib/python3.8/site-packages/airflow/example_dags/example_branch_operator.py
[2023-12-12T04:40:59.040+0000] {processor.py:839} INFO - DAG(s) dict_keys(['example_branch_operator']) retrieved from /home/airflow/.local/lib/python3.8/site-packages/airflow/example_dags/example_branch_operator.py
[2023-12-12T04:40:59.061+0000] {logging_mixin.py:154} INFO - [2023-12-12T04:40:59.060+0000] {dag.py:2941} INFO - Sync 1 DAGs
[2023-12-12T04:40:59.084+0000] {logging_mixin.py:154} INFO - [2023-12-12T04:40:59.084+0000] {dag.py:3722} INFO - Setting next_dagrun for example_branch_operator to 2023-12-11T00:00:00+00:00, run_after=2023-12-12T00:00:00+00:00
[2023-12-12T04:40:59.101+0000] {processor.py:179} INFO - Processing /home/airflow/.local/lib/python3.8/site-packages/airflow/example_dags/example_branch_operator.py took 0.073 seconds
