[2023-12-12T04:39:27.277+0000] {processor.py:157} INFO - Started process (PID=182) to work on /home/airflow/.local/lib/python3.8/site-packages/airflow/example_dags/example_setup_teardown_taskflow.py
[2023-12-12T04:39:27.278+0000] {processor.py:829} INFO - Processing file /home/airflow/.local/lib/python3.8/site-packages/airflow/example_dags/example_setup_teardown_taskflow.py for tasks to queue
[2023-12-12T04:39:27.279+0000] {logging_mixin.py:154} INFO - [2023-12-12T04:39:27.278+0000] {dagbag.py:536} INFO - Filling up the DagBag from /home/airflow/.local/lib/python3.8/site-packages/airflow/example_dags/example_setup_teardown_taskflow.py
[2023-12-12T04:39:27.293+0000] {processor.py:839} INFO - DAG(s) dict_keys(['example_setup_teardown_taskflow']) retrieved from /home/airflow/.local/lib/python3.8/site-packages/airflow/example_dags/example_setup_teardown_taskflow.py
[2023-12-12T04:39:27.304+0000] {logging_mixin.py:154} INFO - [2023-12-12T04:39:27.304+0000] {dag.py:2941} INFO - Sync 1 DAGs
[2023-12-12T04:39:27.330+0000] {logging_mixin.py:154} INFO - [2023-12-12T04:39:27.330+0000] {dag.py:3722} INFO - Setting next_dagrun for example_setup_teardown_taskflow to 2023-12-11T04:39:27.327851+00:00, run_after=2023-12-12T04:39:27.327851+00:00
[2023-12-12T04:39:27.353+0000] {processor.py:179} INFO - Processing /home/airflow/.local/lib/python3.8/site-packages/airflow/example_dags/example_setup_teardown_taskflow.py took 0.080 seconds
[2023-12-12T04:39:57.623+0000] {processor.py:157} INFO - Started process (PID=420) to work on /home/airflow/.local/lib/python3.8/site-packages/airflow/example_dags/example_setup_teardown_taskflow.py
[2023-12-12T04:39:57.623+0000] {processor.py:829} INFO - Processing file /home/airflow/.local/lib/python3.8/site-packages/airflow/example_dags/example_setup_teardown_taskflow.py for tasks to queue
[2023-12-12T04:39:57.624+0000] {logging_mixin.py:154} INFO - [2023-12-12T04:39:57.624+0000] {dagbag.py:536} INFO - Filling up the DagBag from /home/airflow/.local/lib/python3.8/site-packages/airflow/example_dags/example_setup_teardown_taskflow.py
[2023-12-12T04:39:57.632+0000] {processor.py:839} INFO - DAG(s) dict_keys(['example_setup_teardown_taskflow']) retrieved from /home/airflow/.local/lib/python3.8/site-packages/airflow/example_dags/example_setup_teardown_taskflow.py
[2023-12-12T04:39:57.642+0000] {logging_mixin.py:154} INFO - [2023-12-12T04:39:57.641+0000] {dag.py:2941} INFO - Sync 1 DAGs
[2023-12-12T04:39:57.664+0000] {logging_mixin.py:154} INFO - [2023-12-12T04:39:57.664+0000] {dag.py:3722} INFO - Setting next_dagrun for example_setup_teardown_taskflow to 2023-12-11T04:39:57.663930+00:00, run_after=2023-12-12T04:39:57.663930+00:00
[2023-12-12T04:39:57.681+0000] {processor.py:179} INFO - Processing /home/airflow/.local/lib/python3.8/site-packages/airflow/example_dags/example_setup_teardown_taskflow.py took 0.061 seconds
[2023-12-12T04:40:28.176+0000] {processor.py:157} INFO - Started process (PID=658) to work on /home/airflow/.local/lib/python3.8/site-packages/airflow/example_dags/example_setup_teardown_taskflow.py
[2023-12-12T04:40:28.177+0000] {processor.py:829} INFO - Processing file /home/airflow/.local/lib/python3.8/site-packages/airflow/example_dags/example_setup_teardown_taskflow.py for tasks to queue
[2023-12-12T04:40:28.177+0000] {logging_mixin.py:154} INFO - [2023-12-12T04:40:28.177+0000] {dagbag.py:536} INFO - Filling up the DagBag from /home/airflow/.local/lib/python3.8/site-packages/airflow/example_dags/example_setup_teardown_taskflow.py
[2023-12-12T04:40:28.186+0000] {processor.py:839} INFO - DAG(s) dict_keys(['example_setup_teardown_taskflow']) retrieved from /home/airflow/.local/lib/python3.8/site-packages/airflow/example_dags/example_setup_teardown_taskflow.py
[2023-12-12T04:40:28.208+0000] {logging_mixin.py:154} INFO - [2023-12-12T04:40:28.208+0000] {dag.py:2941} INFO - Sync 1 DAGs
[2023-12-12T04:40:28.234+0000] {logging_mixin.py:154} INFO - [2023-12-12T04:40:28.234+0000] {dag.py:3722} INFO - Setting next_dagrun for example_setup_teardown_taskflow to 2023-12-11T04:40:28.233831+00:00, run_after=2023-12-12T04:40:28.233831+00:00
[2023-12-12T04:40:28.257+0000] {processor.py:179} INFO - Processing /home/airflow/.local/lib/python3.8/site-packages/airflow/example_dags/example_setup_teardown_taskflow.py took 0.083 seconds
[2023-12-12T04:40:58.577+0000] {processor.py:157} INFO - Started process (PID=898) to work on /home/airflow/.local/lib/python3.8/site-packages/airflow/example_dags/example_setup_teardown_taskflow.py
[2023-12-12T04:40:58.578+0000] {processor.py:829} INFO - Processing file /home/airflow/.local/lib/python3.8/site-packages/airflow/example_dags/example_setup_teardown_taskflow.py for tasks to queue
[2023-12-12T04:40:58.578+0000] {logging_mixin.py:154} INFO - [2023-12-12T04:40:58.578+0000] {dagbag.py:536} INFO - Filling up the DagBag from /home/airflow/.local/lib/python3.8/site-packages/airflow/example_dags/example_setup_teardown_taskflow.py
[2023-12-12T04:40:58.586+0000] {processor.py:839} INFO - DAG(s) dict_keys(['example_setup_teardown_taskflow']) retrieved from /home/airflow/.local/lib/python3.8/site-packages/airflow/example_dags/example_setup_teardown_taskflow.py
[2023-12-12T04:40:58.605+0000] {logging_mixin.py:154} INFO - [2023-12-12T04:40:58.604+0000] {dag.py:2941} INFO - Sync 1 DAGs
[2023-12-12T04:40:58.624+0000] {logging_mixin.py:154} INFO - [2023-12-12T04:40:58.624+0000] {dag.py:3722} INFO - Setting next_dagrun for example_setup_teardown_taskflow to 2023-12-11T04:40:58.623809+00:00, run_after=2023-12-12T04:40:58.623809+00:00
[2023-12-12T04:40:58.641+0000] {processor.py:179} INFO - Processing /home/airflow/.local/lib/python3.8/site-packages/airflow/example_dags/example_setup_teardown_taskflow.py took 0.066 seconds
