[2023-12-12T04:39:28.354+0000] {processor.py:157} INFO - Started process (PID=292) to work on /home/airflow/.local/lib/python3.8/site-packages/airflow/example_dags/example_external_task_marker_dag.py
[2023-12-12T04:39:28.355+0000] {processor.py:829} INFO - Processing file /home/airflow/.local/lib/python3.8/site-packages/airflow/example_dags/example_external_task_marker_dag.py for tasks to queue
[2023-12-12T04:39:28.355+0000] {logging_mixin.py:154} INFO - [2023-12-12T04:39:28.355+0000] {dagbag.py:536} INFO - Filling up the DagBag from /home/airflow/.local/lib/python3.8/site-packages/airflow/example_dags/example_external_task_marker_dag.py
[2023-12-12T04:39:28.364+0000] {processor.py:839} INFO - DAG(s) dict_keys(['example_external_task_marker_parent', 'example_external_task_marker_child']) retrieved from /home/airflow/.local/lib/python3.8/site-packages/airflow/example_dags/example_external_task_marker_dag.py
[2023-12-12T04:39:28.376+0000] {logging_mixin.py:154} INFO - [2023-12-12T04:39:28.375+0000] {dag.py:2941} INFO - Sync 2 DAGs
[2023-12-12T04:39:28.391+0000] {logging_mixin.py:154} INFO - [2023-12-12T04:39:28.391+0000] {dag.py:3722} INFO - Setting next_dagrun for example_external_task_marker_child to None, run_after=None
[2023-12-12T04:39:28.396+0000] {logging_mixin.py:154} INFO - [2023-12-12T04:39:28.396+0000] {dag.py:3722} INFO - Setting next_dagrun for example_external_task_marker_parent to None, run_after=None
[2023-12-12T04:39:28.415+0000] {processor.py:179} INFO - Processing /home/airflow/.local/lib/python3.8/site-packages/airflow/example_dags/example_external_task_marker_dag.py took 0.063 seconds
[2023-12-12T04:39:58.499+0000] {processor.py:157} INFO - Started process (PID=530) to work on /home/airflow/.local/lib/python3.8/site-packages/airflow/example_dags/example_external_task_marker_dag.py
[2023-12-12T04:39:58.499+0000] {processor.py:829} INFO - Processing file /home/airflow/.local/lib/python3.8/site-packages/airflow/example_dags/example_external_task_marker_dag.py for tasks to queue
[2023-12-12T04:39:58.500+0000] {logging_mixin.py:154} INFO - [2023-12-12T04:39:58.500+0000] {dagbag.py:536} INFO - Filling up the DagBag from /home/airflow/.local/lib/python3.8/site-packages/airflow/example_dags/example_external_task_marker_dag.py
[2023-12-12T04:39:58.504+0000] {processor.py:839} INFO - DAG(s) dict_keys(['example_external_task_marker_child', 'example_external_task_marker_parent']) retrieved from /home/airflow/.local/lib/python3.8/site-packages/airflow/example_dags/example_external_task_marker_dag.py
[2023-12-12T04:39:58.515+0000] {logging_mixin.py:154} INFO - [2023-12-12T04:39:58.515+0000] {dag.py:2941} INFO - Sync 2 DAGs
[2023-12-12T04:39:58.528+0000] {logging_mixin.py:154} INFO - [2023-12-12T04:39:58.528+0000] {dag.py:3722} INFO - Setting next_dagrun for example_external_task_marker_child to None, run_after=None
[2023-12-12T04:39:58.531+0000] {logging_mixin.py:154} INFO - [2023-12-12T04:39:58.531+0000] {dag.py:3722} INFO - Setting next_dagrun for example_external_task_marker_parent to None, run_after=None
[2023-12-12T04:39:58.547+0000] {processor.py:179} INFO - Processing /home/airflow/.local/lib/python3.8/site-packages/airflow/example_dags/example_external_task_marker_dag.py took 0.050 seconds
[2023-12-12T04:40:29.615+0000] {processor.py:157} INFO - Started process (PID=768) to work on /home/airflow/.local/lib/python3.8/site-packages/airflow/example_dags/example_external_task_marker_dag.py
[2023-12-12T04:40:29.616+0000] {processor.py:829} INFO - Processing file /home/airflow/.local/lib/python3.8/site-packages/airflow/example_dags/example_external_task_marker_dag.py for tasks to queue
[2023-12-12T04:40:29.616+0000] {logging_mixin.py:154} INFO - [2023-12-12T04:40:29.616+0000] {dagbag.py:536} INFO - Filling up the DagBag from /home/airflow/.local/lib/python3.8/site-packages/airflow/example_dags/example_external_task_marker_dag.py
[2023-12-12T04:40:29.623+0000] {processor.py:839} INFO - DAG(s) dict_keys(['example_external_task_marker_parent', 'example_external_task_marker_child']) retrieved from /home/airflow/.local/lib/python3.8/site-packages/airflow/example_dags/example_external_task_marker_dag.py
[2023-12-12T04:40:29.657+0000] {logging_mixin.py:154} INFO - [2023-12-12T04:40:29.657+0000] {dag.py:2941} INFO - Sync 2 DAGs
[2023-12-12T04:40:29.672+0000] {logging_mixin.py:154} INFO - [2023-12-12T04:40:29.672+0000] {dag.py:3722} INFO - Setting next_dagrun for example_external_task_marker_child to None, run_after=None
[2023-12-12T04:40:29.676+0000] {logging_mixin.py:154} INFO - [2023-12-12T04:40:29.676+0000] {dag.py:3722} INFO - Setting next_dagrun for example_external_task_marker_parent to None, run_after=None
[2023-12-12T04:40:29.693+0000] {processor.py:179} INFO - Processing /home/airflow/.local/lib/python3.8/site-packages/airflow/example_dags/example_external_task_marker_dag.py took 0.082 seconds
[2023-12-12T04:41:00.640+0000] {processor.py:157} INFO - Started process (PID=1006) to work on /home/airflow/.local/lib/python3.8/site-packages/airflow/example_dags/example_external_task_marker_dag.py
[2023-12-12T04:41:00.641+0000] {processor.py:829} INFO - Processing file /home/airflow/.local/lib/python3.8/site-packages/airflow/example_dags/example_external_task_marker_dag.py for tasks to queue
[2023-12-12T04:41:00.641+0000] {logging_mixin.py:154} INFO - [2023-12-12T04:41:00.641+0000] {dagbag.py:536} INFO - Filling up the DagBag from /home/airflow/.local/lib/python3.8/site-packages/airflow/example_dags/example_external_task_marker_dag.py
[2023-12-12T04:41:00.646+0000] {processor.py:839} INFO - DAG(s) dict_keys(['example_external_task_marker_parent', 'example_external_task_marker_child']) retrieved from /home/airflow/.local/lib/python3.8/site-packages/airflow/example_dags/example_external_task_marker_dag.py
[2023-12-12T04:41:00.667+0000] {logging_mixin.py:154} INFO - [2023-12-12T04:41:00.667+0000] {dag.py:2941} INFO - Sync 2 DAGs
[2023-12-12T04:41:00.680+0000] {logging_mixin.py:154} INFO - [2023-12-12T04:41:00.680+0000] {dag.py:3722} INFO - Setting next_dagrun for example_external_task_marker_child to None, run_after=None
[2023-12-12T04:41:00.683+0000] {logging_mixin.py:154} INFO - [2023-12-12T04:41:00.683+0000] {dag.py:3722} INFO - Setting next_dagrun for example_external_task_marker_parent to None, run_after=None
[2023-12-12T04:41:00.697+0000] {processor.py:179} INFO - Processing /home/airflow/.local/lib/python3.8/site-packages/airflow/example_dags/example_external_task_marker_dag.py took 0.060 seconds
