[2023-12-12T04:39:27.617+0000] {processor.py:157} INFO - Started process (PID=217) to work on /home/airflow/.local/lib/python3.8/site-packages/airflow/example_dags/example_nested_branch_dag.py
[2023-12-12T04:39:27.618+0000] {processor.py:829} INFO - Processing file /home/airflow/.local/lib/python3.8/site-packages/airflow/example_dags/example_nested_branch_dag.py for tasks to queue
[2023-12-12T04:39:27.619+0000] {logging_mixin.py:154} INFO - [2023-12-12T04:39:27.618+0000] {dagbag.py:536} INFO - Filling up the DagBag from /home/airflow/.local/lib/python3.8/site-packages/airflow/example_dags/example_nested_branch_dag.py
[2023-12-12T04:39:27.636+0000] {processor.py:839} INFO - DAG(s) dict_keys(['example_nested_branch_dag']) retrieved from /home/airflow/.local/lib/python3.8/site-packages/airflow/example_dags/example_nested_branch_dag.py
[2023-12-12T04:39:27.647+0000] {logging_mixin.py:154} INFO - [2023-12-12T04:39:27.646+0000] {dag.py:2941} INFO - Sync 1 DAGs
[2023-12-12T04:39:27.681+0000] {logging_mixin.py:154} INFO - [2023-12-12T04:39:27.681+0000] {dag.py:3722} INFO - Setting next_dagrun for example_nested_branch_dag to 2023-12-11T00:00:00+00:00, run_after=2023-12-12T00:00:00+00:00
[2023-12-12T04:39:27.707+0000] {processor.py:179} INFO - Processing /home/airflow/.local/lib/python3.8/site-packages/airflow/example_dags/example_nested_branch_dag.py took 0.092 seconds
[2023-12-12T04:39:57.893+0000] {processor.py:157} INFO - Started process (PID=455) to work on /home/airflow/.local/lib/python3.8/site-packages/airflow/example_dags/example_nested_branch_dag.py
[2023-12-12T04:39:57.894+0000] {processor.py:829} INFO - Processing file /home/airflow/.local/lib/python3.8/site-packages/airflow/example_dags/example_nested_branch_dag.py for tasks to queue
[2023-12-12T04:39:57.894+0000] {logging_mixin.py:154} INFO - [2023-12-12T04:39:57.894+0000] {dagbag.py:536} INFO - Filling up the DagBag from /home/airflow/.local/lib/python3.8/site-packages/airflow/example_dags/example_nested_branch_dag.py
[2023-12-12T04:39:57.903+0000] {processor.py:839} INFO - DAG(s) dict_keys(['example_nested_branch_dag']) retrieved from /home/airflow/.local/lib/python3.8/site-packages/airflow/example_dags/example_nested_branch_dag.py
[2023-12-12T04:39:57.912+0000] {logging_mixin.py:154} INFO - [2023-12-12T04:39:57.912+0000] {dag.py:2941} INFO - Sync 1 DAGs
[2023-12-12T04:39:57.942+0000] {logging_mixin.py:154} INFO - [2023-12-12T04:39:57.941+0000] {dag.py:3722} INFO - Setting next_dagrun for example_nested_branch_dag to 2023-12-11T00:00:00+00:00, run_after=2023-12-12T00:00:00+00:00
[2023-12-12T04:39:57.960+0000] {processor.py:179} INFO - Processing /home/airflow/.local/lib/python3.8/site-packages/airflow/example_dags/example_nested_branch_dag.py took 0.069 seconds
[2023-12-12T04:40:28.657+0000] {processor.py:157} INFO - Started process (PID=693) to work on /home/airflow/.local/lib/python3.8/site-packages/airflow/example_dags/example_nested_branch_dag.py
[2023-12-12T04:40:28.658+0000] {processor.py:829} INFO - Processing file /home/airflow/.local/lib/python3.8/site-packages/airflow/example_dags/example_nested_branch_dag.py for tasks to queue
[2023-12-12T04:40:28.659+0000] {logging_mixin.py:154} INFO - [2023-12-12T04:40:28.658+0000] {dagbag.py:536} INFO - Filling up the DagBag from /home/airflow/.local/lib/python3.8/site-packages/airflow/example_dags/example_nested_branch_dag.py
[2023-12-12T04:40:28.674+0000] {processor.py:839} INFO - DAG(s) dict_keys(['example_nested_branch_dag']) retrieved from /home/airflow/.local/lib/python3.8/site-packages/airflow/example_dags/example_nested_branch_dag.py
[2023-12-12T04:40:28.698+0000] {logging_mixin.py:154} INFO - [2023-12-12T04:40:28.698+0000] {dag.py:2941} INFO - Sync 1 DAGs
[2023-12-12T04:40:28.730+0000] {logging_mixin.py:154} INFO - [2023-12-12T04:40:28.729+0000] {dag.py:3722} INFO - Setting next_dagrun for example_nested_branch_dag to 2023-12-11T00:00:00+00:00, run_after=2023-12-12T00:00:00+00:00
[2023-12-12T04:40:28.760+0000] {processor.py:179} INFO - Processing /home/airflow/.local/lib/python3.8/site-packages/airflow/example_dags/example_nested_branch_dag.py took 0.108 seconds
[2023-12-12T04:40:58.892+0000] {processor.py:157} INFO - Started process (PID=931) to work on /home/airflow/.local/lib/python3.8/site-packages/airflow/example_dags/example_nested_branch_dag.py
[2023-12-12T04:40:58.893+0000] {processor.py:829} INFO - Processing file /home/airflow/.local/lib/python3.8/site-packages/airflow/example_dags/example_nested_branch_dag.py for tasks to queue
[2023-12-12T04:40:58.894+0000] {logging_mixin.py:154} INFO - [2023-12-12T04:40:58.893+0000] {dagbag.py:536} INFO - Filling up the DagBag from /home/airflow/.local/lib/python3.8/site-packages/airflow/example_dags/example_nested_branch_dag.py
[2023-12-12T04:40:58.902+0000] {processor.py:839} INFO - DAG(s) dict_keys(['example_nested_branch_dag']) retrieved from /home/airflow/.local/lib/python3.8/site-packages/airflow/example_dags/example_nested_branch_dag.py
[2023-12-12T04:40:58.920+0000] {logging_mixin.py:154} INFO - [2023-12-12T04:40:58.920+0000] {dag.py:2941} INFO - Sync 1 DAGs
[2023-12-12T04:40:58.942+0000] {logging_mixin.py:154} INFO - [2023-12-12T04:40:58.941+0000] {dag.py:3722} INFO - Setting next_dagrun for example_nested_branch_dag to 2023-12-11T00:00:00+00:00, run_after=2023-12-12T00:00:00+00:00
[2023-12-12T04:40:58.959+0000] {processor.py:179} INFO - Processing /home/airflow/.local/lib/python3.8/site-packages/airflow/example_dags/example_nested_branch_dag.py took 0.069 seconds
