[2023-12-12T04:39:27.740+0000] {processor.py:157} INFO - Started process (PID=227) to work on /home/airflow/.local/lib/python3.8/site-packages/airflow/example_dags/example_bash_operator.py
[2023-12-12T04:39:27.740+0000] {processor.py:829} INFO - Processing file /home/airflow/.local/lib/python3.8/site-packages/airflow/example_dags/example_bash_operator.py for tasks to queue
[2023-12-12T04:39:27.741+0000] {logging_mixin.py:154} INFO - [2023-12-12T04:39:27.741+0000] {dagbag.py:536} INFO - Filling up the DagBag from /home/airflow/.local/lib/python3.8/site-packages/airflow/example_dags/example_bash_operator.py
[2023-12-12T04:39:27.759+0000] {processor.py:839} INFO - DAG(s) dict_keys(['example_bash_operator']) retrieved from /home/airflow/.local/lib/python3.8/site-packages/airflow/example_dags/example_bash_operator.py
[2023-12-12T04:39:27.770+0000] {logging_mixin.py:154} INFO - [2023-12-12T04:39:27.770+0000] {dag.py:2941} INFO - Sync 1 DAGs
[2023-12-12T04:39:27.800+0000] {logging_mixin.py:154} INFO - [2023-12-12T04:39:27.800+0000] {dag.py:3722} INFO - Setting next_dagrun for example_bash_operator to 2023-12-11T00:00:00+00:00, run_after=2023-12-12T00:00:00+00:00
[2023-12-12T04:39:27.822+0000] {processor.py:179} INFO - Processing /home/airflow/.local/lib/python3.8/site-packages/airflow/example_dags/example_bash_operator.py took 0.086 seconds
[2023-12-12T04:39:57.983+0000] {processor.py:157} INFO - Started process (PID=465) to work on /home/airflow/.local/lib/python3.8/site-packages/airflow/example_dags/example_bash_operator.py
[2023-12-12T04:39:57.983+0000] {processor.py:829} INFO - Processing file /home/airflow/.local/lib/python3.8/site-packages/airflow/example_dags/example_bash_operator.py for tasks to queue
[2023-12-12T04:39:57.984+0000] {logging_mixin.py:154} INFO - [2023-12-12T04:39:57.984+0000] {dagbag.py:536} INFO - Filling up the DagBag from /home/airflow/.local/lib/python3.8/site-packages/airflow/example_dags/example_bash_operator.py
[2023-12-12T04:39:57.994+0000] {processor.py:839} INFO - DAG(s) dict_keys(['example_bash_operator']) retrieved from /home/airflow/.local/lib/python3.8/site-packages/airflow/example_dags/example_bash_operator.py
[2023-12-12T04:39:58.004+0000] {logging_mixin.py:154} INFO - [2023-12-12T04:39:58.003+0000] {dag.py:2941} INFO - Sync 1 DAGs
[2023-12-12T04:39:58.027+0000] {logging_mixin.py:154} INFO - [2023-12-12T04:39:58.027+0000] {dag.py:3722} INFO - Setting next_dagrun for example_bash_operator to 2023-12-11T00:00:00+00:00, run_after=2023-12-12T00:00:00+00:00
[2023-12-12T04:39:58.044+0000] {processor.py:179} INFO - Processing /home/airflow/.local/lib/python3.8/site-packages/airflow/example_dags/example_bash_operator.py took 0.063 seconds
[2023-12-12T04:40:28.794+0000] {processor.py:157} INFO - Started process (PID=703) to work on /home/airflow/.local/lib/python3.8/site-packages/airflow/example_dags/example_bash_operator.py
[2023-12-12T04:40:28.795+0000] {processor.py:829} INFO - Processing file /home/airflow/.local/lib/python3.8/site-packages/airflow/example_dags/example_bash_operator.py for tasks to queue
[2023-12-12T04:40:28.796+0000] {logging_mixin.py:154} INFO - [2023-12-12T04:40:28.796+0000] {dagbag.py:536} INFO - Filling up the DagBag from /home/airflow/.local/lib/python3.8/site-packages/airflow/example_dags/example_bash_operator.py
[2023-12-12T04:40:28.808+0000] {processor.py:839} INFO - DAG(s) dict_keys(['example_bash_operator']) retrieved from /home/airflow/.local/lib/python3.8/site-packages/airflow/example_dags/example_bash_operator.py
[2023-12-12T04:40:28.850+0000] {logging_mixin.py:154} INFO - [2023-12-12T04:40:28.849+0000] {dag.py:2941} INFO - Sync 1 DAGs
[2023-12-12T04:40:28.874+0000] {logging_mixin.py:154} INFO - [2023-12-12T04:40:28.873+0000] {dag.py:3722} INFO - Setting next_dagrun for example_bash_operator to 2023-12-11T00:00:00+00:00, run_after=2023-12-12T00:00:00+00:00
[2023-12-12T04:40:28.898+0000] {processor.py:179} INFO - Processing /home/airflow/.local/lib/python3.8/site-packages/airflow/example_dags/example_bash_operator.py took 0.107 seconds
[2023-12-12T04:40:58.982+0000] {processor.py:157} INFO - Started process (PID=941) to work on /home/airflow/.local/lib/python3.8/site-packages/airflow/example_dags/example_bash_operator.py
[2023-12-12T04:40:58.982+0000] {processor.py:829} INFO - Processing file /home/airflow/.local/lib/python3.8/site-packages/airflow/example_dags/example_bash_operator.py for tasks to queue
[2023-12-12T04:40:58.983+0000] {logging_mixin.py:154} INFO - [2023-12-12T04:40:58.983+0000] {dagbag.py:536} INFO - Filling up the DagBag from /home/airflow/.local/lib/python3.8/site-packages/airflow/example_dags/example_bash_operator.py
[2023-12-12T04:40:58.993+0000] {processor.py:839} INFO - DAG(s) dict_keys(['example_bash_operator']) retrieved from /home/airflow/.local/lib/python3.8/site-packages/airflow/example_dags/example_bash_operator.py
[2023-12-12T04:40:59.020+0000] {logging_mixin.py:154} INFO - [2023-12-12T04:40:59.020+0000] {dag.py:2941} INFO - Sync 1 DAGs
[2023-12-12T04:40:59.042+0000] {logging_mixin.py:154} INFO - [2023-12-12T04:40:59.041+0000] {dag.py:3722} INFO - Setting next_dagrun for example_bash_operator to 2023-12-11T00:00:00+00:00, run_after=2023-12-12T00:00:00+00:00
[2023-12-12T04:40:59.058+0000] {processor.py:179} INFO - Processing /home/airflow/.local/lib/python3.8/site-packages/airflow/example_dags/example_bash_operator.py took 0.079 seconds
