[2023-12-12T04:39:28.873+0000] {processor.py:157} INFO - Started process (PID=334) to work on /home/airflow/.local/lib/python3.8/site-packages/airflow/example_dags/example_skip_dag.py
[2023-12-12T04:39:28.874+0000] {processor.py:829} INFO - Processing file /home/airflow/.local/lib/python3.8/site-packages/airflow/example_dags/example_skip_dag.py for tasks to queue
[2023-12-12T04:39:28.874+0000] {logging_mixin.py:154} INFO - [2023-12-12T04:39:28.874+0000] {dagbag.py:536} INFO - Filling up the DagBag from /home/airflow/.local/lib/python3.8/site-packages/airflow/example_dags/example_skip_dag.py
[2023-12-12T04:39:28.881+0000] {processor.py:839} INFO - DAG(s) dict_keys(['example_skip_dag']) retrieved from /home/airflow/.local/lib/python3.8/site-packages/airflow/example_dags/example_skip_dag.py
[2023-12-12T04:39:28.890+0000] {logging_mixin.py:154} INFO - [2023-12-12T04:39:28.890+0000] {dag.py:2941} INFO - Sync 1 DAGs
[2023-12-12T04:39:28.911+0000] {logging_mixin.py:154} INFO - [2023-12-12T04:39:28.911+0000] {dag.py:3722} INFO - Setting next_dagrun for example_skip_dag to 2023-12-11T04:39:28.910894+00:00, run_after=2023-12-12T04:39:28.910894+00:00
[2023-12-12T04:39:28.930+0000] {processor.py:179} INFO - Processing /home/airflow/.local/lib/python3.8/site-packages/airflow/example_dags/example_skip_dag.py took 0.059 seconds
[2023-12-12T04:39:59.974+0000] {processor.py:157} INFO - Started process (PID=570) to work on /home/airflow/.local/lib/python3.8/site-packages/airflow/example_dags/example_skip_dag.py
[2023-12-12T04:39:59.975+0000] {processor.py:829} INFO - Processing file /home/airflow/.local/lib/python3.8/site-packages/airflow/example_dags/example_skip_dag.py for tasks to queue
[2023-12-12T04:39:59.977+0000] {logging_mixin.py:154} INFO - [2023-12-12T04:39:59.976+0000] {dagbag.py:536} INFO - Filling up the DagBag from /home/airflow/.local/lib/python3.8/site-packages/airflow/example_dags/example_skip_dag.py
[2023-12-12T04:39:59.985+0000] {processor.py:839} INFO - DAG(s) dict_keys(['example_skip_dag']) retrieved from /home/airflow/.local/lib/python3.8/site-packages/airflow/example_dags/example_skip_dag.py
[2023-12-12T04:40:00.000+0000] {logging_mixin.py:154} INFO - [2023-12-12T04:40:00.000+0000] {dag.py:2941} INFO - Sync 1 DAGs
[2023-12-12T04:40:00.033+0000] {logging_mixin.py:154} INFO - [2023-12-12T04:40:00.033+0000] {dag.py:3722} INFO - Setting next_dagrun for example_skip_dag to 2023-12-11T04:40:00.033163+00:00, run_after=2023-12-12T04:40:00.033163+00:00
[2023-12-12T04:40:00.059+0000] {processor.py:179} INFO - Processing /home/airflow/.local/lib/python3.8/site-packages/airflow/example_dags/example_skip_dag.py took 0.087 seconds
[2023-12-12T04:40:30.119+0000] {processor.py:157} INFO - Started process (PID=808) to work on /home/airflow/.local/lib/python3.8/site-packages/airflow/example_dags/example_skip_dag.py
[2023-12-12T04:40:30.120+0000] {processor.py:829} INFO - Processing file /home/airflow/.local/lib/python3.8/site-packages/airflow/example_dags/example_skip_dag.py for tasks to queue
[2023-12-12T04:40:30.121+0000] {logging_mixin.py:154} INFO - [2023-12-12T04:40:30.121+0000] {dagbag.py:536} INFO - Filling up the DagBag from /home/airflow/.local/lib/python3.8/site-packages/airflow/example_dags/example_skip_dag.py
[2023-12-12T04:40:30.127+0000] {processor.py:839} INFO - DAG(s) dict_keys(['example_skip_dag']) retrieved from /home/airflow/.local/lib/python3.8/site-packages/airflow/example_dags/example_skip_dag.py
[2023-12-12T04:40:30.146+0000] {logging_mixin.py:154} INFO - [2023-12-12T04:40:30.145+0000] {dag.py:2941} INFO - Sync 1 DAGs
[2023-12-12T04:40:30.166+0000] {logging_mixin.py:154} INFO - [2023-12-12T04:40:30.166+0000] {dag.py:3722} INFO - Setting next_dagrun for example_skip_dag to 2023-12-11T04:40:30.165971+00:00, run_after=2023-12-12T04:40:30.165971+00:00
[2023-12-12T04:40:30.184+0000] {processor.py:179} INFO - Processing /home/airflow/.local/lib/python3.8/site-packages/airflow/example_dags/example_skip_dag.py took 0.067 seconds
[2023-12-12T04:41:01.083+0000] {processor.py:157} INFO - Started process (PID=1048) to work on /home/airflow/.local/lib/python3.8/site-packages/airflow/example_dags/example_skip_dag.py
[2023-12-12T04:41:01.084+0000] {processor.py:829} INFO - Processing file /home/airflow/.local/lib/python3.8/site-packages/airflow/example_dags/example_skip_dag.py for tasks to queue
[2023-12-12T04:41:01.084+0000] {logging_mixin.py:154} INFO - [2023-12-12T04:41:01.084+0000] {dagbag.py:536} INFO - Filling up the DagBag from /home/airflow/.local/lib/python3.8/site-packages/airflow/example_dags/example_skip_dag.py
[2023-12-12T04:41:01.090+0000] {processor.py:839} INFO - DAG(s) dict_keys(['example_skip_dag']) retrieved from /home/airflow/.local/lib/python3.8/site-packages/airflow/example_dags/example_skip_dag.py
[2023-12-12T04:41:01.107+0000] {logging_mixin.py:154} INFO - [2023-12-12T04:41:01.107+0000] {dag.py:2941} INFO - Sync 1 DAGs
[2023-12-12T04:41:01.127+0000] {logging_mixin.py:154} INFO - [2023-12-12T04:41:01.127+0000] {dag.py:3722} INFO - Setting next_dagrun for example_skip_dag to 2023-12-11T04:41:01.127037+00:00, run_after=2023-12-12T04:41:01.127037+00:00
[2023-12-12T04:41:01.143+0000] {processor.py:179} INFO - Processing /home/airflow/.local/lib/python3.8/site-packages/airflow/example_dags/example_skip_dag.py took 0.062 seconds
