[2023-12-12T04:39:27.450+0000] {processor.py:157} INFO - Started process (PID=199) to work on /home/airflow/.local/lib/python3.8/site-packages/airflow/example_dags/example_latest_only.py
[2023-12-12T04:39:27.451+0000] {processor.py:829} INFO - Processing file /home/airflow/.local/lib/python3.8/site-packages/airflow/example_dags/example_latest_only.py for tasks to queue
[2023-12-12T04:39:27.451+0000] {logging_mixin.py:154} INFO - [2023-12-12T04:39:27.451+0000] {dagbag.py:536} INFO - Filling up the DagBag from /home/airflow/.local/lib/python3.8/site-packages/airflow/example_dags/example_latest_only.py
[2023-12-12T04:39:27.458+0000] {processor.py:839} INFO - DAG(s) dict_keys(['latest_only']) retrieved from /home/airflow/.local/lib/python3.8/site-packages/airflow/example_dags/example_latest_only.py
[2023-12-12T04:39:27.468+0000] {logging_mixin.py:154} INFO - [2023-12-12T04:39:27.468+0000] {dag.py:2941} INFO - Sync 1 DAGs
[2023-12-12T04:39:27.492+0000] {logging_mixin.py:154} INFO - [2023-12-12T04:39:27.491+0000] {dag.py:3722} INFO - Setting next_dagrun for latest_only to 2023-12-12T00:39:27.491801+00:00, run_after=2023-12-12T04:39:27.491801+00:00
[2023-12-12T04:39:27.510+0000] {processor.py:179} INFO - Processing /home/airflow/.local/lib/python3.8/site-packages/airflow/example_dags/example_latest_only.py took 0.063 seconds
[2023-12-12T04:39:57.751+0000] {processor.py:157} INFO - Started process (PID=435) to work on /home/airflow/.local/lib/python3.8/site-packages/airflow/example_dags/example_latest_only.py
[2023-12-12T04:39:57.751+0000] {processor.py:829} INFO - Processing file /home/airflow/.local/lib/python3.8/site-packages/airflow/example_dags/example_latest_only.py for tasks to queue
[2023-12-12T04:39:57.752+0000] {logging_mixin.py:154} INFO - [2023-12-12T04:39:57.752+0000] {dagbag.py:536} INFO - Filling up the DagBag from /home/airflow/.local/lib/python3.8/site-packages/airflow/example_dags/example_latest_only.py
[2023-12-12T04:39:57.756+0000] {processor.py:839} INFO - DAG(s) dict_keys(['latest_only']) retrieved from /home/airflow/.local/lib/python3.8/site-packages/airflow/example_dags/example_latest_only.py
[2023-12-12T04:39:57.766+0000] {logging_mixin.py:154} INFO - [2023-12-12T04:39:57.766+0000] {dag.py:2941} INFO - Sync 1 DAGs
[2023-12-12T04:39:57.790+0000] {logging_mixin.py:154} INFO - [2023-12-12T04:39:57.790+0000] {dag.py:3722} INFO - Setting next_dagrun for latest_only to 2023-12-12T00:39:57.789947+00:00, run_after=2023-12-12T04:39:57.789947+00:00
[2023-12-12T04:39:57.806+0000] {processor.py:179} INFO - Processing /home/airflow/.local/lib/python3.8/site-packages/airflow/example_dags/example_latest_only.py took 0.058 seconds
[2023-12-12T04:40:28.381+0000] {processor.py:157} INFO - Started process (PID=673) to work on /home/airflow/.local/lib/python3.8/site-packages/airflow/example_dags/example_latest_only.py
[2023-12-12T04:40:28.382+0000] {processor.py:829} INFO - Processing file /home/airflow/.local/lib/python3.8/site-packages/airflow/example_dags/example_latest_only.py for tasks to queue
[2023-12-12T04:40:28.383+0000] {logging_mixin.py:154} INFO - [2023-12-12T04:40:28.382+0000] {dagbag.py:536} INFO - Filling up the DagBag from /home/airflow/.local/lib/python3.8/site-packages/airflow/example_dags/example_latest_only.py
[2023-12-12T04:40:28.387+0000] {processor.py:839} INFO - DAG(s) dict_keys(['latest_only']) retrieved from /home/airflow/.local/lib/python3.8/site-packages/airflow/example_dags/example_latest_only.py
[2023-12-12T04:40:28.404+0000] {logging_mixin.py:154} INFO - [2023-12-12T04:40:28.404+0000] {dag.py:2941} INFO - Sync 1 DAGs
[2023-12-12T04:40:28.430+0000] {logging_mixin.py:154} INFO - [2023-12-12T04:40:28.430+0000] {dag.py:3722} INFO - Setting next_dagrun for latest_only to 2023-12-12T00:40:28.430387+00:00, run_after=2023-12-12T04:40:28.430387+00:00
[2023-12-12T04:40:28.453+0000] {processor.py:179} INFO - Processing /home/airflow/.local/lib/python3.8/site-packages/airflow/example_dags/example_latest_only.py took 0.074 seconds
[2023-12-12T04:40:58.742+0000] {processor.py:157} INFO - Started process (PID=911) to work on /home/airflow/.local/lib/python3.8/site-packages/airflow/example_dags/example_latest_only.py
[2023-12-12T04:40:58.743+0000] {processor.py:829} INFO - Processing file /home/airflow/.local/lib/python3.8/site-packages/airflow/example_dags/example_latest_only.py for tasks to queue
[2023-12-12T04:40:58.744+0000] {logging_mixin.py:154} INFO - [2023-12-12T04:40:58.743+0000] {dagbag.py:536} INFO - Filling up the DagBag from /home/airflow/.local/lib/python3.8/site-packages/airflow/example_dags/example_latest_only.py
[2023-12-12T04:40:58.748+0000] {processor.py:839} INFO - DAG(s) dict_keys(['latest_only']) retrieved from /home/airflow/.local/lib/python3.8/site-packages/airflow/example_dags/example_latest_only.py
[2023-12-12T04:40:58.764+0000] {logging_mixin.py:154} INFO - [2023-12-12T04:40:58.764+0000] {dag.py:2941} INFO - Sync 1 DAGs
[2023-12-12T04:40:58.783+0000] {logging_mixin.py:154} INFO - [2023-12-12T04:40:58.783+0000] {dag.py:3722} INFO - Setting next_dagrun for latest_only to 2023-12-12T00:40:58.783602+00:00, run_after=2023-12-12T04:40:58.783602+00:00
[2023-12-12T04:40:58.800+0000] {processor.py:179} INFO - Processing /home/airflow/.local/lib/python3.8/site-packages/airflow/example_dags/example_latest_only.py took 0.060 seconds
