[2023-12-12T04:39:29.156+0000] {processor.py:157} INFO - Started process (PID=367) to work on /home/airflow/.local/lib/python3.8/site-packages/airflow/example_dags/example_branch_python_dop_operator_3.py
[2023-12-12T04:39:29.157+0000] {processor.py:829} INFO - Processing file /home/airflow/.local/lib/python3.8/site-packages/airflow/example_dags/example_branch_python_dop_operator_3.py for tasks to queue
[2023-12-12T04:39:29.158+0000] {logging_mixin.py:154} INFO - [2023-12-12T04:39:29.158+0000] {dagbag.py:536} INFO - Filling up the DagBag from /home/airflow/.local/lib/python3.8/site-packages/airflow/example_dags/example_branch_python_dop_operator_3.py
[2023-12-12T04:39:29.166+0000] {processor.py:839} INFO - DAG(s) dict_keys(['example_branch_dop_operator_v3']) retrieved from /home/airflow/.local/lib/python3.8/site-packages/airflow/example_dags/example_branch_python_dop_operator_3.py
[2023-12-12T04:39:29.176+0000] {logging_mixin.py:154} INFO - [2023-12-12T04:39:29.176+0000] {dag.py:2941} INFO - Sync 1 DAGs
[2023-12-12T04:39:29.201+0000] {logging_mixin.py:154} INFO - [2023-12-12T04:39:29.201+0000] {dag.py:3722} INFO - Setting next_dagrun for example_branch_dop_operator_v3 to 2023-12-12T04:38:00+00:00, run_after=2023-12-12T04:39:00+00:00
[2023-12-12T04:39:29.218+0000] {processor.py:179} INFO - Processing /home/airflow/.local/lib/python3.8/site-packages/airflow/example_dags/example_branch_python_dop_operator_3.py took 0.064 seconds
[2023-12-12T04:40:00.495+0000] {processor.py:157} INFO - Started process (PID=605) to work on /home/airflow/.local/lib/python3.8/site-packages/airflow/example_dags/example_branch_python_dop_operator_3.py
[2023-12-12T04:40:00.499+0000] {processor.py:829} INFO - Processing file /home/airflow/.local/lib/python3.8/site-packages/airflow/example_dags/example_branch_python_dop_operator_3.py for tasks to queue
[2023-12-12T04:40:00.501+0000] {logging_mixin.py:154} INFO - [2023-12-12T04:40:00.500+0000] {dagbag.py:536} INFO - Filling up the DagBag from /home/airflow/.local/lib/python3.8/site-packages/airflow/example_dags/example_branch_python_dop_operator_3.py
[2023-12-12T04:40:00.527+0000] {processor.py:839} INFO - DAG(s) dict_keys(['example_branch_dop_operator_v3']) retrieved from /home/airflow/.local/lib/python3.8/site-packages/airflow/example_dags/example_branch_python_dop_operator_3.py
[2023-12-12T04:40:00.564+0000] {logging_mixin.py:154} INFO - [2023-12-12T04:40:00.563+0000] {dag.py:2941} INFO - Sync 1 DAGs
[2023-12-12T04:40:00.660+0000] {logging_mixin.py:154} INFO - [2023-12-12T04:40:00.659+0000] {dag.py:3722} INFO - Setting next_dagrun for example_branch_dop_operator_v3 to 2023-12-12T04:39:00+00:00, run_after=2023-12-12T04:40:00+00:00
[2023-12-12T04:40:00.710+0000] {processor.py:179} INFO - Processing /home/airflow/.local/lib/python3.8/site-packages/airflow/example_dags/example_branch_python_dop_operator_3.py took 0.225 seconds
[2023-12-12T04:40:31.517+0000] {processor.py:157} INFO - Started process (PID=843) to work on /home/airflow/.local/lib/python3.8/site-packages/airflow/example_dags/example_branch_python_dop_operator_3.py
[2023-12-12T04:40:31.518+0000] {processor.py:829} INFO - Processing file /home/airflow/.local/lib/python3.8/site-packages/airflow/example_dags/example_branch_python_dop_operator_3.py for tasks to queue
[2023-12-12T04:40:31.519+0000] {logging_mixin.py:154} INFO - [2023-12-12T04:40:31.519+0000] {dagbag.py:536} INFO - Filling up the DagBag from /home/airflow/.local/lib/python3.8/site-packages/airflow/example_dags/example_branch_python_dop_operator_3.py
[2023-12-12T04:40:31.530+0000] {processor.py:839} INFO - DAG(s) dict_keys(['example_branch_dop_operator_v3']) retrieved from /home/airflow/.local/lib/python3.8/site-packages/airflow/example_dags/example_branch_python_dop_operator_3.py
[2023-12-12T04:40:31.552+0000] {logging_mixin.py:154} INFO - [2023-12-12T04:40:31.552+0000] {dag.py:2941} INFO - Sync 1 DAGs
[2023-12-12T04:40:31.577+0000] {logging_mixin.py:154} INFO - [2023-12-12T04:40:31.577+0000] {dag.py:3722} INFO - Setting next_dagrun for example_branch_dop_operator_v3 to 2023-12-12T04:39:00+00:00, run_after=2023-12-12T04:40:00+00:00
[2023-12-12T04:40:31.593+0000] {processor.py:179} INFO - Processing /home/airflow/.local/lib/python3.8/site-packages/airflow/example_dags/example_branch_python_dop_operator_3.py took 0.079 seconds
[2023-12-12T04:41:02.351+0000] {processor.py:157} INFO - Started process (PID=1081) to work on /home/airflow/.local/lib/python3.8/site-packages/airflow/example_dags/example_branch_python_dop_operator_3.py
[2023-12-12T04:41:02.351+0000] {processor.py:829} INFO - Processing file /home/airflow/.local/lib/python3.8/site-packages/airflow/example_dags/example_branch_python_dop_operator_3.py for tasks to queue
[2023-12-12T04:41:02.352+0000] {logging_mixin.py:154} INFO - [2023-12-12T04:41:02.352+0000] {dagbag.py:536} INFO - Filling up the DagBag from /home/airflow/.local/lib/python3.8/site-packages/airflow/example_dags/example_branch_python_dop_operator_3.py
[2023-12-12T04:41:02.363+0000] {processor.py:839} INFO - DAG(s) dict_keys(['example_branch_dop_operator_v3']) retrieved from /home/airflow/.local/lib/python3.8/site-packages/airflow/example_dags/example_branch_python_dop_operator_3.py
[2023-12-12T04:41:02.381+0000] {logging_mixin.py:154} INFO - [2023-12-12T04:41:02.381+0000] {dag.py:2941} INFO - Sync 1 DAGs
[2023-12-12T04:41:02.411+0000] {logging_mixin.py:154} INFO - [2023-12-12T04:41:02.411+0000] {dag.py:3722} INFO - Setting next_dagrun for example_branch_dop_operator_v3 to 2023-12-12T04:40:00+00:00, run_after=2023-12-12T04:41:00+00:00
[2023-12-12T04:41:02.430+0000] {processor.py:179} INFO - Processing /home/airflow/.local/lib/python3.8/site-packages/airflow/example_dags/example_branch_python_dop_operator_3.py took 0.083 seconds
