[2023-12-12T04:39:28.439+0000] {processor.py:157} INFO - Started process (PID=302) to work on /home/airflow/.local/lib/python3.8/site-packages/airflow/example_dags/example_task_group_decorator.py
[2023-12-12T04:39:28.439+0000] {processor.py:829} INFO - Processing file /home/airflow/.local/lib/python3.8/site-packages/airflow/example_dags/example_task_group_decorator.py for tasks to queue
[2023-12-12T04:39:28.440+0000] {logging_mixin.py:154} INFO - [2023-12-12T04:39:28.440+0000] {dagbag.py:536} INFO - Filling up the DagBag from /home/airflow/.local/lib/python3.8/site-packages/airflow/example_dags/example_task_group_decorator.py
[2023-12-12T04:39:28.456+0000] {processor.py:839} INFO - DAG(s) dict_keys(['example_task_group_decorator']) retrieved from /home/airflow/.local/lib/python3.8/site-packages/airflow/example_dags/example_task_group_decorator.py
[2023-12-12T04:39:28.467+0000] {logging_mixin.py:154} INFO - [2023-12-12T04:39:28.466+0000] {dag.py:2941} INFO - Sync 1 DAGs
[2023-12-12T04:39:28.491+0000] {logging_mixin.py:154} INFO - [2023-12-12T04:39:28.490+0000] {dag.py:3722} INFO - Setting next_dagrun for example_task_group_decorator to 2023-12-11T04:39:28.490649+00:00, run_after=2023-12-12T04:39:28.490649+00:00
[2023-12-12T04:39:28.517+0000] {processor.py:179} INFO - Processing /home/airflow/.local/lib/python3.8/site-packages/airflow/example_dags/example_task_group_decorator.py took 0.081 seconds
[2023-12-12T04:39:58.568+0000] {processor.py:157} INFO - Started process (PID=540) to work on /home/airflow/.local/lib/python3.8/site-packages/airflow/example_dags/example_task_group_decorator.py
[2023-12-12T04:39:58.569+0000] {processor.py:829} INFO - Processing file /home/airflow/.local/lib/python3.8/site-packages/airflow/example_dags/example_task_group_decorator.py for tasks to queue
[2023-12-12T04:39:58.569+0000] {logging_mixin.py:154} INFO - [2023-12-12T04:39:58.569+0000] {dagbag.py:536} INFO - Filling up the DagBag from /home/airflow/.local/lib/python3.8/site-packages/airflow/example_dags/example_task_group_decorator.py
[2023-12-12T04:39:58.583+0000] {processor.py:839} INFO - DAG(s) dict_keys(['example_task_group_decorator']) retrieved from /home/airflow/.local/lib/python3.8/site-packages/airflow/example_dags/example_task_group_decorator.py
[2023-12-12T04:39:58.592+0000] {logging_mixin.py:154} INFO - [2023-12-12T04:39:58.592+0000] {dag.py:2941} INFO - Sync 1 DAGs
[2023-12-12T04:39:58.613+0000] {logging_mixin.py:154} INFO - [2023-12-12T04:39:58.612+0000] {dag.py:3722} INFO - Setting next_dagrun for example_task_group_decorator to 2023-12-11T04:39:58.612634+00:00, run_after=2023-12-12T04:39:58.612634+00:00
[2023-12-12T04:39:58.630+0000] {processor.py:179} INFO - Processing /home/airflow/.local/lib/python3.8/site-packages/airflow/example_dags/example_task_group_decorator.py took 0.064 seconds
[2023-12-12T04:40:29.715+0000] {processor.py:157} INFO - Started process (PID=778) to work on /home/airflow/.local/lib/python3.8/site-packages/airflow/example_dags/example_task_group_decorator.py
[2023-12-12T04:40:29.716+0000] {processor.py:829} INFO - Processing file /home/airflow/.local/lib/python3.8/site-packages/airflow/example_dags/example_task_group_decorator.py for tasks to queue
[2023-12-12T04:40:29.717+0000] {logging_mixin.py:154} INFO - [2023-12-12T04:40:29.717+0000] {dagbag.py:536} INFO - Filling up the DagBag from /home/airflow/.local/lib/python3.8/site-packages/airflow/example_dags/example_task_group_decorator.py
[2023-12-12T04:40:29.743+0000] {processor.py:839} INFO - DAG(s) dict_keys(['example_task_group_decorator']) retrieved from /home/airflow/.local/lib/python3.8/site-packages/airflow/example_dags/example_task_group_decorator.py
[2023-12-12T04:40:29.777+0000] {logging_mixin.py:154} INFO - [2023-12-12T04:40:29.777+0000] {dag.py:2941} INFO - Sync 1 DAGs
[2023-12-12T04:40:29.801+0000] {logging_mixin.py:154} INFO - [2023-12-12T04:40:29.800+0000] {dag.py:3722} INFO - Setting next_dagrun for example_task_group_decorator to 2023-12-11T04:40:29.800673+00:00, run_after=2023-12-12T04:40:29.800673+00:00
[2023-12-12T04:40:29.821+0000] {processor.py:179} INFO - Processing /home/airflow/.local/lib/python3.8/site-packages/airflow/example_dags/example_task_group_decorator.py took 0.108 seconds
[2023-12-12T04:41:00.718+0000] {processor.py:157} INFO - Started process (PID=1016) to work on /home/airflow/.local/lib/python3.8/site-packages/airflow/example_dags/example_task_group_decorator.py
[2023-12-12T04:41:00.719+0000] {processor.py:829} INFO - Processing file /home/airflow/.local/lib/python3.8/site-packages/airflow/example_dags/example_task_group_decorator.py for tasks to queue
[2023-12-12T04:41:00.719+0000] {logging_mixin.py:154} INFO - [2023-12-12T04:41:00.719+0000] {dagbag.py:536} INFO - Filling up the DagBag from /home/airflow/.local/lib/python3.8/site-packages/airflow/example_dags/example_task_group_decorator.py
[2023-12-12T04:41:00.732+0000] {processor.py:839} INFO - DAG(s) dict_keys(['example_task_group_decorator']) retrieved from /home/airflow/.local/lib/python3.8/site-packages/airflow/example_dags/example_task_group_decorator.py
[2023-12-12T04:41:00.753+0000] {logging_mixin.py:154} INFO - [2023-12-12T04:41:00.753+0000] {dag.py:2941} INFO - Sync 1 DAGs
[2023-12-12T04:41:00.773+0000] {logging_mixin.py:154} INFO - [2023-12-12T04:41:00.772+0000] {dag.py:3722} INFO - Setting next_dagrun for example_task_group_decorator to 2023-12-11T04:41:00.772757+00:00, run_after=2023-12-12T04:41:00.772757+00:00
[2023-12-12T04:41:00.790+0000] {processor.py:179} INFO - Processing /home/airflow/.local/lib/python3.8/site-packages/airflow/example_dags/example_task_group_decorator.py took 0.075 seconds
