[2023-12-12T04:39:29.146+0000] {processor.py:157} INFO - Started process (PID=364) to work on /home/airflow/.local/lib/python3.8/site-packages/airflow/example_dags/example_latest_only_with_trigger.py
[2023-12-12T04:39:29.146+0000] {processor.py:829} INFO - Processing file /home/airflow/.local/lib/python3.8/site-packages/airflow/example_dags/example_latest_only_with_trigger.py for tasks to queue
[2023-12-12T04:39:29.147+0000] {logging_mixin.py:154} INFO - [2023-12-12T04:39:29.147+0000] {dagbag.py:536} INFO - Filling up the DagBag from /home/airflow/.local/lib/python3.8/site-packages/airflow/example_dags/example_latest_only_with_trigger.py
[2023-12-12T04:39:29.153+0000] {processor.py:839} INFO - DAG(s) dict_keys(['latest_only_with_trigger']) retrieved from /home/airflow/.local/lib/python3.8/site-packages/airflow/example_dags/example_latest_only_with_trigger.py
[2023-12-12T04:39:29.164+0000] {logging_mixin.py:154} INFO - [2023-12-12T04:39:29.163+0000] {dag.py:2941} INFO - Sync 1 DAGs
[2023-12-12T04:39:29.185+0000] {logging_mixin.py:154} INFO - [2023-12-12T04:39:29.185+0000] {dag.py:3722} INFO - Setting next_dagrun for latest_only_with_trigger to 2023-12-12T00:39:29.185379+00:00, run_after=2023-12-12T04:39:29.185379+00:00
[2023-12-12T04:39:29.203+0000] {processor.py:179} INFO - Processing /home/airflow/.local/lib/python3.8/site-packages/airflow/example_dags/example_latest_only_with_trigger.py took 0.060 seconds
[2023-12-12T04:40:00.380+0000] {processor.py:157} INFO - Started process (PID=600) to work on /home/airflow/.local/lib/python3.8/site-packages/airflow/example_dags/example_latest_only_with_trigger.py
[2023-12-12T04:40:00.382+0000] {processor.py:829} INFO - Processing file /home/airflow/.local/lib/python3.8/site-packages/airflow/example_dags/example_latest_only_with_trigger.py for tasks to queue
[2023-12-12T04:40:00.385+0000] {logging_mixin.py:154} INFO - [2023-12-12T04:40:00.384+0000] {dagbag.py:536} INFO - Filling up the DagBag from /home/airflow/.local/lib/python3.8/site-packages/airflow/example_dags/example_latest_only_with_trigger.py
[2023-12-12T04:40:00.404+0000] {processor.py:839} INFO - DAG(s) dict_keys(['latest_only_with_trigger']) retrieved from /home/airflow/.local/lib/python3.8/site-packages/airflow/example_dags/example_latest_only_with_trigger.py
[2023-12-12T04:40:00.443+0000] {logging_mixin.py:154} INFO - [2023-12-12T04:40:00.442+0000] {dag.py:2941} INFO - Sync 1 DAGs
[2023-12-12T04:40:00.523+0000] {logging_mixin.py:154} INFO - [2023-12-12T04:40:00.523+0000] {dag.py:3722} INFO - Setting next_dagrun for latest_only_with_trigger to 2023-12-12T00:40:00.522630+00:00, run_after=2023-12-12T04:40:00.522630+00:00
[2023-12-12T04:40:00.599+0000] {processor.py:179} INFO - Processing /home/airflow/.local/lib/python3.8/site-packages/airflow/example_dags/example_latest_only_with_trigger.py took 0.228 seconds
[2023-12-12T04:40:31.510+0000] {processor.py:157} INFO - Started process (PID=840) to work on /home/airflow/.local/lib/python3.8/site-packages/airflow/example_dags/example_latest_only_with_trigger.py
[2023-12-12T04:40:31.512+0000] {processor.py:829} INFO - Processing file /home/airflow/.local/lib/python3.8/site-packages/airflow/example_dags/example_latest_only_with_trigger.py for tasks to queue
[2023-12-12T04:40:31.513+0000] {logging_mixin.py:154} INFO - [2023-12-12T04:40:31.512+0000] {dagbag.py:536} INFO - Filling up the DagBag from /home/airflow/.local/lib/python3.8/site-packages/airflow/example_dags/example_latest_only_with_trigger.py
[2023-12-12T04:40:31.520+0000] {processor.py:839} INFO - DAG(s) dict_keys(['latest_only_with_trigger']) retrieved from /home/airflow/.local/lib/python3.8/site-packages/airflow/example_dags/example_latest_only_with_trigger.py
[2023-12-12T04:40:31.545+0000] {logging_mixin.py:154} INFO - [2023-12-12T04:40:31.545+0000] {dag.py:2941} INFO - Sync 1 DAGs
[2023-12-12T04:40:31.566+0000] {logging_mixin.py:154} INFO - [2023-12-12T04:40:31.566+0000] {dag.py:3722} INFO - Setting next_dagrun for latest_only_with_trigger to 2023-12-12T00:40:31.565980+00:00, run_after=2023-12-12T04:40:31.565980+00:00
[2023-12-12T04:40:31.583+0000] {processor.py:179} INFO - Processing /home/airflow/.local/lib/python3.8/site-packages/airflow/example_dags/example_latest_only_with_trigger.py took 0.078 seconds
[2023-12-12T04:41:02.341+0000] {processor.py:157} INFO - Started process (PID=1078) to work on /home/airflow/.local/lib/python3.8/site-packages/airflow/example_dags/example_latest_only_with_trigger.py
[2023-12-12T04:41:02.342+0000] {processor.py:829} INFO - Processing file /home/airflow/.local/lib/python3.8/site-packages/airflow/example_dags/example_latest_only_with_trigger.py for tasks to queue
[2023-12-12T04:41:02.343+0000] {logging_mixin.py:154} INFO - [2023-12-12T04:41:02.343+0000] {dagbag.py:536} INFO - Filling up the DagBag from /home/airflow/.local/lib/python3.8/site-packages/airflow/example_dags/example_latest_only_with_trigger.py
[2023-12-12T04:41:02.352+0000] {processor.py:839} INFO - DAG(s) dict_keys(['latest_only_with_trigger']) retrieved from /home/airflow/.local/lib/python3.8/site-packages/airflow/example_dags/example_latest_only_with_trigger.py
[2023-12-12T04:41:02.374+0000] {logging_mixin.py:154} INFO - [2023-12-12T04:41:02.374+0000] {dag.py:2941} INFO - Sync 1 DAGs
[2023-12-12T04:41:02.400+0000] {logging_mixin.py:154} INFO - [2023-12-12T04:41:02.400+0000] {dag.py:3722} INFO - Setting next_dagrun for latest_only_with_trigger to 2023-12-12T00:41:02.399964+00:00, run_after=2023-12-12T04:41:02.399964+00:00
[2023-12-12T04:41:02.418+0000] {processor.py:179} INFO - Processing /home/airflow/.local/lib/python3.8/site-packages/airflow/example_dags/example_latest_only_with_trigger.py took 0.080 seconds
