[2023-12-12T04:39:29.224+0000] {processor.py:157} INFO - Started process (PID=372) to work on /home/airflow/.local/lib/python3.8/site-packages/airflow/example_dags/example_xcomargs.py
[2023-12-12T04:39:29.225+0000] {processor.py:829} INFO - Processing file /home/airflow/.local/lib/python3.8/site-packages/airflow/example_dags/example_xcomargs.py for tasks to queue
[2023-12-12T04:39:29.225+0000] {logging_mixin.py:154} INFO - [2023-12-12T04:39:29.225+0000] {dagbag.py:536} INFO - Filling up the DagBag from /home/airflow/.local/lib/python3.8/site-packages/airflow/example_dags/example_xcomargs.py
[2023-12-12T04:39:29.233+0000] {processor.py:839} INFO - DAG(s) dict_keys(['example_xcom_args', 'example_xcom_args_with_operators']) retrieved from /home/airflow/.local/lib/python3.8/site-packages/airflow/example_dags/example_xcomargs.py
[2023-12-12T04:39:29.243+0000] {logging_mixin.py:154} INFO - [2023-12-12T04:39:29.243+0000] {dag.py:2941} INFO - Sync 2 DAGs
[2023-12-12T04:39:29.255+0000] {logging_mixin.py:154} INFO - [2023-12-12T04:39:29.255+0000] {dag.py:3722} INFO - Setting next_dagrun for example_xcom_args to None, run_after=None
[2023-12-12T04:39:29.259+0000] {logging_mixin.py:154} INFO - [2023-12-12T04:39:29.259+0000] {dag.py:3722} INFO - Setting next_dagrun for example_xcom_args_with_operators to None, run_after=None
[2023-12-12T04:39:29.275+0000] {processor.py:179} INFO - Processing /home/airflow/.local/lib/python3.8/site-packages/airflow/example_dags/example_xcomargs.py took 0.053 seconds
[2023-12-12T04:40:00.677+0000] {processor.py:157} INFO - Started process (PID=610) to work on /home/airflow/.local/lib/python3.8/site-packages/airflow/example_dags/example_xcomargs.py
[2023-12-12T04:40:00.681+0000] {processor.py:829} INFO - Processing file /home/airflow/.local/lib/python3.8/site-packages/airflow/example_dags/example_xcomargs.py for tasks to queue
[2023-12-12T04:40:00.683+0000] {logging_mixin.py:154} INFO - [2023-12-12T04:40:00.682+0000] {dagbag.py:536} INFO - Filling up the DagBag from /home/airflow/.local/lib/python3.8/site-packages/airflow/example_dags/example_xcomargs.py
[2023-12-12T04:40:00.700+0000] {processor.py:839} INFO - DAG(s) dict_keys(['example_xcom_args', 'example_xcom_args_with_operators']) retrieved from /home/airflow/.local/lib/python3.8/site-packages/airflow/example_dags/example_xcomargs.py
[2023-12-12T04:40:00.718+0000] {logging_mixin.py:154} INFO - [2023-12-12T04:40:00.718+0000] {dag.py:2941} INFO - Sync 2 DAGs
[2023-12-12T04:40:00.756+0000] {logging_mixin.py:154} INFO - [2023-12-12T04:40:00.756+0000] {dag.py:3722} INFO - Setting next_dagrun for example_xcom_args to None, run_after=None
[2023-12-12T04:40:00.767+0000] {logging_mixin.py:154} INFO - [2023-12-12T04:40:00.766+0000] {dag.py:3722} INFO - Setting next_dagrun for example_xcom_args_with_operators to None, run_after=None
[2023-12-12T04:40:00.816+0000] {processor.py:179} INFO - Processing /home/airflow/.local/lib/python3.8/site-packages/airflow/example_dags/example_xcomargs.py took 0.148 seconds
[2023-12-12T04:40:31.603+0000] {processor.py:157} INFO - Started process (PID=850) to work on /home/airflow/.local/lib/python3.8/site-packages/airflow/example_dags/example_xcomargs.py
[2023-12-12T04:40:31.604+0000] {processor.py:829} INFO - Processing file /home/airflow/.local/lib/python3.8/site-packages/airflow/example_dags/example_xcomargs.py for tasks to queue
[2023-12-12T04:40:31.604+0000] {logging_mixin.py:154} INFO - [2023-12-12T04:40:31.604+0000] {dagbag.py:536} INFO - Filling up the DagBag from /home/airflow/.local/lib/python3.8/site-packages/airflow/example_dags/example_xcomargs.py
[2023-12-12T04:40:31.611+0000] {processor.py:839} INFO - DAG(s) dict_keys(['example_xcom_args_with_operators', 'example_xcom_args']) retrieved from /home/airflow/.local/lib/python3.8/site-packages/airflow/example_dags/example_xcomargs.py
[2023-12-12T04:40:31.632+0000] {logging_mixin.py:154} INFO - [2023-12-12T04:40:31.632+0000] {dag.py:2941} INFO - Sync 2 DAGs
[2023-12-12T04:40:31.643+0000] {logging_mixin.py:154} INFO - [2023-12-12T04:40:31.643+0000] {dag.py:3722} INFO - Setting next_dagrun for example_xcom_args to None, run_after=None
[2023-12-12T04:40:31.647+0000] {logging_mixin.py:154} INFO - [2023-12-12T04:40:31.647+0000] {dag.py:3722} INFO - Setting next_dagrun for example_xcom_args_with_operators to None, run_after=None
[2023-12-12T04:40:31.662+0000] {processor.py:179} INFO - Processing /home/airflow/.local/lib/python3.8/site-packages/airflow/example_dags/example_xcomargs.py took 0.061 seconds
[2023-12-12T04:41:02.440+0000] {processor.py:157} INFO - Started process (PID=1088) to work on /home/airflow/.local/lib/python3.8/site-packages/airflow/example_dags/example_xcomargs.py
[2023-12-12T04:41:02.440+0000] {processor.py:829} INFO - Processing file /home/airflow/.local/lib/python3.8/site-packages/airflow/example_dags/example_xcomargs.py for tasks to queue
[2023-12-12T04:41:02.441+0000] {logging_mixin.py:154} INFO - [2023-12-12T04:41:02.441+0000] {dagbag.py:536} INFO - Filling up the DagBag from /home/airflow/.local/lib/python3.8/site-packages/airflow/example_dags/example_xcomargs.py
[2023-12-12T04:41:02.448+0000] {processor.py:839} INFO - DAG(s) dict_keys(['example_xcom_args', 'example_xcom_args_with_operators']) retrieved from /home/airflow/.local/lib/python3.8/site-packages/airflow/example_dags/example_xcomargs.py
[2023-12-12T04:41:02.469+0000] {logging_mixin.py:154} INFO - [2023-12-12T04:41:02.469+0000] {dag.py:2941} INFO - Sync 2 DAGs
[2023-12-12T04:41:02.480+0000] {logging_mixin.py:154} INFO - [2023-12-12T04:41:02.480+0000] {dag.py:3722} INFO - Setting next_dagrun for example_xcom_args to None, run_after=None
[2023-12-12T04:41:02.484+0000] {logging_mixin.py:154} INFO - [2023-12-12T04:41:02.483+0000] {dag.py:3722} INFO - Setting next_dagrun for example_xcom_args_with_operators to None, run_after=None
[2023-12-12T04:41:02.500+0000] {processor.py:179} INFO - Processing /home/airflow/.local/lib/python3.8/site-packages/airflow/example_dags/example_xcomargs.py took 0.063 seconds
