[2023-12-12T04:39:28.116+0000] {processor.py:157} INFO - Started process (PID=267) to work on /home/airflow/.local/lib/python3.8/site-packages/airflow/example_dags/example_short_circuit_operator.py
[2023-12-12T04:39:28.117+0000] {processor.py:829} INFO - Processing file /home/airflow/.local/lib/python3.8/site-packages/airflow/example_dags/example_short_circuit_operator.py for tasks to queue
[2023-12-12T04:39:28.118+0000] {logging_mixin.py:154} INFO - [2023-12-12T04:39:28.118+0000] {dagbag.py:536} INFO - Filling up the DagBag from /home/airflow/.local/lib/python3.8/site-packages/airflow/example_dags/example_short_circuit_operator.py
[2023-12-12T04:39:28.133+0000] {processor.py:839} INFO - DAG(s) dict_keys(['example_short_circuit_operator']) retrieved from /home/airflow/.local/lib/python3.8/site-packages/airflow/example_dags/example_short_circuit_operator.py
[2023-12-12T04:39:28.145+0000] {logging_mixin.py:154} INFO - [2023-12-12T04:39:28.145+0000] {dag.py:2941} INFO - Sync 1 DAGs
[2023-12-12T04:39:28.170+0000] {logging_mixin.py:154} INFO - [2023-12-12T04:39:28.170+0000] {dag.py:3722} INFO - Setting next_dagrun for example_short_circuit_operator to 2023-12-11T04:39:28.170393+00:00, run_after=2023-12-12T04:39:28.170393+00:00
[2023-12-12T04:39:28.190+0000] {processor.py:179} INFO - Processing /home/airflow/.local/lib/python3.8/site-packages/airflow/example_dags/example_short_circuit_operator.py took 0.077 seconds
[2023-12-12T04:39:58.290+0000] {processor.py:157} INFO - Started process (PID=505) to work on /home/airflow/.local/lib/python3.8/site-packages/airflow/example_dags/example_short_circuit_operator.py
[2023-12-12T04:39:58.291+0000] {processor.py:829} INFO - Processing file /home/airflow/.local/lib/python3.8/site-packages/airflow/example_dags/example_short_circuit_operator.py for tasks to queue
[2023-12-12T04:39:58.291+0000] {logging_mixin.py:154} INFO - [2023-12-12T04:39:58.291+0000] {dagbag.py:536} INFO - Filling up the DagBag from /home/airflow/.local/lib/python3.8/site-packages/airflow/example_dags/example_short_circuit_operator.py
[2023-12-12T04:39:58.298+0000] {processor.py:839} INFO - DAG(s) dict_keys(['example_short_circuit_operator']) retrieved from /home/airflow/.local/lib/python3.8/site-packages/airflow/example_dags/example_short_circuit_operator.py
[2023-12-12T04:39:58.308+0000] {logging_mixin.py:154} INFO - [2023-12-12T04:39:58.308+0000] {dag.py:2941} INFO - Sync 1 DAGs
[2023-12-12T04:39:58.330+0000] {logging_mixin.py:154} INFO - [2023-12-12T04:39:58.330+0000] {dag.py:3722} INFO - Setting next_dagrun for example_short_circuit_operator to 2023-12-11T04:39:58.329830+00:00, run_after=2023-12-12T04:39:58.329830+00:00
[2023-12-12T04:39:58.346+0000] {processor.py:179} INFO - Processing /home/airflow/.local/lib/python3.8/site-packages/airflow/example_dags/example_short_circuit_operator.py took 0.059 seconds
[2023-12-12T04:40:29.256+0000] {processor.py:157} INFO - Started process (PID=745) to work on /home/airflow/.local/lib/python3.8/site-packages/airflow/example_dags/example_short_circuit_operator.py
[2023-12-12T04:40:29.257+0000] {processor.py:829} INFO - Processing file /home/airflow/.local/lib/python3.8/site-packages/airflow/example_dags/example_short_circuit_operator.py for tasks to queue
[2023-12-12T04:40:29.258+0000] {logging_mixin.py:154} INFO - [2023-12-12T04:40:29.258+0000] {dagbag.py:536} INFO - Filling up the DagBag from /home/airflow/.local/lib/python3.8/site-packages/airflow/example_dags/example_short_circuit_operator.py
[2023-12-12T04:40:29.267+0000] {processor.py:839} INFO - DAG(s) dict_keys(['example_short_circuit_operator']) retrieved from /home/airflow/.local/lib/python3.8/site-packages/airflow/example_dags/example_short_circuit_operator.py
[2023-12-12T04:40:29.294+0000] {logging_mixin.py:154} INFO - [2023-12-12T04:40:29.294+0000] {dag.py:2941} INFO - Sync 1 DAGs
[2023-12-12T04:40:29.318+0000] {logging_mixin.py:154} INFO - [2023-12-12T04:40:29.318+0000] {dag.py:3722} INFO - Setting next_dagrun for example_short_circuit_operator to 2023-12-11T04:40:29.318312+00:00, run_after=2023-12-12T04:40:29.318312+00:00
[2023-12-12T04:40:29.337+0000] {processor.py:179} INFO - Processing /home/airflow/.local/lib/python3.8/site-packages/airflow/example_dags/example_short_circuit_operator.py took 0.085 seconds
[2023-12-12T04:40:59.378+0000] {processor.py:157} INFO - Started process (PID=981) to work on /home/airflow/.local/lib/python3.8/site-packages/airflow/example_dags/example_short_circuit_operator.py
[2023-12-12T04:40:59.379+0000] {processor.py:829} INFO - Processing file /home/airflow/.local/lib/python3.8/site-packages/airflow/example_dags/example_short_circuit_operator.py for tasks to queue
[2023-12-12T04:40:59.379+0000] {logging_mixin.py:154} INFO - [2023-12-12T04:40:59.379+0000] {dagbag.py:536} INFO - Filling up the DagBag from /home/airflow/.local/lib/python3.8/site-packages/airflow/example_dags/example_short_circuit_operator.py
[2023-12-12T04:40:59.386+0000] {processor.py:839} INFO - DAG(s) dict_keys(['example_short_circuit_operator']) retrieved from /home/airflow/.local/lib/python3.8/site-packages/airflow/example_dags/example_short_circuit_operator.py
[2023-12-12T04:40:59.408+0000] {logging_mixin.py:154} INFO - [2023-12-12T04:40:59.408+0000] {dag.py:2941} INFO - Sync 1 DAGs
[2023-12-12T04:40:59.428+0000] {logging_mixin.py:154} INFO - [2023-12-12T04:40:59.428+0000] {dag.py:3722} INFO - Setting next_dagrun for example_short_circuit_operator to 2023-12-11T04:40:59.428192+00:00, run_after=2023-12-12T04:40:59.428192+00:00
[2023-12-12T04:40:59.445+0000] {processor.py:179} INFO - Processing /home/airflow/.local/lib/python3.8/site-packages/airflow/example_dags/example_short_circuit_operator.py took 0.069 seconds
