[2023-12-12T04:39:28.500+0000] {processor.py:157} INFO - Started process (PID=307) to work on /home/airflow/.local/lib/python3.8/site-packages/airflow/example_dags/example_datasets.py
[2023-12-12T04:39:28.501+0000] {processor.py:829} INFO - Processing file /home/airflow/.local/lib/python3.8/site-packages/airflow/example_dags/example_datasets.py for tasks to queue
[2023-12-12T04:39:28.502+0000] {logging_mixin.py:154} INFO - [2023-12-12T04:39:28.502+0000] {dagbag.py:536} INFO - Filling up the DagBag from /home/airflow/.local/lib/python3.8/site-packages/airflow/example_dags/example_datasets.py
[2023-12-12T04:39:28.514+0000] {processor.py:839} INFO - DAG(s) dict_keys(['dataset_consumes_1_and_2', 'dataset_consumes_1', 'dataset_consumes_1_never_scheduled', 'dataset_produces_1', 'dataset_produces_2', 'dataset_consumes_unknown_never_scheduled']) retrieved from /home/airflow/.local/lib/python3.8/site-packages/airflow/example_dags/example_datasets.py
[2023-12-12T04:39:28.529+0000] {logging_mixin.py:154} INFO - [2023-12-12T04:39:28.529+0000] {dag.py:2941} INFO - Sync 6 DAGs
[2023-12-12T04:39:28.553+0000] {logging_mixin.py:154} INFO - [2023-12-12T04:39:28.553+0000] {dag.py:3722} INFO - Setting next_dagrun for dataset_consumes_1 to None, run_after=None
[2023-12-12T04:39:28.557+0000] {logging_mixin.py:154} INFO - [2023-12-12T04:39:28.556+0000] {dag.py:3722} INFO - Setting next_dagrun for dataset_consumes_1_and_2 to None, run_after=None
[2023-12-12T04:39:28.558+0000] {logging_mixin.py:154} INFO - [2023-12-12T04:39:28.558+0000] {dag.py:3722} INFO - Setting next_dagrun for dataset_consumes_1_never_scheduled to None, run_after=None
[2023-12-12T04:39:28.559+0000] {logging_mixin.py:154} INFO - [2023-12-12T04:39:28.559+0000] {dag.py:3722} INFO - Setting next_dagrun for dataset_consumes_unknown_never_scheduled to None, run_after=None
[2023-12-12T04:39:28.562+0000] {logging_mixin.py:154} INFO - [2023-12-12T04:39:28.561+0000] {dag.py:3722} INFO - Setting next_dagrun for dataset_produces_1 to 2023-12-11T00:00:00+00:00, run_after=2023-12-12T00:00:00+00:00
[2023-12-12T04:39:28.563+0000] {logging_mixin.py:154} INFO - [2023-12-12T04:39:28.563+0000] {dag.py:3722} INFO - Setting next_dagrun for dataset_produces_2 to None, run_after=None
[2023-12-12T04:39:28.590+0000] {processor.py:179} INFO - Processing /home/airflow/.local/lib/python3.8/site-packages/airflow/example_dags/example_datasets.py took 0.094 seconds
[2023-12-12T04:39:58.621+0000] {processor.py:157} INFO - Started process (PID=545) to work on /home/airflow/.local/lib/python3.8/site-packages/airflow/example_dags/example_datasets.py
[2023-12-12T04:39:58.622+0000] {processor.py:829} INFO - Processing file /home/airflow/.local/lib/python3.8/site-packages/airflow/example_dags/example_datasets.py for tasks to queue
[2023-12-12T04:39:58.623+0000] {logging_mixin.py:154} INFO - [2023-12-12T04:39:58.623+0000] {dagbag.py:536} INFO - Filling up the DagBag from /home/airflow/.local/lib/python3.8/site-packages/airflow/example_dags/example_datasets.py
[2023-12-12T04:39:58.632+0000] {processor.py:839} INFO - DAG(s) dict_keys(['dataset_consumes_unknown_never_scheduled', 'dataset_produces_2', 'dataset_consumes_1_and_2', 'dataset_consumes_1_never_scheduled', 'dataset_produces_1', 'dataset_consumes_1']) retrieved from /home/airflow/.local/lib/python3.8/site-packages/airflow/example_dags/example_datasets.py
[2023-12-12T04:39:58.646+0000] {logging_mixin.py:154} INFO - [2023-12-12T04:39:58.645+0000] {dag.py:2941} INFO - Sync 6 DAGs
[2023-12-12T04:39:58.667+0000] {logging_mixin.py:154} INFO - [2023-12-12T04:39:58.667+0000] {dag.py:3722} INFO - Setting next_dagrun for dataset_consumes_1 to None, run_after=None
[2023-12-12T04:39:58.671+0000] {logging_mixin.py:154} INFO - [2023-12-12T04:39:58.671+0000] {dag.py:3722} INFO - Setting next_dagrun for dataset_consumes_1_and_2 to None, run_after=None
[2023-12-12T04:39:58.672+0000] {logging_mixin.py:154} INFO - [2023-12-12T04:39:58.672+0000] {dag.py:3722} INFO - Setting next_dagrun for dataset_consumes_1_never_scheduled to None, run_after=None
[2023-12-12T04:39:58.673+0000] {logging_mixin.py:154} INFO - [2023-12-12T04:39:58.673+0000] {dag.py:3722} INFO - Setting next_dagrun for dataset_consumes_unknown_never_scheduled to None, run_after=None
[2023-12-12T04:39:58.676+0000] {logging_mixin.py:154} INFO - [2023-12-12T04:39:58.676+0000] {dag.py:3722} INFO - Setting next_dagrun for dataset_produces_1 to 2023-12-11T00:00:00+00:00, run_after=2023-12-12T00:00:00+00:00
[2023-12-12T04:39:58.677+0000] {logging_mixin.py:154} INFO - [2023-12-12T04:39:58.677+0000] {dag.py:3722} INFO - Setting next_dagrun for dataset_produces_2 to None, run_after=None
[2023-12-12T04:39:58.705+0000] {processor.py:179} INFO - Processing /home/airflow/.local/lib/python3.8/site-packages/airflow/example_dags/example_datasets.py took 0.086 seconds
[2023-12-12T04:40:29.750+0000] {processor.py:157} INFO - Started process (PID=783) to work on /home/airflow/.local/lib/python3.8/site-packages/airflow/example_dags/example_datasets.py
[2023-12-12T04:40:29.751+0000] {processor.py:829} INFO - Processing file /home/airflow/.local/lib/python3.8/site-packages/airflow/example_dags/example_datasets.py for tasks to queue
[2023-12-12T04:40:29.752+0000] {logging_mixin.py:154} INFO - [2023-12-12T04:40:29.752+0000] {dagbag.py:536} INFO - Filling up the DagBag from /home/airflow/.local/lib/python3.8/site-packages/airflow/example_dags/example_datasets.py
[2023-12-12T04:40:29.760+0000] {processor.py:839} INFO - DAG(s) dict_keys(['dataset_consumes_1_and_2', 'dataset_consumes_1_never_scheduled', 'dataset_produces_1', 'dataset_produces_2', 'dataset_consumes_1', 'dataset_consumes_unknown_never_scheduled']) retrieved from /home/airflow/.local/lib/python3.8/site-packages/airflow/example_dags/example_datasets.py
[2023-12-12T04:40:29.801+0000] {logging_mixin.py:154} INFO - [2023-12-12T04:40:29.801+0000] {dag.py:2941} INFO - Sync 6 DAGs
[2023-12-12T04:40:29.828+0000] {logging_mixin.py:154} INFO - [2023-12-12T04:40:29.827+0000] {dag.py:3722} INFO - Setting next_dagrun for dataset_consumes_1 to None, run_after=None
[2023-12-12T04:40:29.832+0000] {logging_mixin.py:154} INFO - [2023-12-12T04:40:29.832+0000] {dag.py:3722} INFO - Setting next_dagrun for dataset_consumes_1_and_2 to None, run_after=None
[2023-12-12T04:40:29.833+0000] {logging_mixin.py:154} INFO - [2023-12-12T04:40:29.833+0000] {dag.py:3722} INFO - Setting next_dagrun for dataset_consumes_1_never_scheduled to None, run_after=None
[2023-12-12T04:40:29.834+0000] {logging_mixin.py:154} INFO - [2023-12-12T04:40:29.834+0000] {dag.py:3722} INFO - Setting next_dagrun for dataset_consumes_unknown_never_scheduled to None, run_after=None
[2023-12-12T04:40:29.837+0000] {logging_mixin.py:154} INFO - [2023-12-12T04:40:29.837+0000] {dag.py:3722} INFO - Setting next_dagrun for dataset_produces_1 to 2023-12-11T00:00:00+00:00, run_after=2023-12-12T00:00:00+00:00
[2023-12-12T04:40:29.839+0000] {logging_mixin.py:154} INFO - [2023-12-12T04:40:29.838+0000] {dag.py:3722} INFO - Setting next_dagrun for dataset_produces_2 to None, run_after=None
[2023-12-12T04:40:29.872+0000] {processor.py:179} INFO - Processing /home/airflow/.local/lib/python3.8/site-packages/airflow/example_dags/example_datasets.py took 0.125 seconds
[2023-12-12T04:41:00.780+0000] {processor.py:157} INFO - Started process (PID=1021) to work on /home/airflow/.local/lib/python3.8/site-packages/airflow/example_dags/example_datasets.py
[2023-12-12T04:41:00.780+0000] {processor.py:829} INFO - Processing file /home/airflow/.local/lib/python3.8/site-packages/airflow/example_dags/example_datasets.py for tasks to queue
[2023-12-12T04:41:00.781+0000] {logging_mixin.py:154} INFO - [2023-12-12T04:41:00.781+0000] {dagbag.py:536} INFO - Filling up the DagBag from /home/airflow/.local/lib/python3.8/site-packages/airflow/example_dags/example_datasets.py
[2023-12-12T04:41:00.789+0000] {processor.py:839} INFO - DAG(s) dict_keys(['dataset_produces_2', 'dataset_consumes_1_never_scheduled', 'dataset_produces_1', 'dataset_consumes_unknown_never_scheduled', 'dataset_consumes_1', 'dataset_consumes_1_and_2']) retrieved from /home/airflow/.local/lib/python3.8/site-packages/airflow/example_dags/example_datasets.py
[2023-12-12T04:41:00.822+0000] {logging_mixin.py:154} INFO - [2023-12-12T04:41:00.822+0000] {dag.py:2941} INFO - Sync 6 DAGs
[2023-12-12T04:41:00.842+0000] {logging_mixin.py:154} INFO - [2023-12-12T04:41:00.842+0000] {dag.py:3722} INFO - Setting next_dagrun for dataset_consumes_1 to None, run_after=None
[2023-12-12T04:41:00.846+0000] {logging_mixin.py:154} INFO - [2023-12-12T04:41:00.846+0000] {dag.py:3722} INFO - Setting next_dagrun for dataset_consumes_1_and_2 to None, run_after=None
[2023-12-12T04:41:00.847+0000] {logging_mixin.py:154} INFO - [2023-12-12T04:41:00.847+0000] {dag.py:3722} INFO - Setting next_dagrun for dataset_consumes_1_never_scheduled to None, run_after=None
[2023-12-12T04:41:00.848+0000] {logging_mixin.py:154} INFO - [2023-12-12T04:41:00.848+0000] {dag.py:3722} INFO - Setting next_dagrun for dataset_consumes_unknown_never_scheduled to None, run_after=None
[2023-12-12T04:41:00.851+0000] {logging_mixin.py:154} INFO - [2023-12-12T04:41:00.851+0000] {dag.py:3722} INFO - Setting next_dagrun for dataset_produces_1 to 2023-12-11T00:00:00+00:00, run_after=2023-12-12T00:00:00+00:00
[2023-12-12T04:41:00.852+0000] {logging_mixin.py:154} INFO - [2023-12-12T04:41:00.852+0000] {dag.py:3722} INFO - Setting next_dagrun for dataset_produces_2 to None, run_after=None
[2023-12-12T04:41:00.879+0000] {processor.py:179} INFO - Processing /home/airflow/.local/lib/python3.8/site-packages/airflow/example_dags/example_datasets.py took 0.102 seconds
