[2023-12-12T04:39:27.376+0000] {processor.py:157} INFO - Started process (PID=192) to work on /home/airflow/.local/lib/python3.8/site-packages/airflow/example_dags/example_branch_labels.py
[2023-12-12T04:39:27.377+0000] {processor.py:829} INFO - Processing file /home/airflow/.local/lib/python3.8/site-packages/airflow/example_dags/example_branch_labels.py for tasks to queue
[2023-12-12T04:39:27.377+0000] {logging_mixin.py:154} INFO - [2023-12-12T04:39:27.377+0000] {dagbag.py:536} INFO - Filling up the DagBag from /home/airflow/.local/lib/python3.8/site-packages/airflow/example_dags/example_branch_labels.py
[2023-12-12T04:39:27.387+0000] {processor.py:839} INFO - DAG(s) dict_keys(['example_branch_labels']) retrieved from /home/airflow/.local/lib/python3.8/site-packages/airflow/example_dags/example_branch_labels.py
[2023-12-12T04:39:27.397+0000] {logging_mixin.py:154} INFO - [2023-12-12T04:39:27.397+0000] {dag.py:2941} INFO - Sync 1 DAGs
[2023-12-12T04:39:27.420+0000] {logging_mixin.py:154} INFO - [2023-12-12T04:39:27.420+0000] {dag.py:3722} INFO - Setting next_dagrun for example_branch_labels to 2023-12-11T00:00:00+00:00, run_after=2023-12-12T00:00:00+00:00
[2023-12-12T04:39:27.441+0000] {processor.py:179} INFO - Processing /home/airflow/.local/lib/python3.8/site-packages/airflow/example_dags/example_branch_labels.py took 0.067 seconds
[2023-12-12T04:39:57.703+0000] {processor.py:157} INFO - Started process (PID=430) to work on /home/airflow/.local/lib/python3.8/site-packages/airflow/example_dags/example_branch_labels.py
[2023-12-12T04:39:57.703+0000] {processor.py:829} INFO - Processing file /home/airflow/.local/lib/python3.8/site-packages/airflow/example_dags/example_branch_labels.py for tasks to queue
[2023-12-12T04:39:57.704+0000] {logging_mixin.py:154} INFO - [2023-12-12T04:39:57.704+0000] {dagbag.py:536} INFO - Filling up the DagBag from /home/airflow/.local/lib/python3.8/site-packages/airflow/example_dags/example_branch_labels.py
[2023-12-12T04:39:57.710+0000] {processor.py:839} INFO - DAG(s) dict_keys(['example_branch_labels']) retrieved from /home/airflow/.local/lib/python3.8/site-packages/airflow/example_dags/example_branch_labels.py
[2023-12-12T04:39:57.720+0000] {logging_mixin.py:154} INFO - [2023-12-12T04:39:57.720+0000] {dag.py:2941} INFO - Sync 1 DAGs
[2023-12-12T04:39:57.744+0000] {logging_mixin.py:154} INFO - [2023-12-12T04:39:57.744+0000] {dag.py:3722} INFO - Setting next_dagrun for example_branch_labels to 2023-12-11T00:00:00+00:00, run_after=2023-12-12T00:00:00+00:00
[2023-12-12T04:39:57.761+0000] {processor.py:179} INFO - Processing /home/airflow/.local/lib/python3.8/site-packages/airflow/example_dags/example_branch_labels.py took 0.061 seconds
[2023-12-12T04:40:28.281+0000] {processor.py:157} INFO - Started process (PID=668) to work on /home/airflow/.local/lib/python3.8/site-packages/airflow/example_dags/example_branch_labels.py
[2023-12-12T04:40:28.282+0000] {processor.py:829} INFO - Processing file /home/airflow/.local/lib/python3.8/site-packages/airflow/example_dags/example_branch_labels.py for tasks to queue
[2023-12-12T04:40:28.283+0000] {logging_mixin.py:154} INFO - [2023-12-12T04:40:28.283+0000] {dagbag.py:536} INFO - Filling up the DagBag from /home/airflow/.local/lib/python3.8/site-packages/airflow/example_dags/example_branch_labels.py
[2023-12-12T04:40:28.290+0000] {processor.py:839} INFO - DAG(s) dict_keys(['example_branch_labels']) retrieved from /home/airflow/.local/lib/python3.8/site-packages/airflow/example_dags/example_branch_labels.py
[2023-12-12T04:40:28.311+0000] {logging_mixin.py:154} INFO - [2023-12-12T04:40:28.310+0000] {dag.py:2941} INFO - Sync 1 DAGs
[2023-12-12T04:40:28.340+0000] {logging_mixin.py:154} INFO - [2023-12-12T04:40:28.340+0000] {dag.py:3722} INFO - Setting next_dagrun for example_branch_labels to 2023-12-11T00:00:00+00:00, run_after=2023-12-12T00:00:00+00:00
[2023-12-12T04:40:28.358+0000] {processor.py:179} INFO - Processing /home/airflow/.local/lib/python3.8/site-packages/airflow/example_dags/example_branch_labels.py took 0.079 seconds
[2023-12-12T04:40:58.667+0000] {processor.py:157} INFO - Started process (PID=906) to work on /home/airflow/.local/lib/python3.8/site-packages/airflow/example_dags/example_branch_labels.py
[2023-12-12T04:40:58.668+0000] {processor.py:829} INFO - Processing file /home/airflow/.local/lib/python3.8/site-packages/airflow/example_dags/example_branch_labels.py for tasks to queue
[2023-12-12T04:40:58.668+0000] {logging_mixin.py:154} INFO - [2023-12-12T04:40:58.668+0000] {dagbag.py:536} INFO - Filling up the DagBag from /home/airflow/.local/lib/python3.8/site-packages/airflow/example_dags/example_branch_labels.py
[2023-12-12T04:40:58.675+0000] {processor.py:839} INFO - DAG(s) dict_keys(['example_branch_labels']) retrieved from /home/airflow/.local/lib/python3.8/site-packages/airflow/example_dags/example_branch_labels.py
[2023-12-12T04:40:58.693+0000] {logging_mixin.py:154} INFO - [2023-12-12T04:40:58.693+0000] {dag.py:2941} INFO - Sync 1 DAGs
[2023-12-12T04:40:58.715+0000] {logging_mixin.py:154} INFO - [2023-12-12T04:40:58.715+0000] {dag.py:3722} INFO - Setting next_dagrun for example_branch_labels to 2023-12-11T00:00:00+00:00, run_after=2023-12-12T00:00:00+00:00
[2023-12-12T04:40:58.736+0000] {processor.py:179} INFO - Processing /home/airflow/.local/lib/python3.8/site-packages/airflow/example_dags/example_branch_labels.py took 0.071 seconds
