[2023-12-12T04:39:28.967+0000] {processor.py:157} INFO - Started process (PID=347) to work on /home/airflow/.local/lib/python3.8/site-packages/airflow/example_dags/example_sensors.py
[2023-12-12T04:39:28.968+0000] {processor.py:829} INFO - Processing file /home/airflow/.local/lib/python3.8/site-packages/airflow/example_dags/example_sensors.py for tasks to queue
[2023-12-12T04:39:28.968+0000] {logging_mixin.py:154} INFO - [2023-12-12T04:39:28.968+0000] {dagbag.py:536} INFO - Filling up the DagBag from /home/airflow/.local/lib/python3.8/site-packages/airflow/example_dags/example_sensors.py
[2023-12-12T04:39:28.981+0000] {processor.py:839} INFO - DAG(s) dict_keys(['example_sensors']) retrieved from /home/airflow/.local/lib/python3.8/site-packages/airflow/example_dags/example_sensors.py
[2023-12-12T04:39:28.992+0000] {logging_mixin.py:154} INFO - [2023-12-12T04:39:28.991+0000] {dag.py:2941} INFO - Sync 1 DAGs
[2023-12-12T04:39:29.006+0000] {logging_mixin.py:154} INFO - [2023-12-12T04:39:29.006+0000] {dag.py:3722} INFO - Setting next_dagrun for example_sensors to None, run_after=None
[2023-12-12T04:39:29.025+0000] {processor.py:179} INFO - Processing /home/airflow/.local/lib/python3.8/site-packages/airflow/example_dags/example_sensors.py took 0.062 seconds
[2023-12-12T04:40:00.153+0000] {processor.py:157} INFO - Started process (PID=585) to work on /home/airflow/.local/lib/python3.8/site-packages/airflow/example_dags/example_sensors.py
[2023-12-12T04:40:00.154+0000] {processor.py:829} INFO - Processing file /home/airflow/.local/lib/python3.8/site-packages/airflow/example_dags/example_sensors.py for tasks to queue
[2023-12-12T04:40:00.155+0000] {logging_mixin.py:154} INFO - [2023-12-12T04:40:00.155+0000] {dagbag.py:536} INFO - Filling up the DagBag from /home/airflow/.local/lib/python3.8/site-packages/airflow/example_dags/example_sensors.py
[2023-12-12T04:40:00.168+0000] {processor.py:839} INFO - DAG(s) dict_keys(['example_sensors']) retrieved from /home/airflow/.local/lib/python3.8/site-packages/airflow/example_dags/example_sensors.py
[2023-12-12T04:40:00.182+0000] {logging_mixin.py:154} INFO - [2023-12-12T04:40:00.182+0000] {dag.py:2941} INFO - Sync 1 DAGs
[2023-12-12T04:40:00.200+0000] {logging_mixin.py:154} INFO - [2023-12-12T04:40:00.199+0000] {dag.py:3722} INFO - Setting next_dagrun for example_sensors to None, run_after=None
[2023-12-12T04:40:00.222+0000] {processor.py:179} INFO - Processing /home/airflow/.local/lib/python3.8/site-packages/airflow/example_dags/example_sensors.py took 0.072 seconds
[2023-12-12T04:40:30.307+0000] {processor.py:157} INFO - Started process (PID=823) to work on /home/airflow/.local/lib/python3.8/site-packages/airflow/example_dags/example_sensors.py
[2023-12-12T04:40:30.307+0000] {processor.py:829} INFO - Processing file /home/airflow/.local/lib/python3.8/site-packages/airflow/example_dags/example_sensors.py for tasks to queue
[2023-12-12T04:40:30.308+0000] {logging_mixin.py:154} INFO - [2023-12-12T04:40:30.308+0000] {dagbag.py:536} INFO - Filling up the DagBag from /home/airflow/.local/lib/python3.8/site-packages/airflow/example_dags/example_sensors.py
[2023-12-12T04:40:30.316+0000] {processor.py:839} INFO - DAG(s) dict_keys(['example_sensors']) retrieved from /home/airflow/.local/lib/python3.8/site-packages/airflow/example_dags/example_sensors.py
[2023-12-12T04:40:30.339+0000] {logging_mixin.py:154} INFO - [2023-12-12T04:40:30.338+0000] {dag.py:2941} INFO - Sync 1 DAGs
[2023-12-12T04:40:30.350+0000] {logging_mixin.py:154} INFO - [2023-12-12T04:40:30.350+0000] {dag.py:3722} INFO - Setting next_dagrun for example_sensors to None, run_after=None
[2023-12-12T04:40:30.368+0000] {processor.py:179} INFO - Processing /home/airflow/.local/lib/python3.8/site-packages/airflow/example_dags/example_sensors.py took 0.063 seconds
[2023-12-12T04:41:01.183+0000] {processor.py:157} INFO - Started process (PID=1061) to work on /home/airflow/.local/lib/python3.8/site-packages/airflow/example_dags/example_sensors.py
[2023-12-12T04:41:01.183+0000] {processor.py:829} INFO - Processing file /home/airflow/.local/lib/python3.8/site-packages/airflow/example_dags/example_sensors.py for tasks to queue
[2023-12-12T04:41:01.184+0000] {logging_mixin.py:154} INFO - [2023-12-12T04:41:01.184+0000] {dagbag.py:536} INFO - Filling up the DagBag from /home/airflow/.local/lib/python3.8/site-packages/airflow/example_dags/example_sensors.py
[2023-12-12T04:41:01.192+0000] {processor.py:839} INFO - DAG(s) dict_keys(['example_sensors']) retrieved from /home/airflow/.local/lib/python3.8/site-packages/airflow/example_dags/example_sensors.py
[2023-12-12T04:41:01.213+0000] {logging_mixin.py:154} INFO - [2023-12-12T04:41:01.213+0000] {dag.py:2941} INFO - Sync 1 DAGs
[2023-12-12T04:41:01.224+0000] {logging_mixin.py:154} INFO - [2023-12-12T04:41:01.224+0000] {dag.py:3722} INFO - Setting next_dagrun for example_sensors to None, run_after=None
[2023-12-12T04:41:01.241+0000] {processor.py:179} INFO - Processing /home/airflow/.local/lib/python3.8/site-packages/airflow/example_dags/example_sensors.py took 0.061 seconds
