[2023-12-12T04:39:28.329+0000] {processor.py:157} INFO - Started process (PID=289) to work on /home/airflow/.local/lib/python3.8/site-packages/airflow/example_dags/example_task_group.py
[2023-12-12T04:39:28.330+0000] {processor.py:829} INFO - Processing file /home/airflow/.local/lib/python3.8/site-packages/airflow/example_dags/example_task_group.py for tasks to queue
[2023-12-12T04:39:28.330+0000] {logging_mixin.py:154} INFO - [2023-12-12T04:39:28.330+0000] {dagbag.py:536} INFO - Filling up the DagBag from /home/airflow/.local/lib/python3.8/site-packages/airflow/example_dags/example_task_group.py
[2023-12-12T04:39:28.338+0000] {processor.py:839} INFO - DAG(s) dict_keys(['example_task_group']) retrieved from /home/airflow/.local/lib/python3.8/site-packages/airflow/example_dags/example_task_group.py
[2023-12-12T04:39:28.348+0000] {logging_mixin.py:154} INFO - [2023-12-12T04:39:28.348+0000] {dag.py:2941} INFO - Sync 1 DAGs
[2023-12-12T04:39:28.369+0000] {logging_mixin.py:154} INFO - [2023-12-12T04:39:28.369+0000] {dag.py:3722} INFO - Setting next_dagrun for example_task_group to 2023-12-11T04:39:28.369237+00:00, run_after=2023-12-12T04:39:28.369237+00:00
[2023-12-12T04:39:28.388+0000] {processor.py:179} INFO - Processing /home/airflow/.local/lib/python3.8/site-packages/airflow/example_dags/example_task_group.py took 0.061 seconds
[2023-12-12T04:39:58.469+0000] {processor.py:157} INFO - Started process (PID=525) to work on /home/airflow/.local/lib/python3.8/site-packages/airflow/example_dags/example_task_group.py
[2023-12-12T04:39:58.470+0000] {processor.py:829} INFO - Processing file /home/airflow/.local/lib/python3.8/site-packages/airflow/example_dags/example_task_group.py for tasks to queue
[2023-12-12T04:39:58.471+0000] {logging_mixin.py:154} INFO - [2023-12-12T04:39:58.470+0000] {dagbag.py:536} INFO - Filling up the DagBag from /home/airflow/.local/lib/python3.8/site-packages/airflow/example_dags/example_task_group.py
[2023-12-12T04:39:58.477+0000] {processor.py:839} INFO - DAG(s) dict_keys(['example_task_group']) retrieved from /home/airflow/.local/lib/python3.8/site-packages/airflow/example_dags/example_task_group.py
[2023-12-12T04:39:58.487+0000] {logging_mixin.py:154} INFO - [2023-12-12T04:39:58.486+0000] {dag.py:2941} INFO - Sync 1 DAGs
[2023-12-12T04:39:58.507+0000] {logging_mixin.py:154} INFO - [2023-12-12T04:39:58.507+0000] {dag.py:3722} INFO - Setting next_dagrun for example_task_group to 2023-12-11T04:39:58.506918+00:00, run_after=2023-12-12T04:39:58.506918+00:00
[2023-12-12T04:39:58.524+0000] {processor.py:179} INFO - Processing /home/airflow/.local/lib/python3.8/site-packages/airflow/example_dags/example_task_group.py took 0.057 seconds
[2023-12-12T04:40:29.508+0000] {processor.py:157} INFO - Started process (PID=763) to work on /home/airflow/.local/lib/python3.8/site-packages/airflow/example_dags/example_task_group.py
[2023-12-12T04:40:29.509+0000] {processor.py:829} INFO - Processing file /home/airflow/.local/lib/python3.8/site-packages/airflow/example_dags/example_task_group.py for tasks to queue
[2023-12-12T04:40:29.510+0000] {logging_mixin.py:154} INFO - [2023-12-12T04:40:29.509+0000] {dagbag.py:536} INFO - Filling up the DagBag from /home/airflow/.local/lib/python3.8/site-packages/airflow/example_dags/example_task_group.py
[2023-12-12T04:40:29.517+0000] {processor.py:839} INFO - DAG(s) dict_keys(['example_task_group']) retrieved from /home/airflow/.local/lib/python3.8/site-packages/airflow/example_dags/example_task_group.py
[2023-12-12T04:40:29.540+0000] {logging_mixin.py:154} INFO - [2023-12-12T04:40:29.540+0000] {dag.py:2941} INFO - Sync 1 DAGs
[2023-12-12T04:40:29.563+0000] {logging_mixin.py:154} INFO - [2023-12-12T04:40:29.563+0000] {dag.py:3722} INFO - Setting next_dagrun for example_task_group to 2023-12-11T04:40:29.563421+00:00, run_after=2023-12-12T04:40:29.563421+00:00
[2023-12-12T04:40:29.584+0000] {processor.py:179} INFO - Processing /home/airflow/.local/lib/python3.8/site-packages/airflow/example_dags/example_task_group.py took 0.079 seconds
[2023-12-12T04:41:00.608+0000] {processor.py:157} INFO - Started process (PID=1001) to work on /home/airflow/.local/lib/python3.8/site-packages/airflow/example_dags/example_task_group.py
[2023-12-12T04:41:00.608+0000] {processor.py:829} INFO - Processing file /home/airflow/.local/lib/python3.8/site-packages/airflow/example_dags/example_task_group.py for tasks to queue
[2023-12-12T04:41:00.609+0000] {logging_mixin.py:154} INFO - [2023-12-12T04:41:00.609+0000] {dagbag.py:536} INFO - Filling up the DagBag from /home/airflow/.local/lib/python3.8/site-packages/airflow/example_dags/example_task_group.py
[2023-12-12T04:41:00.615+0000] {processor.py:839} INFO - DAG(s) dict_keys(['example_task_group']) retrieved from /home/airflow/.local/lib/python3.8/site-packages/airflow/example_dags/example_task_group.py
[2023-12-12T04:41:00.634+0000] {logging_mixin.py:154} INFO - [2023-12-12T04:41:00.634+0000] {dag.py:2941} INFO - Sync 1 DAGs
[2023-12-12T04:41:00.654+0000] {logging_mixin.py:154} INFO - [2023-12-12T04:41:00.654+0000] {dag.py:3722} INFO - Setting next_dagrun for example_task_group to 2023-12-11T04:41:00.654413+00:00, run_after=2023-12-12T04:41:00.654413+00:00
[2023-12-12T04:41:00.672+0000] {processor.py:179} INFO - Processing /home/airflow/.local/lib/python3.8/site-packages/airflow/example_dags/example_task_group.py took 0.067 seconds
