[2023-12-12T04:39:27.466+0000] {processor.py:157} INFO - Started process (PID=202) to work on /home/airflow/.local/lib/python3.8/site-packages/airflow/example_dags/example_branch_datetime_operator.py
[2023-12-12T04:39:27.466+0000] {processor.py:829} INFO - Processing file /home/airflow/.local/lib/python3.8/site-packages/airflow/example_dags/example_branch_datetime_operator.py for tasks to queue
[2023-12-12T04:39:27.467+0000] {logging_mixin.py:154} INFO - [2023-12-12T04:39:27.467+0000] {dagbag.py:536} INFO - Filling up the DagBag from /home/airflow/.local/lib/python3.8/site-packages/airflow/example_dags/example_branch_datetime_operator.py
[2023-12-12T04:39:27.479+0000] {processor.py:839} INFO - DAG(s) dict_keys(['example_branch_datetime_operator', 'example_branch_datetime_operator_3', 'example_branch_datetime_operator_2']) retrieved from /home/airflow/.local/lib/python3.8/site-packages/airflow/example_dags/example_branch_datetime_operator.py
[2023-12-12T04:39:27.491+0000] {logging_mixin.py:154} INFO - [2023-12-12T04:39:27.491+0000] {dag.py:2941} INFO - Sync 3 DAGs
[2023-12-12T04:39:27.518+0000] {logging_mixin.py:154} INFO - [2023-12-12T04:39:27.518+0000] {dag.py:3722} INFO - Setting next_dagrun for example_branch_datetime_operator to 2023-12-11T00:00:00+00:00, run_after=2023-12-12T00:00:00+00:00
[2023-12-12T04:39:27.523+0000] {logging_mixin.py:154} INFO - [2023-12-12T04:39:27.523+0000] {dag.py:3722} INFO - Setting next_dagrun for example_branch_datetime_operator_2 to 2023-12-11T00:00:00+00:00, run_after=2023-12-12T00:00:00+00:00
[2023-12-12T04:39:27.526+0000] {logging_mixin.py:154} INFO - [2023-12-12T04:39:27.526+0000] {dag.py:3722} INFO - Setting next_dagrun for example_branch_datetime_operator_3 to 2023-12-11T00:00:00+00:00, run_after=2023-12-12T00:00:00+00:00
[2023-12-12T04:39:27.543+0000] {processor.py:179} INFO - Processing /home/airflow/.local/lib/python3.8/site-packages/airflow/example_dags/example_branch_datetime_operator.py took 0.080 seconds
[2023-12-12T04:39:57.784+0000] {processor.py:157} INFO - Started process (PID=440) to work on /home/airflow/.local/lib/python3.8/site-packages/airflow/example_dags/example_branch_datetime_operator.py
[2023-12-12T04:39:57.785+0000] {processor.py:829} INFO - Processing file /home/airflow/.local/lib/python3.8/site-packages/airflow/example_dags/example_branch_datetime_operator.py for tasks to queue
[2023-12-12T04:39:57.785+0000] {logging_mixin.py:154} INFO - [2023-12-12T04:39:57.785+0000] {dagbag.py:536} INFO - Filling up the DagBag from /home/airflow/.local/lib/python3.8/site-packages/airflow/example_dags/example_branch_datetime_operator.py
[2023-12-12T04:39:57.794+0000] {processor.py:839} INFO - DAG(s) dict_keys(['example_branch_datetime_operator_3', 'example_branch_datetime_operator_2', 'example_branch_datetime_operator']) retrieved from /home/airflow/.local/lib/python3.8/site-packages/airflow/example_dags/example_branch_datetime_operator.py
[2023-12-12T04:39:57.805+0000] {logging_mixin.py:154} INFO - [2023-12-12T04:39:57.805+0000] {dag.py:2941} INFO - Sync 3 DAGs
[2023-12-12T04:39:57.829+0000] {logging_mixin.py:154} INFO - [2023-12-12T04:39:57.829+0000] {dag.py:3722} INFO - Setting next_dagrun for example_branch_datetime_operator to 2023-12-11T00:00:00+00:00, run_after=2023-12-12T00:00:00+00:00
[2023-12-12T04:39:57.834+0000] {logging_mixin.py:154} INFO - [2023-12-12T04:39:57.834+0000] {dag.py:3722} INFO - Setting next_dagrun for example_branch_datetime_operator_2 to 2023-12-11T00:00:00+00:00, run_after=2023-12-12T00:00:00+00:00
[2023-12-12T04:39:57.837+0000] {logging_mixin.py:154} INFO - [2023-12-12T04:39:57.837+0000] {dag.py:3722} INFO - Setting next_dagrun for example_branch_datetime_operator_3 to 2023-12-11T00:00:00+00:00, run_after=2023-12-12T00:00:00+00:00
[2023-12-12T04:39:57.851+0000] {processor.py:179} INFO - Processing /home/airflow/.local/lib/python3.8/site-packages/airflow/example_dags/example_branch_datetime_operator.py took 0.069 seconds
[2023-12-12T04:40:28.482+0000] {processor.py:157} INFO - Started process (PID=678) to work on /home/airflow/.local/lib/python3.8/site-packages/airflow/example_dags/example_branch_datetime_operator.py
[2023-12-12T04:40:28.482+0000] {processor.py:829} INFO - Processing file /home/airflow/.local/lib/python3.8/site-packages/airflow/example_dags/example_branch_datetime_operator.py for tasks to queue
[2023-12-12T04:40:28.483+0000] {logging_mixin.py:154} INFO - [2023-12-12T04:40:28.483+0000] {dagbag.py:536} INFO - Filling up the DagBag from /home/airflow/.local/lib/python3.8/site-packages/airflow/example_dags/example_branch_datetime_operator.py
[2023-12-12T04:40:28.496+0000] {processor.py:839} INFO - DAG(s) dict_keys(['example_branch_datetime_operator', 'example_branch_datetime_operator_3', 'example_branch_datetime_operator_2']) retrieved from /home/airflow/.local/lib/python3.8/site-packages/airflow/example_dags/example_branch_datetime_operator.py
[2023-12-12T04:40:28.532+0000] {logging_mixin.py:154} INFO - [2023-12-12T04:40:28.532+0000] {dag.py:2941} INFO - Sync 3 DAGs
[2023-12-12T04:40:28.572+0000] {logging_mixin.py:154} INFO - [2023-12-12T04:40:28.572+0000] {dag.py:3722} INFO - Setting next_dagrun for example_branch_datetime_operator to 2023-12-11T00:00:00+00:00, run_after=2023-12-12T00:00:00+00:00
[2023-12-12T04:40:28.581+0000] {logging_mixin.py:154} INFO - [2023-12-12T04:40:28.581+0000] {dag.py:3722} INFO - Setting next_dagrun for example_branch_datetime_operator_2 to 2023-12-11T00:00:00+00:00, run_after=2023-12-12T00:00:00+00:00
[2023-12-12T04:40:28.585+0000] {logging_mixin.py:154} INFO - [2023-12-12T04:40:28.584+0000] {dag.py:3722} INFO - Setting next_dagrun for example_branch_datetime_operator_3 to 2023-12-11T00:00:00+00:00, run_after=2023-12-12T00:00:00+00:00
[2023-12-12T04:40:28.604+0000] {processor.py:179} INFO - Processing /home/airflow/.local/lib/python3.8/site-packages/airflow/example_dags/example_branch_datetime_operator.py took 0.125 seconds
[2023-12-12T04:40:58.759+0000] {processor.py:157} INFO - Started process (PID=916) to work on /home/airflow/.local/lib/python3.8/site-packages/airflow/example_dags/example_branch_datetime_operator.py
[2023-12-12T04:40:58.760+0000] {processor.py:829} INFO - Processing file /home/airflow/.local/lib/python3.8/site-packages/airflow/example_dags/example_branch_datetime_operator.py for tasks to queue
[2023-12-12T04:40:58.760+0000] {logging_mixin.py:154} INFO - [2023-12-12T04:40:58.760+0000] {dagbag.py:536} INFO - Filling up the DagBag from /home/airflow/.local/lib/python3.8/site-packages/airflow/example_dags/example_branch_datetime_operator.py
[2023-12-12T04:40:58.769+0000] {processor.py:839} INFO - DAG(s) dict_keys(['example_branch_datetime_operator_2', 'example_branch_datetime_operator_3', 'example_branch_datetime_operator']) retrieved from /home/airflow/.local/lib/python3.8/site-packages/airflow/example_dags/example_branch_datetime_operator.py
[2023-12-12T04:40:58.793+0000] {logging_mixin.py:154} INFO - [2023-12-12T04:40:58.793+0000] {dag.py:2941} INFO - Sync 3 DAGs
[2023-12-12T04:40:58.815+0000] {logging_mixin.py:154} INFO - [2023-12-12T04:40:58.815+0000] {dag.py:3722} INFO - Setting next_dagrun for example_branch_datetime_operator to 2023-12-11T00:00:00+00:00, run_after=2023-12-12T00:00:00+00:00
[2023-12-12T04:40:58.820+0000] {logging_mixin.py:154} INFO - [2023-12-12T04:40:58.820+0000] {dag.py:3722} INFO - Setting next_dagrun for example_branch_datetime_operator_2 to 2023-12-11T00:00:00+00:00, run_after=2023-12-12T00:00:00+00:00
[2023-12-12T04:40:58.823+0000] {logging_mixin.py:154} INFO - [2023-12-12T04:40:58.823+0000] {dag.py:3722} INFO - Setting next_dagrun for example_branch_datetime_operator_3 to 2023-12-11T00:00:00+00:00, run_after=2023-12-12T00:00:00+00:00
[2023-12-12T04:40:58.838+0000] {processor.py:179} INFO - Processing /home/airflow/.local/lib/python3.8/site-packages/airflow/example_dags/example_branch_datetime_operator.py took 0.082 seconds
