[2023-12-12T04:39:27.895+0000] {processor.py:157} INFO - Started process (PID=242) to work on /home/airflow/.local/lib/python3.8/site-packages/airflow/example_dags/example_dynamic_task_mapping_with_no_taskflow_operators.py
[2023-12-12T04:39:27.895+0000] {processor.py:829} INFO - Processing file /home/airflow/.local/lib/python3.8/site-packages/airflow/example_dags/example_dynamic_task_mapping_with_no_taskflow_operators.py for tasks to queue
[2023-12-12T04:39:27.896+0000] {logging_mixin.py:154} INFO - [2023-12-12T04:39:27.896+0000] {dagbag.py:536} INFO - Filling up the DagBag from /home/airflow/.local/lib/python3.8/site-packages/airflow/example_dags/example_dynamic_task_mapping_with_no_taskflow_operators.py
[2023-12-12T04:39:27.905+0000] {processor.py:839} INFO - DAG(s) dict_keys(['example_dynamic_task_mapping_with_no_taskflow_operators']) retrieved from /home/airflow/.local/lib/python3.8/site-packages/airflow/example_dags/example_dynamic_task_mapping_with_no_taskflow_operators.py
[2023-12-12T04:39:27.916+0000] {logging_mixin.py:154} INFO - [2023-12-12T04:39:27.915+0000] {dag.py:2941} INFO - Sync 1 DAGs
[2023-12-12T04:39:27.942+0000] {logging_mixin.py:154} INFO - [2023-12-12T04:39:27.942+0000] {dag.py:3722} INFO - Setting next_dagrun for example_dynamic_task_mapping_with_no_taskflow_operators to 2023-12-11T04:39:27.942048+00:00, run_after=2023-12-12T04:39:27.942048+00:00
[2023-12-12T04:39:27.962+0000] {processor.py:179} INFO - Processing /home/airflow/.local/lib/python3.8/site-packages/airflow/example_dags/example_dynamic_task_mapping_with_no_taskflow_operators.py took 0.069 seconds
[2023-12-12T04:39:58.115+0000] {processor.py:157} INFO - Started process (PID=480) to work on /home/airflow/.local/lib/python3.8/site-packages/airflow/example_dags/example_dynamic_task_mapping_with_no_taskflow_operators.py
[2023-12-12T04:39:58.116+0000] {processor.py:829} INFO - Processing file /home/airflow/.local/lib/python3.8/site-packages/airflow/example_dags/example_dynamic_task_mapping_with_no_taskflow_operators.py for tasks to queue
[2023-12-12T04:39:58.116+0000] {logging_mixin.py:154} INFO - [2023-12-12T04:39:58.116+0000] {dagbag.py:536} INFO - Filling up the DagBag from /home/airflow/.local/lib/python3.8/site-packages/airflow/example_dags/example_dynamic_task_mapping_with_no_taskflow_operators.py
[2023-12-12T04:39:58.122+0000] {processor.py:839} INFO - DAG(s) dict_keys(['example_dynamic_task_mapping_with_no_taskflow_operators']) retrieved from /home/airflow/.local/lib/python3.8/site-packages/airflow/example_dags/example_dynamic_task_mapping_with_no_taskflow_operators.py
[2023-12-12T04:39:58.131+0000] {logging_mixin.py:154} INFO - [2023-12-12T04:39:58.131+0000] {dag.py:2941} INFO - Sync 1 DAGs
[2023-12-12T04:39:58.153+0000] {logging_mixin.py:154} INFO - [2023-12-12T04:39:58.153+0000] {dag.py:3722} INFO - Setting next_dagrun for example_dynamic_task_mapping_with_no_taskflow_operators to 2023-12-11T04:39:58.153327+00:00, run_after=2023-12-12T04:39:58.153327+00:00
[2023-12-12T04:39:58.170+0000] {processor.py:179} INFO - Processing /home/airflow/.local/lib/python3.8/site-packages/airflow/example_dags/example_dynamic_task_mapping_with_no_taskflow_operators.py took 0.057 seconds
[2023-12-12T04:40:28.970+0000] {processor.py:157} INFO - Started process (PID=718) to work on /home/airflow/.local/lib/python3.8/site-packages/airflow/example_dags/example_dynamic_task_mapping_with_no_taskflow_operators.py
[2023-12-12T04:40:28.972+0000] {processor.py:829} INFO - Processing file /home/airflow/.local/lib/python3.8/site-packages/airflow/example_dags/example_dynamic_task_mapping_with_no_taskflow_operators.py for tasks to queue
[2023-12-12T04:40:28.973+0000] {logging_mixin.py:154} INFO - [2023-12-12T04:40:28.973+0000] {dagbag.py:536} INFO - Filling up the DagBag from /home/airflow/.local/lib/python3.8/site-packages/airflow/example_dags/example_dynamic_task_mapping_with_no_taskflow_operators.py
[2023-12-12T04:40:28.979+0000] {processor.py:839} INFO - DAG(s) dict_keys(['example_dynamic_task_mapping_with_no_taskflow_operators']) retrieved from /home/airflow/.local/lib/python3.8/site-packages/airflow/example_dags/example_dynamic_task_mapping_with_no_taskflow_operators.py
[2023-12-12T04:40:29.001+0000] {logging_mixin.py:154} INFO - [2023-12-12T04:40:29.001+0000] {dag.py:2941} INFO - Sync 1 DAGs
[2023-12-12T04:40:29.032+0000] {logging_mixin.py:154} INFO - [2023-12-12T04:40:29.030+0000] {dag.py:3722} INFO - Setting next_dagrun for example_dynamic_task_mapping_with_no_taskflow_operators to 2023-12-11T04:40:29.030611+00:00, run_after=2023-12-12T04:40:29.030611+00:00
[2023-12-12T04:40:29.052+0000] {processor.py:179} INFO - Processing /home/airflow/.local/lib/python3.8/site-packages/airflow/example_dags/example_dynamic_task_mapping_with_no_taskflow_operators.py took 0.085 seconds
[2023-12-12T04:40:59.126+0000] {processor.py:157} INFO - Started process (PID=956) to work on /home/airflow/.local/lib/python3.8/site-packages/airflow/example_dags/example_dynamic_task_mapping_with_no_taskflow_operators.py
[2023-12-12T04:40:59.127+0000] {processor.py:829} INFO - Processing file /home/airflow/.local/lib/python3.8/site-packages/airflow/example_dags/example_dynamic_task_mapping_with_no_taskflow_operators.py for tasks to queue
[2023-12-12T04:40:59.127+0000] {logging_mixin.py:154} INFO - [2023-12-12T04:40:59.127+0000] {dagbag.py:536} INFO - Filling up the DagBag from /home/airflow/.local/lib/python3.8/site-packages/airflow/example_dags/example_dynamic_task_mapping_with_no_taskflow_operators.py
[2023-12-12T04:40:59.134+0000] {processor.py:839} INFO - DAG(s) dict_keys(['example_dynamic_task_mapping_with_no_taskflow_operators']) retrieved from /home/airflow/.local/lib/python3.8/site-packages/airflow/example_dags/example_dynamic_task_mapping_with_no_taskflow_operators.py
[2023-12-12T04:40:59.151+0000] {logging_mixin.py:154} INFO - [2023-12-12T04:40:59.151+0000] {dag.py:2941} INFO - Sync 1 DAGs
[2023-12-12T04:40:59.173+0000] {logging_mixin.py:154} INFO - [2023-12-12T04:40:59.173+0000] {dag.py:3722} INFO - Setting next_dagrun for example_dynamic_task_mapping_with_no_taskflow_operators to 2023-12-11T04:40:59.173147+00:00, run_after=2023-12-12T04:40:59.173147+00:00
[2023-12-12T04:40:59.189+0000] {processor.py:179} INFO - Processing /home/airflow/.local/lib/python3.8/site-packages/airflow/example_dags/example_dynamic_task_mapping_with_no_taskflow_operators.py took 0.066 seconds
