[2023-12-12T04:39:28.412+0000] {processor.py:157} INFO - Started process (PID=297) to work on /home/airflow/.local/lib/python3.8/site-packages/airflow/example_dags/example_short_circuit_decorator.py
[2023-12-12T04:39:28.412+0000] {processor.py:829} INFO - Processing file /home/airflow/.local/lib/python3.8/site-packages/airflow/example_dags/example_short_circuit_decorator.py for tasks to queue
[2023-12-12T04:39:28.413+0000] {logging_mixin.py:154} INFO - [2023-12-12T04:39:28.413+0000] {dagbag.py:536} INFO - Filling up the DagBag from /home/airflow/.local/lib/python3.8/site-packages/airflow/example_dags/example_short_circuit_decorator.py
[2023-12-12T04:39:28.425+0000] {processor.py:839} INFO - DAG(s) dict_keys(['example_short_circuit_decorator']) retrieved from /home/airflow/.local/lib/python3.8/site-packages/airflow/example_dags/example_short_circuit_decorator.py
[2023-12-12T04:39:28.435+0000] {logging_mixin.py:154} INFO - [2023-12-12T04:39:28.435+0000] {dag.py:2941} INFO - Sync 1 DAGs
[2023-12-12T04:39:28.456+0000] {logging_mixin.py:154} INFO - [2023-12-12T04:39:28.456+0000] {dag.py:3722} INFO - Setting next_dagrun for example_short_circuit_decorator to 2023-12-11T04:39:28.456162+00:00, run_after=2023-12-12T04:39:28.456162+00:00
[2023-12-12T04:39:28.476+0000] {processor.py:179} INFO - Processing /home/airflow/.local/lib/python3.8/site-packages/airflow/example_dags/example_short_circuit_decorator.py took 0.066 seconds
[2023-12-12T04:39:58.546+0000] {processor.py:157} INFO - Started process (PID=535) to work on /home/airflow/.local/lib/python3.8/site-packages/airflow/example_dags/example_short_circuit_decorator.py
[2023-12-12T04:39:58.546+0000] {processor.py:829} INFO - Processing file /home/airflow/.local/lib/python3.8/site-packages/airflow/example_dags/example_short_circuit_decorator.py for tasks to queue
[2023-12-12T04:39:58.547+0000] {logging_mixin.py:154} INFO - [2023-12-12T04:39:58.547+0000] {dagbag.py:536} INFO - Filling up the DagBag from /home/airflow/.local/lib/python3.8/site-packages/airflow/example_dags/example_short_circuit_decorator.py
[2023-12-12T04:39:58.555+0000] {processor.py:839} INFO - DAG(s) dict_keys(['example_short_circuit_decorator']) retrieved from /home/airflow/.local/lib/python3.8/site-packages/airflow/example_dags/example_short_circuit_decorator.py
[2023-12-12T04:39:58.565+0000] {logging_mixin.py:154} INFO - [2023-12-12T04:39:58.564+0000] {dag.py:2941} INFO - Sync 1 DAGs
[2023-12-12T04:39:58.584+0000] {logging_mixin.py:154} INFO - [2023-12-12T04:39:58.584+0000] {dag.py:3722} INFO - Setting next_dagrun for example_short_circuit_decorator to 2023-12-11T04:39:58.584400+00:00, run_after=2023-12-12T04:39:58.584400+00:00
[2023-12-12T04:39:58.600+0000] {processor.py:179} INFO - Processing /home/airflow/.local/lib/python3.8/site-packages/airflow/example_dags/example_short_circuit_decorator.py took 0.057 seconds
[2023-12-12T04:40:29.639+0000] {processor.py:157} INFO - Started process (PID=773) to work on /home/airflow/.local/lib/python3.8/site-packages/airflow/example_dags/example_short_circuit_decorator.py
[2023-12-12T04:40:29.641+0000] {processor.py:829} INFO - Processing file /home/airflow/.local/lib/python3.8/site-packages/airflow/example_dags/example_short_circuit_decorator.py for tasks to queue
[2023-12-12T04:40:29.642+0000] {logging_mixin.py:154} INFO - [2023-12-12T04:40:29.641+0000] {dagbag.py:536} INFO - Filling up the DagBag from /home/airflow/.local/lib/python3.8/site-packages/airflow/example_dags/example_short_circuit_decorator.py
[2023-12-12T04:40:29.655+0000] {processor.py:839} INFO - DAG(s) dict_keys(['example_short_circuit_decorator']) retrieved from /home/airflow/.local/lib/python3.8/site-packages/airflow/example_dags/example_short_circuit_decorator.py
[2023-12-12T04:40:29.678+0000] {logging_mixin.py:154} INFO - [2023-12-12T04:40:29.678+0000] {dag.py:2941} INFO - Sync 1 DAGs
[2023-12-12T04:40:29.700+0000] {logging_mixin.py:154} INFO - [2023-12-12T04:40:29.700+0000] {dag.py:3722} INFO - Setting next_dagrun for example_short_circuit_decorator to 2023-12-11T04:40:29.700360+00:00, run_after=2023-12-12T04:40:29.700360+00:00
[2023-12-12T04:40:29.718+0000] {processor.py:179} INFO - Processing /home/airflow/.local/lib/python3.8/site-packages/airflow/example_dags/example_short_circuit_decorator.py took 0.084 seconds
[2023-12-12T04:41:00.693+0000] {processor.py:157} INFO - Started process (PID=1011) to work on /home/airflow/.local/lib/python3.8/site-packages/airflow/example_dags/example_short_circuit_decorator.py
[2023-12-12T04:41:00.694+0000] {processor.py:829} INFO - Processing file /home/airflow/.local/lib/python3.8/site-packages/airflow/example_dags/example_short_circuit_decorator.py for tasks to queue
[2023-12-12T04:41:00.694+0000] {logging_mixin.py:154} INFO - [2023-12-12T04:41:00.694+0000] {dagbag.py:536} INFO - Filling up the DagBag from /home/airflow/.local/lib/python3.8/site-packages/airflow/example_dags/example_short_circuit_decorator.py
[2023-12-12T04:41:00.702+0000] {processor.py:839} INFO - DAG(s) dict_keys(['example_short_circuit_decorator']) retrieved from /home/airflow/.local/lib/python3.8/site-packages/airflow/example_dags/example_short_circuit_decorator.py
[2023-12-12T04:41:00.722+0000] {logging_mixin.py:154} INFO - [2023-12-12T04:41:00.722+0000] {dag.py:2941} INFO - Sync 1 DAGs
[2023-12-12T04:41:00.742+0000] {logging_mixin.py:154} INFO - [2023-12-12T04:41:00.741+0000] {dag.py:3722} INFO - Setting next_dagrun for example_short_circuit_decorator to 2023-12-11T04:41:00.741623+00:00, run_after=2023-12-12T04:41:00.741623+00:00
[2023-12-12T04:41:00.759+0000] {processor.py:179} INFO - Processing /home/airflow/.local/lib/python3.8/site-packages/airflow/example_dags/example_short_circuit_decorator.py took 0.068 seconds
