[2023-12-12T04:39:28.245+0000] {processor.py:157} INFO - Started process (PID=282) to work on /home/airflow/.local/lib/python3.8/site-packages/airflow/example_dags/example_subdag_operator.py
[2023-12-12T04:39:28.245+0000] {processor.py:829} INFO - Processing file /home/airflow/.local/lib/python3.8/site-packages/airflow/example_dags/example_subdag_operator.py for tasks to queue
[2023-12-12T04:39:28.246+0000] {logging_mixin.py:154} INFO - [2023-12-12T04:39:28.246+0000] {dagbag.py:536} INFO - Filling up the DagBag from /home/airflow/.local/lib/python3.8/site-packages/airflow/example_dags/example_subdag_operator.py
[2023-12-12T04:39:28.267+0000] {processor.py:839} INFO - DAG(s) dict_keys(['example_subdag_operator.section-1', 'example_subdag_operator.section-2', 'example_subdag_operator']) retrieved from /home/airflow/.local/lib/python3.8/site-packages/airflow/example_dags/example_subdag_operator.py
[2023-12-12T04:39:28.271+0000] {logging_mixin.py:154} INFO - [2023-12-12T04:39:28.271+0000] {dag.py:2941} INFO - Sync 3 DAGs
[2023-12-12T04:39:28.291+0000] {logging_mixin.py:154} INFO - [2023-12-12T04:39:28.291+0000] {dag.py:3722} INFO - Setting next_dagrun for example_subdag_operator to 2022-01-01T00:00:00+00:00, run_after=2022-01-01T00:00:00+00:00
[2023-12-12T04:39:28.294+0000] {logging_mixin.py:154} INFO - [2023-12-12T04:39:28.294+0000] {dag.py:3722} INFO - Setting next_dagrun for example_subdag_operator.section-1 to None, run_after=None
[2023-12-12T04:39:28.295+0000] {logging_mixin.py:154} INFO - [2023-12-12T04:39:28.295+0000] {dag.py:3722} INFO - Setting next_dagrun for example_subdag_operator.section-2 to None, run_after=None
[2023-12-12T04:39:28.301+0000] {logging_mixin.py:154} INFO - [2023-12-12T04:39:28.301+0000] {dag.py:2941} INFO - Sync 2 DAGs
[2023-12-12T04:39:28.306+0000] {logging_mixin.py:154} INFO - [2023-12-12T04:39:28.306+0000] {dag.py:3722} INFO - Setting next_dagrun for example_subdag_operator.section-1 to None, run_after=None
[2023-12-12T04:39:28.306+0000] {logging_mixin.py:154} INFO - [2023-12-12T04:39:28.306+0000] {dag.py:3722} INFO - Setting next_dagrun for example_subdag_operator.section-2 to None, run_after=None
[2023-12-12T04:39:28.317+0000] {processor.py:179} INFO - Processing /home/airflow/.local/lib/python3.8/site-packages/airflow/example_dags/example_subdag_operator.py took 0.075 seconds
[2023-12-12T04:39:58.399+0000] {processor.py:157} INFO - Started process (PID=520) to work on /home/airflow/.local/lib/python3.8/site-packages/airflow/example_dags/example_subdag_operator.py
[2023-12-12T04:39:58.400+0000] {processor.py:829} INFO - Processing file /home/airflow/.local/lib/python3.8/site-packages/airflow/example_dags/example_subdag_operator.py for tasks to queue
[2023-12-12T04:39:58.401+0000] {logging_mixin.py:154} INFO - [2023-12-12T04:39:58.400+0000] {dagbag.py:536} INFO - Filling up the DagBag from /home/airflow/.local/lib/python3.8/site-packages/airflow/example_dags/example_subdag_operator.py
[2023-12-12T04:39:58.424+0000] {processor.py:839} INFO - DAG(s) dict_keys(['example_subdag_operator.section-1', 'example_subdag_operator.section-2', 'example_subdag_operator']) retrieved from /home/airflow/.local/lib/python3.8/site-packages/airflow/example_dags/example_subdag_operator.py
[2023-12-12T04:39:58.427+0000] {logging_mixin.py:154} INFO - [2023-12-12T04:39:58.427+0000] {dag.py:2941} INFO - Sync 3 DAGs
[2023-12-12T04:39:58.451+0000] {logging_mixin.py:154} INFO - [2023-12-12T04:39:58.451+0000] {dag.py:3722} INFO - Setting next_dagrun for example_subdag_operator to 2022-01-01T00:00:00+00:00, run_after=2022-01-01T00:00:00+00:00
[2023-12-12T04:39:58.454+0000] {logging_mixin.py:154} INFO - [2023-12-12T04:39:58.454+0000] {dag.py:3722} INFO - Setting next_dagrun for example_subdag_operator.section-1 to None, run_after=None
[2023-12-12T04:39:58.456+0000] {logging_mixin.py:154} INFO - [2023-12-12T04:39:58.455+0000] {dag.py:3722} INFO - Setting next_dagrun for example_subdag_operator.section-2 to None, run_after=None
[2023-12-12T04:39:58.462+0000] {logging_mixin.py:154} INFO - [2023-12-12T04:39:58.462+0000] {dag.py:2941} INFO - Sync 2 DAGs
[2023-12-12T04:39:58.467+0000] {logging_mixin.py:154} INFO - [2023-12-12T04:39:58.467+0000] {dag.py:3722} INFO - Setting next_dagrun for example_subdag_operator.section-1 to None, run_after=None
[2023-12-12T04:39:58.467+0000] {logging_mixin.py:154} INFO - [2023-12-12T04:39:58.467+0000] {dag.py:3722} INFO - Setting next_dagrun for example_subdag_operator.section-2 to None, run_after=None
[2023-12-12T04:39:58.478+0000] {processor.py:179} INFO - Processing /home/airflow/.local/lib/python3.8/site-packages/airflow/example_dags/example_subdag_operator.py took 0.081 seconds
[2023-12-12T04:40:29.501+0000] {processor.py:157} INFO - Started process (PID=760) to work on /home/airflow/.local/lib/python3.8/site-packages/airflow/example_dags/example_subdag_operator.py
[2023-12-12T04:40:29.502+0000] {processor.py:829} INFO - Processing file /home/airflow/.local/lib/python3.8/site-packages/airflow/example_dags/example_subdag_operator.py for tasks to queue
[2023-12-12T04:40:29.503+0000] {logging_mixin.py:154} INFO - [2023-12-12T04:40:29.502+0000] {dagbag.py:536} INFO - Filling up the DagBag from /home/airflow/.local/lib/python3.8/site-packages/airflow/example_dags/example_subdag_operator.py
[2023-12-12T04:40:29.530+0000] {processor.py:839} INFO - DAG(s) dict_keys(['example_subdag_operator.section-1', 'example_subdag_operator.section-2', 'example_subdag_operator']) retrieved from /home/airflow/.local/lib/python3.8/site-packages/airflow/example_dags/example_subdag_operator.py
[2023-12-12T04:40:29.547+0000] {logging_mixin.py:154} INFO - [2023-12-12T04:40:29.547+0000] {dag.py:2941} INFO - Sync 3 DAGs
[2023-12-12T04:40:29.571+0000] {logging_mixin.py:154} INFO - [2023-12-12T04:40:29.570+0000] {dag.py:3722} INFO - Setting next_dagrun for example_subdag_operator to 2022-01-01T00:00:00+00:00, run_after=2022-01-01T00:00:00+00:00
[2023-12-12T04:40:29.575+0000] {logging_mixin.py:154} INFO - [2023-12-12T04:40:29.575+0000] {dag.py:3722} INFO - Setting next_dagrun for example_subdag_operator.section-1 to None, run_after=None
[2023-12-12T04:40:29.577+0000] {logging_mixin.py:154} INFO - [2023-12-12T04:40:29.577+0000] {dag.py:3722} INFO - Setting next_dagrun for example_subdag_operator.section-2 to None, run_after=None
[2023-12-12T04:40:29.584+0000] {logging_mixin.py:154} INFO - [2023-12-12T04:40:29.583+0000] {dag.py:2941} INFO - Sync 2 DAGs
[2023-12-12T04:40:29.592+0000] {logging_mixin.py:154} INFO - [2023-12-12T04:40:29.592+0000] {dag.py:3722} INFO - Setting next_dagrun for example_subdag_operator.section-1 to None, run_after=None
[2023-12-12T04:40:29.593+0000] {logging_mixin.py:154} INFO - [2023-12-12T04:40:29.593+0000] {dag.py:3722} INFO - Setting next_dagrun for example_subdag_operator.section-2 to None, run_after=None
[2023-12-12T04:40:29.608+0000] {processor.py:179} INFO - Processing /home/airflow/.local/lib/python3.8/site-packages/airflow/example_dags/example_subdag_operator.py took 0.110 seconds
[2023-12-12T04:41:00.506+0000] {processor.py:157} INFO - Started process (PID=996) to work on /home/airflow/.local/lib/python3.8/site-packages/airflow/example_dags/example_subdag_operator.py
[2023-12-12T04:41:00.506+0000] {processor.py:829} INFO - Processing file /home/airflow/.local/lib/python3.8/site-packages/airflow/example_dags/example_subdag_operator.py for tasks to queue
[2023-12-12T04:41:00.507+0000] {logging_mixin.py:154} INFO - [2023-12-12T04:41:00.507+0000] {dagbag.py:536} INFO - Filling up the DagBag from /home/airflow/.local/lib/python3.8/site-packages/airflow/example_dags/example_subdag_operator.py
[2023-12-12T04:41:00.529+0000] {processor.py:839} INFO - DAG(s) dict_keys(['example_subdag_operator.section-1', 'example_subdag_operator.section-2', 'example_subdag_operator']) retrieved from /home/airflow/.local/lib/python3.8/site-packages/airflow/example_dags/example_subdag_operator.py
[2023-12-12T04:41:00.543+0000] {logging_mixin.py:154} INFO - [2023-12-12T04:41:00.543+0000] {dag.py:2941} INFO - Sync 3 DAGs
[2023-12-12T04:41:00.562+0000] {logging_mixin.py:154} INFO - [2023-12-12T04:41:00.562+0000] {dag.py:3722} INFO - Setting next_dagrun for example_subdag_operator to 2022-01-01T00:00:00+00:00, run_after=2022-01-01T00:00:00+00:00
[2023-12-12T04:41:00.565+0000] {logging_mixin.py:154} INFO - [2023-12-12T04:41:00.565+0000] {dag.py:3722} INFO - Setting next_dagrun for example_subdag_operator.section-1 to None, run_after=None
[2023-12-12T04:41:00.566+0000] {logging_mixin.py:154} INFO - [2023-12-12T04:41:00.566+0000] {dag.py:3722} INFO - Setting next_dagrun for example_subdag_operator.section-2 to None, run_after=None
[2023-12-12T04:41:00.573+0000] {logging_mixin.py:154} INFO - [2023-12-12T04:41:00.573+0000] {dag.py:2941} INFO - Sync 2 DAGs
[2023-12-12T04:41:00.577+0000] {logging_mixin.py:154} INFO - [2023-12-12T04:41:00.577+0000] {dag.py:3722} INFO - Setting next_dagrun for example_subdag_operator.section-1 to None, run_after=None
[2023-12-12T04:41:00.578+0000] {logging_mixin.py:154} INFO - [2023-12-12T04:41:00.577+0000] {dag.py:3722} INFO - Setting next_dagrun for example_subdag_operator.section-2 to None, run_after=None
[2023-12-12T04:41:00.587+0000] {processor.py:179} INFO - Processing /home/airflow/.local/lib/python3.8/site-packages/airflow/example_dags/example_subdag_operator.py took 0.085 seconds
