[2023-12-12T04:39:28.147+0000] {processor.py:157} INFO - Started process (PID=272) to work on /home/airflow/.local/lib/python3.8/site-packages/airflow/example_dags/tutorial.py
[2023-12-12T04:39:28.148+0000] {processor.py:829} INFO - Processing file /home/airflow/.local/lib/python3.8/site-packages/airflow/example_dags/tutorial.py for tasks to queue
[2023-12-12T04:39:28.149+0000] {logging_mixin.py:154} INFO - [2023-12-12T04:39:28.148+0000] {dagbag.py:536} INFO - Filling up the DagBag from /home/airflow/.local/lib/python3.8/site-packages/airflow/example_dags/tutorial.py
[2023-12-12T04:39:28.158+0000] {processor.py:839} INFO - DAG(s) dict_keys(['tutorial']) retrieved from /home/airflow/.local/lib/python3.8/site-packages/airflow/example_dags/tutorial.py
[2023-12-12T04:39:28.170+0000] {logging_mixin.py:154} INFO - [2023-12-12T04:39:28.169+0000] {dag.py:2941} INFO - Sync 1 DAGs
[2023-12-12T04:39:28.196+0000] {logging_mixin.py:154} INFO - [2023-12-12T04:39:28.196+0000] {dag.py:3722} INFO - Setting next_dagrun for tutorial to 2023-12-11T04:39:28.196400+00:00, run_after=2023-12-12T04:39:28.196400+00:00
[2023-12-12T04:39:28.218+0000] {processor.py:179} INFO - Processing /home/airflow/.local/lib/python3.8/site-packages/airflow/example_dags/tutorial.py took 0.073 seconds
[2023-12-12T04:39:58.323+0000] {processor.py:157} INFO - Started process (PID=510) to work on /home/airflow/.local/lib/python3.8/site-packages/airflow/example_dags/tutorial.py
[2023-12-12T04:39:58.323+0000] {processor.py:829} INFO - Processing file /home/airflow/.local/lib/python3.8/site-packages/airflow/example_dags/tutorial.py for tasks to queue
[2023-12-12T04:39:58.324+0000] {logging_mixin.py:154} INFO - [2023-12-12T04:39:58.324+0000] {dagbag.py:536} INFO - Filling up the DagBag from /home/airflow/.local/lib/python3.8/site-packages/airflow/example_dags/tutorial.py
[2023-12-12T04:39:58.329+0000] {processor.py:839} INFO - DAG(s) dict_keys(['tutorial']) retrieved from /home/airflow/.local/lib/python3.8/site-packages/airflow/example_dags/tutorial.py
[2023-12-12T04:39:58.339+0000] {logging_mixin.py:154} INFO - [2023-12-12T04:39:58.339+0000] {dag.py:2941} INFO - Sync 1 DAGs
[2023-12-12T04:39:58.361+0000] {logging_mixin.py:154} INFO - [2023-12-12T04:39:58.361+0000] {dag.py:3722} INFO - Setting next_dagrun for tutorial to 2023-12-11T04:39:58.360973+00:00, run_after=2023-12-12T04:39:58.360973+00:00
[2023-12-12T04:39:58.378+0000] {processor.py:179} INFO - Processing /home/airflow/.local/lib/python3.8/site-packages/airflow/example_dags/tutorial.py took 0.058 seconds
[2023-12-12T04:40:29.269+0000] {processor.py:157} INFO - Started process (PID=748) to work on /home/airflow/.local/lib/python3.8/site-packages/airflow/example_dags/tutorial.py
[2023-12-12T04:40:29.270+0000] {processor.py:829} INFO - Processing file /home/airflow/.local/lib/python3.8/site-packages/airflow/example_dags/tutorial.py for tasks to queue
[2023-12-12T04:40:29.271+0000] {logging_mixin.py:154} INFO - [2023-12-12T04:40:29.271+0000] {dagbag.py:536} INFO - Filling up the DagBag from /home/airflow/.local/lib/python3.8/site-packages/airflow/example_dags/tutorial.py
[2023-12-12T04:40:29.279+0000] {processor.py:839} INFO - DAG(s) dict_keys(['tutorial']) retrieved from /home/airflow/.local/lib/python3.8/site-packages/airflow/example_dags/tutorial.py
[2023-12-12T04:40:29.301+0000] {logging_mixin.py:154} INFO - [2023-12-12T04:40:29.301+0000] {dag.py:2941} INFO - Sync 1 DAGs
[2023-12-12T04:40:29.326+0000] {logging_mixin.py:154} INFO - [2023-12-12T04:40:29.325+0000] {dag.py:3722} INFO - Setting next_dagrun for tutorial to 2023-12-11T04:40:29.325694+00:00, run_after=2023-12-12T04:40:29.325694+00:00
[2023-12-12T04:40:29.344+0000] {processor.py:179} INFO - Processing /home/airflow/.local/lib/python3.8/site-packages/airflow/example_dags/tutorial.py took 0.078 seconds
[2023-12-12T04:40:59.416+0000] {processor.py:157} INFO - Started process (PID=986) to work on /home/airflow/.local/lib/python3.8/site-packages/airflow/example_dags/tutorial.py
[2023-12-12T04:40:59.417+0000] {processor.py:829} INFO - Processing file /home/airflow/.local/lib/python3.8/site-packages/airflow/example_dags/tutorial.py for tasks to queue
[2023-12-12T04:40:59.418+0000] {logging_mixin.py:154} INFO - [2023-12-12T04:40:59.417+0000] {dagbag.py:536} INFO - Filling up the DagBag from /home/airflow/.local/lib/python3.8/site-packages/airflow/example_dags/tutorial.py
[2023-12-12T04:40:59.422+0000] {processor.py:839} INFO - DAG(s) dict_keys(['tutorial']) retrieved from /home/airflow/.local/lib/python3.8/site-packages/airflow/example_dags/tutorial.py
[2023-12-12T04:40:59.439+0000] {logging_mixin.py:154} INFO - [2023-12-12T04:40:59.439+0000] {dag.py:2941} INFO - Sync 1 DAGs
[2023-12-12T04:40:59.458+0000] {logging_mixin.py:154} INFO - [2023-12-12T04:40:59.458+0000] {dag.py:3722} INFO - Setting next_dagrun for tutorial to 2023-12-11T04:40:59.458581+00:00, run_after=2023-12-12T04:40:59.458581+00:00
[2023-12-12T04:40:59.474+0000] {processor.py:179} INFO - Processing /home/airflow/.local/lib/python3.8/site-packages/airflow/example_dags/tutorial.py took 0.060 seconds
