[2023-12-12T04:39:27.985+0000] {processor.py:157} INFO - Started process (PID=252) to work on /home/airflow/.local/lib/python3.8/site-packages/airflow/example_dags/tutorial_dag.py
[2023-12-12T04:39:27.985+0000] {processor.py:829} INFO - Processing file /home/airflow/.local/lib/python3.8/site-packages/airflow/example_dags/tutorial_dag.py for tasks to queue
[2023-12-12T04:39:27.986+0000] {logging_mixin.py:154} INFO - [2023-12-12T04:39:27.986+0000] {dagbag.py:536} INFO - Filling up the DagBag from /home/airflow/.local/lib/python3.8/site-packages/airflow/example_dags/tutorial_dag.py
[2023-12-12T04:39:27.993+0000] {processor.py:839} INFO - DAG(s) dict_keys(['tutorial_dag']) retrieved from /home/airflow/.local/lib/python3.8/site-packages/airflow/example_dags/tutorial_dag.py
[2023-12-12T04:39:28.005+0000] {logging_mixin.py:154} INFO - [2023-12-12T04:39:28.004+0000] {dag.py:2941} INFO - Sync 1 DAGs
[2023-12-12T04:39:28.022+0000] {logging_mixin.py:154} INFO - [2023-12-12T04:39:28.022+0000] {dag.py:3722} INFO - Setting next_dagrun for tutorial_dag to None, run_after=None
[2023-12-12T04:39:28.043+0000] {processor.py:179} INFO - Processing /home/airflow/.local/lib/python3.8/site-packages/airflow/example_dags/tutorial_dag.py took 0.061 seconds
[2023-12-12T04:39:58.191+0000] {processor.py:157} INFO - Started process (PID=490) to work on /home/airflow/.local/lib/python3.8/site-packages/airflow/example_dags/tutorial_dag.py
[2023-12-12T04:39:58.191+0000] {processor.py:829} INFO - Processing file /home/airflow/.local/lib/python3.8/site-packages/airflow/example_dags/tutorial_dag.py for tasks to queue
[2023-12-12T04:39:58.192+0000] {logging_mixin.py:154} INFO - [2023-12-12T04:39:58.192+0000] {dagbag.py:536} INFO - Filling up the DagBag from /home/airflow/.local/lib/python3.8/site-packages/airflow/example_dags/tutorial_dag.py
[2023-12-12T04:39:58.196+0000] {processor.py:839} INFO - DAG(s) dict_keys(['tutorial_dag']) retrieved from /home/airflow/.local/lib/python3.8/site-packages/airflow/example_dags/tutorial_dag.py
[2023-12-12T04:39:58.206+0000] {logging_mixin.py:154} INFO - [2023-12-12T04:39:58.205+0000] {dag.py:2941} INFO - Sync 1 DAGs
[2023-12-12T04:39:58.218+0000] {logging_mixin.py:154} INFO - [2023-12-12T04:39:58.218+0000] {dag.py:3722} INFO - Setting next_dagrun for tutorial_dag to None, run_after=None
[2023-12-12T04:39:58.235+0000] {processor.py:179} INFO - Processing /home/airflow/.local/lib/python3.8/site-packages/airflow/example_dags/tutorial_dag.py took 0.047 seconds
[2023-12-12T04:40:29.081+0000] {processor.py:157} INFO - Started process (PID=728) to work on /home/airflow/.local/lib/python3.8/site-packages/airflow/example_dags/tutorial_dag.py
[2023-12-12T04:40:29.082+0000] {processor.py:829} INFO - Processing file /home/airflow/.local/lib/python3.8/site-packages/airflow/example_dags/tutorial_dag.py for tasks to queue
[2023-12-12T04:40:29.083+0000] {logging_mixin.py:154} INFO - [2023-12-12T04:40:29.082+0000] {dagbag.py:536} INFO - Filling up the DagBag from /home/airflow/.local/lib/python3.8/site-packages/airflow/example_dags/tutorial_dag.py
[2023-12-12T04:40:29.089+0000] {processor.py:839} INFO - DAG(s) dict_keys(['tutorial_dag']) retrieved from /home/airflow/.local/lib/python3.8/site-packages/airflow/example_dags/tutorial_dag.py
[2023-12-12T04:40:29.112+0000] {logging_mixin.py:154} INFO - [2023-12-12T04:40:29.111+0000] {dag.py:2941} INFO - Sync 1 DAGs
[2023-12-12T04:40:29.126+0000] {logging_mixin.py:154} INFO - [2023-12-12T04:40:29.126+0000] {dag.py:3722} INFO - Setting next_dagrun for tutorial_dag to None, run_after=None
[2023-12-12T04:40:29.148+0000] {processor.py:179} INFO - Processing /home/airflow/.local/lib/python3.8/site-packages/airflow/example_dags/tutorial_dag.py took 0.070 seconds
[2023-12-12T04:40:59.212+0000] {processor.py:157} INFO - Started process (PID=966) to work on /home/airflow/.local/lib/python3.8/site-packages/airflow/example_dags/tutorial_dag.py
[2023-12-12T04:40:59.212+0000] {processor.py:829} INFO - Processing file /home/airflow/.local/lib/python3.8/site-packages/airflow/example_dags/tutorial_dag.py for tasks to queue
[2023-12-12T04:40:59.213+0000] {logging_mixin.py:154} INFO - [2023-12-12T04:40:59.213+0000] {dagbag.py:536} INFO - Filling up the DagBag from /home/airflow/.local/lib/python3.8/site-packages/airflow/example_dags/tutorial_dag.py
[2023-12-12T04:40:59.218+0000] {processor.py:839} INFO - DAG(s) dict_keys(['tutorial_dag']) retrieved from /home/airflow/.local/lib/python3.8/site-packages/airflow/example_dags/tutorial_dag.py
[2023-12-12T04:40:59.236+0000] {logging_mixin.py:154} INFO - [2023-12-12T04:40:59.236+0000] {dag.py:2941} INFO - Sync 1 DAGs
[2023-12-12T04:40:59.246+0000] {logging_mixin.py:154} INFO - [2023-12-12T04:40:59.246+0000] {dag.py:3722} INFO - Setting next_dagrun for tutorial_dag to None, run_after=None
[2023-12-12T04:40:59.271+0000] {processor.py:179} INFO - Processing /home/airflow/.local/lib/python3.8/site-packages/airflow/example_dags/tutorial_dag.py took 0.062 seconds
